26-10-2015@13:55:04 INFO  (WalmartGenerateLink.java:38)     - Se ejecuta Walmart Link Generator Cesarfer
26-10-2015@13:55:04 INFO  (Utileria.java:113)     - old date: Sun Oct 25 13:55:04 CST 2015
26-10-2015@13:55:04 INFO  (Utileria.java:113)     - old date: Sat Oct 24 13:55:04 CDT 2015
26-10-2015@13:55:04 INFO  (Utileria.java:113)     - old date: Fri Oct 23 13:55:04 CDT 2015
26-10-2015@13:55:04 INFO  (Utileria.java:113)     - old date: Thu Oct 22 13:55:04 CDT 2015
26-10-2015@13:55:04 INFO  (Utileria.java:113)     - old date: Wed Oct 21 13:55:04 CDT 2015
26-10-2015@13:55:04 INFO  (Utileria.java:113)     - old date: Tue Oct 20 13:55:04 CDT 2015
26-10-2015@13:55:04 INFO  (Utileria.java:113)     - old date: Mon Oct 19 13:55:04 CDT 2015
26-10-2015@13:55:04 INFO  (Utileria.java:113)     - old date: Sun Oct 18 13:55:04 CDT 2015
26-10-2015@13:55:04 INFO  (Utileria.java:113)     - old date: Sat Oct 17 13:55:04 CDT 2015
26-10-2015@13:55:04 INFO  (Utileria.java:113)     - old date: Fri Oct 16 13:55:04 CDT 2015
26-10-2015@13:55:04 INFO  (Utileria.java:125)     - C:\Users\Aldo\Documents\ProyectosJava\Cesarfer\CesarferFilesData
26-10-2015@13:57:22 INFO  (WalmartGenerateLink.java:38)     - Se ejecuta Walmart Link Generator Cesarfer
26-10-2015@13:57:22 INFO  (Utileria.java:113)     - old date: Sun Oct 25 13:57:22 CST 2015
26-10-2015@13:57:22 INFO  (Utileria.java:113)     - old date: Sat Oct 24 13:57:22 CDT 2015
26-10-2015@13:57:22 INFO  (Utileria.java:113)     - old date: Fri Oct 23 13:57:22 CDT 2015
26-10-2015@13:57:22 INFO  (Utileria.java:113)     - old date: Thu Oct 22 13:57:22 CDT 2015
26-10-2015@13:57:22 INFO  (Utileria.java:113)     - old date: Wed Oct 21 13:57:22 CDT 2015
26-10-2015@13:57:22 INFO  (Utileria.java:113)     - old date: Tue Oct 20 13:57:22 CDT 2015
26-10-2015@13:57:22 INFO  (Utileria.java:113)     - old date: Mon Oct 19 13:57:22 CDT 2015
26-10-2015@13:57:22 INFO  (Utileria.java:113)     - old date: Sun Oct 18 13:57:22 CDT 2015
26-10-2015@13:57:22 INFO  (Utileria.java:113)     - old date: Sat Oct 17 13:57:22 CDT 2015
26-10-2015@13:57:22 INFO  (Utileria.java:113)     - old date: Fri Oct 16 13:57:22 CDT 2015
26-10-2015@13:57:22 INFO  (Utileria.java:125)     - C:\Users\Aldo\Documents\ProyectosJava\Cesarfer\CesarferFilesDatawalmart\walmart-files
26-10-2015@13:57:52 INFO  (WalmartGenerateLink.java:38)     - Se ejecuta Walmart Link Generator Cesarfer
26-10-2015@13:57:52 INFO  (Utileria.java:113)     - old date: Sun Oct 25 13:57:52 CST 2015
26-10-2015@13:57:52 INFO  (Utileria.java:113)     - old date: Sat Oct 24 13:57:52 CDT 2015
26-10-2015@13:57:52 INFO  (Utileria.java:113)     - old date: Fri Oct 23 13:57:52 CDT 2015
26-10-2015@13:57:52 INFO  (Utileria.java:113)     - old date: Thu Oct 22 13:57:52 CDT 2015
26-10-2015@13:57:52 INFO  (Utileria.java:113)     - old date: Wed Oct 21 13:57:52 CDT 2015
26-10-2015@13:57:52 INFO  (Utileria.java:113)     - old date: Tue Oct 20 13:57:52 CDT 2015
26-10-2015@13:57:52 INFO  (Utileria.java:113)     - old date: Mon Oct 19 13:57:52 CDT 2015
26-10-2015@13:57:52 INFO  (Utileria.java:113)     - old date: Sun Oct 18 13:57:52 CDT 2015
26-10-2015@13:57:52 INFO  (Utileria.java:113)     - old date: Sat Oct 17 13:57:52 CDT 2015
26-10-2015@13:57:52 INFO  (Utileria.java:113)     - old date: Fri Oct 16 13:57:52 CDT 2015
26-10-2015@13:57:52 INFO  (Utileria.java:125)     - C:\Users\Aldo\Documents\ProyectosJava\Cesarfer\CesarferFilesData\walmart\walmart-files
26-10-2015@14:00:55 INFO  (WalmartGenerateLink.java:38)     - Se ejecuta Walmart Link Generator Cesarfer
26-10-2015@14:00:55 INFO  (Utileria.java:113)     - old date: Sun Oct 25 14:00:55 CST 2015
26-10-2015@14:00:55 INFO  (Utileria.java:113)     - old date: Sat Oct 24 14:00:55 CDT 2015
26-10-2015@14:00:55 INFO  (Utileria.java:113)     - old date: Fri Oct 23 14:00:55 CDT 2015
26-10-2015@14:00:55 INFO  (Utileria.java:113)     - old date: Thu Oct 22 14:00:55 CDT 2015
26-10-2015@14:00:55 INFO  (Utileria.java:113)     - old date: Wed Oct 21 14:00:55 CDT 2015
26-10-2015@14:00:55 INFO  (Utileria.java:113)     - old date: Tue Oct 20 14:00:55 CDT 2015
26-10-2015@14:00:55 INFO  (Utileria.java:113)     - old date: Mon Oct 19 14:00:55 CDT 2015
26-10-2015@14:00:55 INFO  (Utileria.java:113)     - old date: Sun Oct 18 14:00:55 CDT 2015
26-10-2015@14:00:55 INFO  (Utileria.java:113)     - old date: Sat Oct 17 14:00:55 CDT 2015
26-10-2015@14:00:55 INFO  (Utileria.java:113)     - old date: Fri Oct 16 14:00:55 CDT 2015
26-10-2015@14:00:55 INFO  (Utileria.java:126)     - C:\Users\Aldo\Documents\ProyectosJava\Cesarfer\CesarferFilesData\walmart\walmart-files\walmart_10-25-2015
26-10-2015@14:33:21 INFO  (WalmartGenerateLink.java:33)     - Se ejecuta Walmart Link Generator Cesarfer
26-10-2015@14:33:21 INFO  (Utileria.java:114)     - old date: Sun Oct 25 14:33:21 CST 2015
26-10-2015@14:33:21 INFO  (Utileria.java:114)     - old date: Sat Oct 24 14:33:21 CDT 2015
26-10-2015@14:33:21 INFO  (Utileria.java:114)     - old date: Fri Oct 23 14:33:21 CDT 2015
26-10-2015@14:33:21 INFO  (Utileria.java:114)     - old date: Thu Oct 22 14:33:21 CDT 2015
26-10-2015@14:33:21 INFO  (Utileria.java:114)     - old date: Wed Oct 21 14:33:21 CDT 2015
26-10-2015@14:33:21 INFO  (Utileria.java:114)     - old date: Tue Oct 20 14:33:21 CDT 2015
26-10-2015@14:33:21 INFO  (Utileria.java:114)     - old date: Mon Oct 19 14:33:21 CDT 2015
26-10-2015@14:33:21 INFO  (Utileria.java:114)     - old date: Sun Oct 18 14:33:21 CDT 2015
26-10-2015@14:33:21 INFO  (Utileria.java:114)     - old date: Sat Oct 17 14:33:21 CDT 2015
26-10-2015@14:33:21 INFO  (Utileria.java:114)     - old date: Fri Oct 16 14:33:21 CDT 2015
26-10-2015@14:33:21 INFO  (Utileria.java:137)     - [+]Archivo no encontrado...comienza la generación del link
26-10-2015@14:33:21 INFO  (WalmartGenerateLink.java:47)     - Comienza descarga de archivo walmart_10-25-2015
26-10-2015@14:33:34 INFO  (Utileria.java:137)     - [+]Archivo no encontrado...comienza la generación del link
26-10-2015@14:33:34 INFO  (WalmartGenerateLink.java:47)     - Comienza descarga de archivo walmart_10-24-2015
26-10-2015@14:33:39 INFO  (Utileria.java:137)     - [+]Archivo no encontrado...comienza la generación del link
26-10-2015@14:33:39 INFO  (WalmartGenerateLink.java:47)     - Comienza descarga de archivo walmart_10-23-2015
26-10-2015@14:33:45 INFO  (Utileria.java:137)     - [+]Archivo no encontrado...comienza la generación del link
26-10-2015@14:33:45 INFO  (WalmartGenerateLink.java:47)     - Comienza descarga de archivo walmart_10-22-2015
26-10-2015@14:33:50 INFO  (Utileria.java:137)     - [+]Archivo no encontrado...comienza la generación del link
26-10-2015@14:33:50 INFO  (WalmartGenerateLink.java:47)     - Comienza descarga de archivo walmart_10-21-2015
26-10-2015@14:33:55 INFO  (Utileria.java:137)     - [+]Archivo no encontrado...comienza la generación del link
26-10-2015@14:33:55 INFO  (WalmartGenerateLink.java:47)     - Comienza descarga de archivo walmart_10-20-2015
26-10-2015@14:34:00 INFO  (Utileria.java:137)     - [+]Archivo no encontrado...comienza la generación del link
26-10-2015@14:34:00 INFO  (WalmartGenerateLink.java:47)     - Comienza descarga de archivo walmart_10-19-2015
26-10-2015@14:34:05 INFO  (Utileria.java:137)     - [+]Archivo no encontrado...comienza la generación del link
26-10-2015@14:34:05 INFO  (WalmartGenerateLink.java:47)     - Comienza descarga de archivo walmart_10-18-2015
26-10-2015@14:34:10 INFO  (Utileria.java:137)     - [+]Archivo no encontrado...comienza la generación del link
26-10-2015@14:34:10 INFO  (WalmartGenerateLink.java:47)     - Comienza descarga de archivo walmart_10-17-2015
26-10-2015@14:34:15 INFO  (Utileria.java:137)     - [+]Archivo no encontrado...comienza la generación del link
26-10-2015@14:34:15 INFO  (WalmartGenerateLink.java:47)     - Comienza descarga de archivo walmart_10-16-2015
26-10-2015@14:34:21 INFO  (WalmartGenerateLink.java:59)     - [-]Termina ejecución del portal Walmart Cesarfer
