01-12-2016@20:51:13 INFO  (MartiDownload.java:69)     - MAIN: Se ejecuta Marti underarmour
01-12-2016@20:51:14 INFO  (Utileria.java:257)     - old date: Sat Oct 01 00:00:00 CDT 2016
01-12-2016@20:51:14 INFO  (Utileria.java:257)     - old date: Sun Oct 02 00:00:00 CDT 2016
01-12-2016@20:51:14 INFO  (Utileria.java:257)     - old date: Mon Oct 03 00:00:00 CDT 2016
01-12-2016@20:51:14 INFO  (Utileria.java:257)     - old date: Tue Oct 04 00:00:00 CDT 2016
01-12-2016@20:51:14 INFO  (Utileria.java:257)     - old date: Wed Oct 05 00:00:00 CDT 2016
01-12-2016@20:51:14 INFO  (Utileria.java:257)     - old date: Thu Oct 06 00:00:00 CDT 2016
01-12-2016@20:51:14 INFO  (Utileria.java:257)     - old date: Fri Oct 07 00:00:00 CDT 2016
01-12-2016@20:51:14 INFO  (Utileria.java:257)     - old date: Sat Oct 08 00:00:00 CDT 2016
01-12-2016@20:51:14 INFO  (Utileria.java:257)     - old date: Sun Oct 09 00:00:00 CDT 2016
01-12-2016@20:51:14 INFO  (Utileria.java:257)     - old date: Mon Oct 10 00:00:00 CDT 2016
01-12-2016@20:51:14 INFO  (Utileria.java:257)     - old date: Tue Oct 11 00:00:00 CDT 2016
01-12-2016@20:51:14 INFO  (Utileria.java:257)     - old date: Wed Oct 12 00:00:00 CDT 2016
01-12-2016@20:51:14 INFO  (Utileria.java:257)     - old date: Thu Oct 13 00:00:00 CDT 2016
01-12-2016@20:51:14 INFO  (Utileria.java:257)     - old date: Fri Oct 14 00:00:00 CDT 2016
01-12-2016@20:51:14 INFO  (Utileria.java:257)     - old date: Sat Oct 15 00:00:00 CDT 2016
01-12-2016@20:51:14 INFO  (Utileria.java:257)     - old date: Sun Oct 16 00:00:00 CDT 2016
01-12-2016@20:51:14 INFO  (Utileria.java:257)     - old date: Mon Oct 17 00:00:00 CDT 2016
01-12-2016@20:51:14 INFO  (Utileria.java:257)     - old date: Tue Oct 18 00:00:00 CDT 2016
01-12-2016@20:51:14 INFO  (Utileria.java:257)     - old date: Wed Oct 19 00:00:00 CDT 2016
01-12-2016@20:51:14 INFO  (Utileria.java:257)     - old date: Thu Oct 20 00:00:00 CDT 2016
01-12-2016@20:51:14 INFO  (Utileria.java:257)     - old date: Fri Oct 21 00:00:00 CDT 2016
01-12-2016@20:51:14 INFO  (Utileria.java:257)     - old date: Sat Oct 22 00:00:00 CDT 2016
01-12-2016@20:51:14 INFO  (Utileria.java:257)     - old date: Sun Oct 23 00:00:00 CDT 2016
01-12-2016@20:51:14 INFO  (Utileria.java:257)     - old date: Mon Oct 24 00:00:00 CDT 2016
01-12-2016@20:51:14 INFO  (Utileria.java:257)     - old date: Tue Oct 25 00:00:00 CDT 2016
01-12-2016@20:51:14 INFO  (Utileria.java:257)     - old date: Wed Oct 26 00:00:00 CDT 2016
01-12-2016@20:51:14 INFO  (Utileria.java:257)     - old date: Thu Oct 27 00:00:00 CDT 2016
01-12-2016@20:51:14 INFO  (Utileria.java:257)     - old date: Fri Oct 28 00:00:00 CDT 2016
01-12-2016@20:51:14 INFO  (Utileria.java:257)     - old date: Sat Oct 29 00:00:00 CDT 2016
01-12-2016@20:51:14 INFO  (Utileria.java:257)     - old date: Sun Oct 30 00:00:00 CDT 2016
01-12-2016@20:51:14 INFO  (Utileria.java:257)     - old date: Mon Oct 31 00:00:00 CDT 2016
01-12-2016@20:51:14 INFO  (Utileria.java:257)     - old date: Tue Nov 01 00:00:00 CDT 2016
01-12-2016@20:51:14 INFO  (Utileria.java:257)     - old date: Wed Nov 02 00:00:00 CDT 2016
01-12-2016@20:51:14 INFO  (Utileria.java:257)     - old date: Thu Nov 03 00:00:00 CDT 2016
01-12-2016@20:51:14 INFO  (Utileria.java:257)     - old date: Fri Nov 04 00:00:00 CDT 2016
01-12-2016@20:51:14 INFO  (Utileria.java:257)     - old date: Sat Nov 05 00:00:00 CDT 2016
01-12-2016@20:51:14 INFO  (Utileria.java:257)     - old date: Sun Nov 06 00:00:00 CDT 2016
01-12-2016@20:51:14 INFO  (Utileria.java:257)     - old date: Mon Nov 07 00:00:00 CST 2016
01-12-2016@20:51:14 INFO  (Utileria.java:257)     - old date: Tue Nov 08 00:00:00 CST 2016
01-12-2016@20:51:14 INFO  (Utileria.java:257)     - old date: Wed Nov 09 00:00:00 CST 2016
01-12-2016@20:51:14 INFO  (Utileria.java:257)     - old date: Thu Nov 10 00:00:00 CST 2016
01-12-2016@20:51:14 INFO  (Utileria.java:257)     - old date: Fri Nov 11 00:00:00 CST 2016
01-12-2016@20:51:14 INFO  (Utileria.java:257)     - old date: Sat Nov 12 00:00:00 CST 2016
01-12-2016@20:51:14 INFO  (Utileria.java:257)     - old date: Sun Nov 13 00:00:00 CST 2016
01-12-2016@20:51:14 INFO  (Utileria.java:257)     - old date: Mon Nov 14 00:00:00 CST 2016
01-12-2016@20:51:14 INFO  (Utileria.java:257)     - old date: Tue Nov 15 00:00:00 CST 2016
01-12-2016@20:51:14 INFO  (Utileria.java:257)     - old date: Wed Nov 16 00:00:00 CST 2016
01-12-2016@20:51:14 INFO  (Utileria.java:257)     - old date: Thu Nov 17 00:00:00 CST 2016
01-12-2016@20:51:14 INFO  (Utileria.java:257)     - old date: Fri Nov 18 00:00:00 CST 2016
01-12-2016@20:51:14 INFO  (Utileria.java:257)     - old date: Sat Nov 19 00:00:00 CST 2016
01-12-2016@20:51:14 INFO  (Utileria.java:257)     - old date: Sun Nov 20 00:00:00 CST 2016
01-12-2016@20:51:14 INFO  (Utileria.java:257)     - old date: Mon Nov 21 00:00:00 CST 2016
01-12-2016@20:51:14 INFO  (Utileria.java:257)     - old date: Tue Nov 22 00:00:00 CST 2016
01-12-2016@20:51:14 INFO  (Utileria.java:257)     - old date: Wed Nov 23 00:00:00 CST 2016
01-12-2016@20:51:14 INFO  (Utileria.java:257)     - old date: Thu Nov 24 00:00:00 CST 2016
01-12-2016@20:51:14 INFO  (Utileria.java:257)     - old date: Fri Nov 25 00:00:00 CST 2016
01-12-2016@20:51:14 INFO  (Utileria.java:257)     - old date: Sat Nov 26 00:00:00 CST 2016
01-12-2016@20:51:14 INFO  (Utileria.java:257)     - old date: Sun Nov 27 00:00:00 CST 2016
01-12-2016@20:51:14 INFO  (Utileria.java:257)     - old date: Mon Nov 28 00:00:00 CST 2016
01-12-2016@20:51:14 INFO  (Utileria.java:257)     - old date: Tue Nov 29 00:00:00 CST 2016
01-12-2016@20:51:14 INFO  (Utileria.java:257)     - old date: Wed Nov 30 00:00:00 CST 2016
01-12-2016@20:51:14 INFO  (Utileria.java:522)     - CHECKEXIST: Archivo no encontrado...comienza la generación/descarga del link/archivo
01-12-2016@20:51:14 INFO  (MartiDownload.java:83)     - MAIN: Comienza descarga de archivo marti_01112016
01-12-2016@20:51:17 INFO  (MartiDownload.java:164)     - Fecha de descarga: 01112016
01-12-2016@20:51:17 INFO  (MartiDownload.java:169)     - Fecha de fdDay: 01
01-12-2016@20:51:17 INFO  (MartiDownload.java:170)     - Fecha de fdMonth: 11
01-12-2016@20:51:17 INFO  (MartiDownload.java:171)     - Fecha de fdYear: 2016
01-12-2016@20:52:04 INFO  (MartiDownload.java:69)     - MAIN: Se ejecuta Marti underarmour
01-12-2016@20:52:04 INFO  (Utileria.java:257)     - old date: Sat Oct 01 00:00:00 CDT 2016
01-12-2016@20:52:04 INFO  (Utileria.java:257)     - old date: Sun Oct 02 00:00:00 CDT 2016
01-12-2016@20:52:04 INFO  (Utileria.java:257)     - old date: Mon Oct 03 00:00:00 CDT 2016
01-12-2016@20:52:04 INFO  (Utileria.java:257)     - old date: Tue Oct 04 00:00:00 CDT 2016
01-12-2016@20:52:04 INFO  (Utileria.java:257)     - old date: Wed Oct 05 00:00:00 CDT 2016
01-12-2016@20:52:04 INFO  (Utileria.java:257)     - old date: Thu Oct 06 00:00:00 CDT 2016
01-12-2016@20:52:04 INFO  (Utileria.java:257)     - old date: Fri Oct 07 00:00:00 CDT 2016
01-12-2016@20:52:04 INFO  (Utileria.java:257)     - old date: Sat Oct 08 00:00:00 CDT 2016
01-12-2016@20:52:04 INFO  (Utileria.java:257)     - old date: Sun Oct 09 00:00:00 CDT 2016
01-12-2016@20:52:04 INFO  (Utileria.java:257)     - old date: Mon Oct 10 00:00:00 CDT 2016
01-12-2016@20:52:04 INFO  (Utileria.java:257)     - old date: Tue Oct 11 00:00:00 CDT 2016
01-12-2016@20:52:04 INFO  (Utileria.java:257)     - old date: Wed Oct 12 00:00:00 CDT 2016
01-12-2016@20:52:04 INFO  (Utileria.java:257)     - old date: Thu Oct 13 00:00:00 CDT 2016
01-12-2016@20:52:04 INFO  (Utileria.java:257)     - old date: Fri Oct 14 00:00:00 CDT 2016
01-12-2016@20:52:04 INFO  (Utileria.java:257)     - old date: Sat Oct 15 00:00:00 CDT 2016
01-12-2016@20:52:04 INFO  (Utileria.java:257)     - old date: Sun Oct 16 00:00:00 CDT 2016
01-12-2016@20:52:04 INFO  (Utileria.java:257)     - old date: Mon Oct 17 00:00:00 CDT 2016
01-12-2016@20:52:04 INFO  (Utileria.java:257)     - old date: Tue Oct 18 00:00:00 CDT 2016
01-12-2016@20:52:04 INFO  (Utileria.java:257)     - old date: Wed Oct 19 00:00:00 CDT 2016
01-12-2016@20:52:04 INFO  (Utileria.java:257)     - old date: Thu Oct 20 00:00:00 CDT 2016
01-12-2016@20:52:04 INFO  (Utileria.java:257)     - old date: Fri Oct 21 00:00:00 CDT 2016
01-12-2016@20:52:04 INFO  (Utileria.java:257)     - old date: Sat Oct 22 00:00:00 CDT 2016
01-12-2016@20:52:04 INFO  (Utileria.java:257)     - old date: Sun Oct 23 00:00:00 CDT 2016
01-12-2016@20:52:04 INFO  (Utileria.java:257)     - old date: Mon Oct 24 00:00:00 CDT 2016
01-12-2016@20:52:04 INFO  (Utileria.java:257)     - old date: Tue Oct 25 00:00:00 CDT 2016
01-12-2016@20:52:04 INFO  (Utileria.java:257)     - old date: Wed Oct 26 00:00:00 CDT 2016
01-12-2016@20:52:04 INFO  (Utileria.java:257)     - old date: Thu Oct 27 00:00:00 CDT 2016
01-12-2016@20:52:04 INFO  (Utileria.java:257)     - old date: Fri Oct 28 00:00:00 CDT 2016
01-12-2016@20:52:04 INFO  (Utileria.java:257)     - old date: Sat Oct 29 00:00:00 CDT 2016
01-12-2016@20:52:04 INFO  (Utileria.java:257)     - old date: Sun Oct 30 00:00:00 CDT 2016
01-12-2016@20:52:04 INFO  (Utileria.java:257)     - old date: Mon Oct 31 00:00:00 CDT 2016
01-12-2016@20:52:04 INFO  (Utileria.java:257)     - old date: Tue Nov 01 00:00:00 CDT 2016
01-12-2016@20:52:04 INFO  (Utileria.java:257)     - old date: Wed Nov 02 00:00:00 CDT 2016
01-12-2016@20:52:04 INFO  (Utileria.java:257)     - old date: Thu Nov 03 00:00:00 CDT 2016
01-12-2016@20:52:04 INFO  (Utileria.java:257)     - old date: Fri Nov 04 00:00:00 CDT 2016
01-12-2016@20:52:04 INFO  (Utileria.java:257)     - old date: Sat Nov 05 00:00:00 CDT 2016
01-12-2016@20:52:04 INFO  (Utileria.java:257)     - old date: Sun Nov 06 00:00:00 CDT 2016
01-12-2016@20:52:04 INFO  (Utileria.java:257)     - old date: Mon Nov 07 00:00:00 CST 2016
01-12-2016@20:52:04 INFO  (Utileria.java:257)     - old date: Tue Nov 08 00:00:00 CST 2016
01-12-2016@20:52:04 INFO  (Utileria.java:257)     - old date: Wed Nov 09 00:00:00 CST 2016
01-12-2016@20:52:04 INFO  (Utileria.java:257)     - old date: Thu Nov 10 00:00:00 CST 2016
01-12-2016@20:52:04 INFO  (Utileria.java:257)     - old date: Fri Nov 11 00:00:00 CST 2016
01-12-2016@20:52:04 INFO  (Utileria.java:257)     - old date: Sat Nov 12 00:00:00 CST 2016
01-12-2016@20:52:04 INFO  (Utileria.java:257)     - old date: Sun Nov 13 00:00:00 CST 2016
01-12-2016@20:52:04 INFO  (Utileria.java:257)     - old date: Mon Nov 14 00:00:00 CST 2016
01-12-2016@20:52:04 INFO  (Utileria.java:257)     - old date: Tue Nov 15 00:00:00 CST 2016
01-12-2016@20:52:04 INFO  (Utileria.java:257)     - old date: Wed Nov 16 00:00:00 CST 2016
01-12-2016@20:52:04 INFO  (Utileria.java:257)     - old date: Thu Nov 17 00:00:00 CST 2016
01-12-2016@20:52:04 INFO  (Utileria.java:257)     - old date: Fri Nov 18 00:00:00 CST 2016
01-12-2016@20:52:04 INFO  (Utileria.java:257)     - old date: Sat Nov 19 00:00:00 CST 2016
01-12-2016@20:52:04 INFO  (Utileria.java:257)     - old date: Sun Nov 20 00:00:00 CST 2016
01-12-2016@20:52:04 INFO  (Utileria.java:257)     - old date: Mon Nov 21 00:00:00 CST 2016
01-12-2016@20:52:04 INFO  (Utileria.java:257)     - old date: Tue Nov 22 00:00:00 CST 2016
01-12-2016@20:52:04 INFO  (Utileria.java:257)     - old date: Wed Nov 23 00:00:00 CST 2016
01-12-2016@20:52:04 INFO  (Utileria.java:257)     - old date: Thu Nov 24 00:00:00 CST 2016
01-12-2016@20:52:04 INFO  (Utileria.java:257)     - old date: Fri Nov 25 00:00:00 CST 2016
01-12-2016@20:52:04 INFO  (Utileria.java:257)     - old date: Sat Nov 26 00:00:00 CST 2016
01-12-2016@20:52:04 INFO  (Utileria.java:257)     - old date: Sun Nov 27 00:00:00 CST 2016
01-12-2016@20:52:04 INFO  (Utileria.java:257)     - old date: Mon Nov 28 00:00:00 CST 2016
01-12-2016@20:52:04 INFO  (Utileria.java:257)     - old date: Tue Nov 29 00:00:00 CST 2016
01-12-2016@20:52:04 INFO  (Utileria.java:257)     - old date: Wed Nov 30 00:00:00 CST 2016
01-12-2016@20:52:04 INFO  (Utileria.java:522)     - CHECKEXIST: Archivo no encontrado...comienza la generación/descarga del link/archivo
01-12-2016@20:52:04 INFO  (MartiDownload.java:83)     - MAIN: Comienza descarga de archivo marti_01112016
01-12-2016@20:52:07 INFO  (MartiDownload.java:164)     - Fecha de descarga: 01112016
01-12-2016@20:52:07 INFO  (MartiDownload.java:169)     - Fecha de fdDay: 01
01-12-2016@20:52:07 INFO  (MartiDownload.java:170)     - Fecha de fdMonth: 11
01-12-2016@20:52:07 INFO  (MartiDownload.java:171)     - Fecha de fdYear: 2016
01-12-2016@20:53:37 INFO  (Utileria.java:522)     - CHECKEXIST: Archivo no encontrado...comienza la generación/descarga del link/archivo
01-12-2016@20:53:37 INFO  (MartiDownload.java:83)     - MAIN: Comienza descarga de archivo marti_02112016
01-12-2016@20:53:41 INFO  (MartiDownload.java:164)     - Fecha de descarga: 02112016
01-12-2016@20:53:41 INFO  (MartiDownload.java:169)     - Fecha de fdDay: 02
01-12-2016@20:53:41 INFO  (MartiDownload.java:170)     - Fecha de fdMonth: 11
01-12-2016@20:53:41 INFO  (MartiDownload.java:171)     - Fecha de fdYear: 2016
