01-12-2016@10:17:25 INFO  (Utileria.java:258)     - old date: Sun Nov 27 00:00:00 CST 2016
01-12-2016@10:17:25 INFO  (Utileria.java:258)     - old date: Mon Nov 28 00:00:00 CST 2016
01-12-2016@10:17:25 INFO  (Utileria.java:258)     - old date: Tue Nov 29 00:00:00 CST 2016
01-12-2016@10:17:25 INFO  (Utileria.java:523)     - CHECKEXIST: Archivo no encontrado...comienza la generaci贸n/descarga del link/archivo
01-12-2016@10:17:25 INFO  (LiverpoolDownload.java:73)     - MAIN: Comienza descarga de archivo liverpool_15112016
01-12-2016@10:17:25 INFO  (LiverpoolDownload.java:338)     - [-]Portal Liverpool Cesarfer Desactivado
01-12-2016@10:17:25 INFO  (Utileria.java:523)     - CHECKEXIST: Archivo no encontrado...comienza la generaci贸n/descarga del link/archivo
01-12-2016@10:17:25 INFO  (LiverpoolDownload.java:73)     - MAIN: Comienza descarga de archivo liverpool_16112016
01-12-2016@10:17:25 INFO  (LiverpoolDownload.java:338)     - [-]Portal Liverpool Cesarfer Desactivado
01-12-2016@10:17:25 INFO  (Utileria.java:523)     - CHECKEXIST: Archivo no encontrado...comienza la generaci贸n/descarga del link/archivo
01-12-2016@10:17:25 INFO  (LiverpoolDownload.java:73)     - MAIN: Comienza descarga de archivo liverpool_17112016
01-12-2016@10:17:25 INFO  (LiverpoolDownload.java:338)     - [-]Portal Liverpool Cesarfer Desactivado
01-12-2016@10:17:25 INFO  (Utileria.java:523)     - CHECKEXIST: Archivo no encontrado...comienza la generaci贸n/descarga del link/archivo
01-12-2016@10:17:25 INFO  (LiverpoolDownload.java:73)     - MAIN: Comienza descarga de archivo liverpool_18112016
01-12-2016@10:17:25 INFO  (LiverpoolDownload.java:338)     - [-]Portal Liverpool Cesarfer Desactivado
01-12-2016@10:17:25 INFO  (Utileria.java:523)     - CHECKEXIST: Archivo no encontrado...comienza la generaci贸n/descarga del link/archivo
01-12-2016@10:17:25 INFO  (LiverpoolDownload.java:73)     - MAIN: Comienza descarga de archivo liverpool_19112016
01-12-2016@10:17:25 INFO  (LiverpoolDownload.java:338)     - [-]Portal Liverpool Cesarfer Desactivado
01-12-2016@10:17:25 INFO  (Utileria.java:523)     - CHECKEXIST: Archivo no encontrado...comienza la generaci贸n/descarga del link/archivo
01-12-2016@10:17:25 INFO  (LiverpoolDownload.java:73)     - MAIN: Comienza descarga de archivo liverpool_20112016
01-12-2016@10:17:25 INFO  (LiverpoolDownload.java:338)     - [-]Portal Liverpool Cesarfer Desactivado
01-12-2016@10:17:25 INFO  (Utileria.java:523)     - CHECKEXIST: Archivo no encontrado...comienza la generaci贸n/descarga del link/archivo
01-12-2016@10:17:25 INFO  (LiverpoolDownload.java:73)     - MAIN: Comienza descarga de archivo liverpool_21112016
01-12-2016@10:17:25 INFO  (LiverpoolDownload.java:338)     - [-]Portal Liverpool Cesarfer Desactivado
01-12-2016@10:17:25 INFO  (Utileria.java:523)     - CHECKEXIST: Archivo no encontrado...comienza la generaci贸n/descarga del link/archivo
01-12-2016@10:17:25 INFO  (LiverpoolDownload.java:73)     - MAIN: Comienza descarga de archivo liverpool_22112016
01-12-2016@10:17:25 INFO  (LiverpoolDownload.java:338)     - [-]Portal Liverpool Cesarfer Desactivado
01-12-2016@10:17:25 INFO  (Utileria.java:523)     - CHECKEXIST: Archivo no encontrado...comienza la generaci贸n/descarga del link/archivo
01-12-2016@10:17:25 INFO  (LiverpoolDownload.java:73)     - MAIN: Comienza descarga de archivo liverpool_23112016
01-12-2016@10:17:25 INFO  (LiverpoolDownload.java:338)     - [-]Portal Liverpool Cesarfer Desactivado
01-12-2016@10:17:25 INFO  (Utileria.java:523)     - CHECKEXIST: Archivo no encontrado...comienza la generaci贸n/descarga del link/archivo
01-12-2016@10:17:25 INFO  (LiverpoolDownload.java:73)     - MAIN: Comienza descarga de archivo liverpool_24112016
01-12-2016@10:17:25 INFO  (LiverpoolDownload.java:338)     - [-]Portal Liverpool Cesarfer Desactivado
01-12-2016@10:17:25 INFO  (Utileria.java:523)     - CHECKEXIST: Archivo no encontrado...comienza la generaci贸n/descarga del link/archivo
01-12-2016@10:17:25 INFO  (LiverpoolDownload.java:73)     - MAIN: Comienza descarga de archivo liverpool_25112016
01-12-2016@10:17:25 INFO  (LiverpoolDownload.java:338)     - [-]Portal Liverpool Cesarfer Desactivado
01-12-2016@10:17:25 INFO  (Utileria.java:523)     - CHECKEXIST: Archivo no encontrado...comienza la generaci贸n/descarga del link/archivo
01-12-2016@10:17:25 INFO  (LiverpoolDownload.java:73)     - MAIN: Comienza descarga de archivo liverpool_26112016
01-12-2016@10:17:25 INFO  (LiverpoolDownload.java:338)     - [-]Portal Liverpool Cesarfer Desactivado
01-12-2016@10:17:25 INFO  (Utileria.java:523)     - CHECKEXIST: Archivo no encontrado...comienza la generaci贸n/descarga del link/archivo
01-12-2016@10:17:25 INFO  (LiverpoolDownload.java:73)     - MAIN: Comienza descarga de archivo liverpool_27112016
01-12-2016@10:17:25 INFO  (LiverpoolDownload.java:338)     - [-]Portal Liverpool Cesarfer Desactivado
01-12-2016@10:17:25 INFO  (Utileria.java:523)     - CHECKEXIST: Archivo no encontrado...comienza la generaci贸n/descarga del link/archivo
01-12-2016@10:17:25 INFO  (LiverpoolDownload.java:73)     - MAIN: Comienza descarga de archivo liverpool_28112016
01-12-2016@10:17:25 INFO  (LiverpoolDownload.java:338)     - [-]Portal Liverpool Cesarfer Desactivado
01-12-2016@10:17:25 INFO  (Utileria.java:523)     - CHECKEXIST: Archivo no encontrado...comienza la generaci贸n/descarga del link/archivo
01-12-2016@10:17:25 INFO  (LiverpoolDownload.java:73)     - MAIN: Comienza descarga de archivo liverpool_29112016
01-12-2016@10:17:25 INFO  (LiverpoolDownload.java:338)     - [-]Portal Liverpool Cesarfer Desactivado
01-12-2016@10:17:25 INFO  (LiverpoolDownload.java:88)     - [-]Termina ejecucin del portal Liverpool Spinmaster
01-12-2016@10:17:26 INFO  (LiverpoolInsert.java:47)     - INSERT; Se ejecuta Liverpool insert en cuenta: spinmaster
01-12-2016@10:17:26 INFO  (LiverpoolInsert.java:70)     - ultima fecha: 14112016
01-12-2016@10:17:26 INFO  (Utileria.java:450)     - old date: Tue Nov 15 00:00:00 CST 2016
01-12-2016@10:17:26 INFO  (Utileria.java:450)     - old date: Wed Nov 16 00:00:00 CST 2016
01-12-2016@10:17:26 INFO  (Utileria.java:450)     - old date: Thu Nov 17 00:00:00 CST 2016
01-12-2016@10:17:26 INFO  (Utileria.java:450)     - old date: Fri Nov 18 00:00:00 CST 2016
01-12-2016@10:17:26 INFO  (Utileria.java:450)     - old date: Sat Nov 19 00:00:00 CST 2016
01-12-2016@10:17:26 INFO  (Utileria.java:450)     - old date: Sun Nov 20 00:00:00 CST 2016
01-12-2016@10:17:26 INFO  (Utileria.java:450)     - old date: Mon Nov 21 00:00:00 CST 2016
01-12-2016@10:17:26 INFO  (Utileria.java:450)     - old date: Tue Nov 22 00:00:00 CST 2016
01-12-2016@10:17:26 INFO  (Utileria.java:450)     - old date: Wed Nov 23 00:00:00 CST 2016
01-12-2016@10:17:26 INFO  (Utileria.java:450)     - old date: Thu Nov 24 00:00:00 CST 2016
01-12-2016@10:17:26 INFO  (Utileria.java:450)     - old date: Fri Nov 25 00:00:00 CST 2016
01-12-2016@10:17:26 INFO  (Utileria.java:450)     - old date: Sat Nov 26 00:00:00 CST 2016
01-12-2016@10:17:26 INFO  (Utileria.java:450)     - old date: Sun Nov 27 00:00:00 CST 2016
01-12-2016@10:17:26 INFO  (Utileria.java:450)     - old date: Mon Nov 28 00:00:00 CST 2016
01-12-2016@10:17:26 INFO  (Utileria.java:450)     - old date: Tue Nov 29 00:00:00 CST 2016
01-12-2016@10:17:26 INFO  (Utileria.java:450)     - old date: Wed Nov 30 00:00:00 CST 2016
01-12-2016@10:17:26 INFO  (Utileria.java:450)     - old date: Thu Dec 01 00:00:00 CST 2016
01-12-2016@10:17:26 INFO  (LiverpoolInsert.java:76)     - INSERT: Comienza insersi贸n de portal Liverpool Cesarfer venta diaria
01-12-2016@10:17:26 INFO  (Utileria.java:537)     - Renombrando archivo D:\DataRobots\spinmaster\liverpool\liverpool_15112016.txt a D:\DataRobots\spinmaster\liverpool\liverpool_15112016.csv
01-12-2016@10:17:26 INFO  (Utileria.java:549)     - UTIL: No se renombro el archivo con fecha 15112016, ya se renombro o no existe, pasando al siguiente archivo
01-12-2016@10:19:37 INFO  (LiverpoolDownload.java:59)     - MAIN: Se ejecuta Liverpool spinmaster
01-12-2016@10:19:37 INFO  (Utileria.java:258)     - old date: Thu Nov 10 00:00:00 CST 2016
01-12-2016@10:19:37 INFO  (Utileria.java:258)     - old date: Fri Nov 11 00:00:00 CST 2016
01-12-2016@10:19:37 INFO  (Utileria.java:258)     - old date: Sat Nov 12 00:00:00 CST 2016
01-12-2016@10:19:37 INFO  (Utileria.java:258)     - old date: Sun Nov 13 00:00:00 CST 2016
01-12-2016@10:19:37 INFO  (Utileria.java:258)     - old date: Mon Nov 14 00:00:00 CST 2016
01-12-2016@10:19:37 INFO  (Utileria.java:258)     - old date: Tue Nov 15 00:00:00 CST 2016
01-12-2016@10:19:37 INFO  (Utileria.java:258)     - old date: Wed Nov 16 00:00:00 CST 2016
01-12-2016@10:19:37 INFO  (Utileria.java:258)     - old date: Thu Nov 17 00:00:00 CST 2016
01-12-2016@10:19:37 INFO  (Utileria.java:258)     - old date: Fri Nov 18 00:00:00 CST 2016
01-12-2016@10:19:37 INFO  (Utileria.java:258)     - old date: Sat Nov 19 00:00:00 CST 2016
01-12-2016@10:19:37 INFO  (Utileria.java:258)     - old date: Sun Nov 20 00:00:00 CST 2016
01-12-2016@10:19:37 INFO  (Utileria.java:258)     - old date: Mon Nov 21 00:00:00 CST 2016
01-12-2016@10:19:37 INFO  (Utileria.java:258)     - old date: Tue Nov 22 00:00:00 CST 2016
01-12-2016@10:19:37 INFO  (Utileria.java:258)     - old date: Wed Nov 23 00:00:00 CST 2016
01-12-2016@10:19:37 INFO  (Utileria.java:258)     - old date: Thu Nov 24 00:00:00 CST 2016
01-12-2016@10:19:37 INFO  (Utileria.java:258)     - old date: Fri Nov 25 00:00:00 CST 2016
01-12-2016@10:19:37 INFO  (Utileria.java:258)     - old date: Sat Nov 26 00:00:00 CST 2016
01-12-2016@10:19:37 INFO  (Utileria.java:258)     - old date: Sun Nov 27 00:00:00 CST 2016
01-12-2016@10:19:37 INFO  (Utileria.java:258)     - old date: Mon Nov 28 00:00:00 CST 2016
01-12-2016@10:19:37 INFO  (Utileria.java:258)     - old date: Tue Nov 29 00:00:00 CST 2016
01-12-2016@10:19:37 INFO  (Utileria.java:523)     - CHECKEXIST: Archivo no encontrado...comienza la generaci贸n/descarga del link/archivo
01-12-2016@10:19:37 INFO  (LiverpoolDownload.java:73)     - MAIN: Comienza descarga de archivo liverpool_15112016
01-12-2016@10:19:37 INFO  (LiverpoolDownload.java:338)     - [-]Portal Liverpool Cesarfer Desactivado
01-12-2016@10:19:37 INFO  (Utileria.java:523)     - CHECKEXIST: Archivo no encontrado...comienza la generaci贸n/descarga del link/archivo
01-12-2016@10:19:37 INFO  (LiverpoolDownload.java:73)     - MAIN: Comienza descarga de archivo liverpool_16112016
01-12-2016@10:19:53 INFO  (LiverpoolDownload.java:59)     - MAIN: Se ejecuta Liverpool spinmaster
01-12-2016@10:19:53 INFO  (Utileria.java:258)     - old date: Thu Nov 10 00:00:00 CST 2016
01-12-2016@10:19:53 INFO  (Utileria.java:258)     - old date: Fri Nov 11 00:00:00 CST 2016
01-12-2016@10:19:53 INFO  (Utileria.java:258)     - old date: Sat Nov 12 00:00:00 CST 2016
01-12-2016@10:19:53 INFO  (Utileria.java:258)     - old date: Sun Nov 13 00:00:00 CST 2016
01-12-2016@10:19:53 INFO  (Utileria.java:258)     - old date: Mon Nov 14 00:00:00 CST 2016
01-12-2016@10:19:53 INFO  (Utileria.java:258)     - old date: Tue Nov 15 00:00:00 CST 2016
01-12-2016@10:19:53 INFO  (Utileria.java:258)     - old date: Wed Nov 16 00:00:00 CST 2016
01-12-2016@10:19:53 INFO  (Utileria.java:258)     - old date: Thu Nov 17 00:00:00 CST 2016
01-12-2016@10:19:53 INFO  (Utileria.java:258)     - old date: Fri Nov 18 00:00:00 CST 2016
01-12-2016@10:19:53 INFO  (Utileria.java:258)     - old date: Sat Nov 19 00:00:00 CST 2016
01-12-2016@10:19:53 INFO  (Utileria.java:258)     - old date: Sun Nov 20 00:00:00 CST 2016
01-12-2016@10:19:53 INFO  (Utileria.java:258)     - old date: Mon Nov 21 00:00:00 CST 2016
01-12-2016@10:19:53 INFO  (Utileria.java:258)     - old date: Tue Nov 22 00:00:00 CST 2016
01-12-2016@10:19:53 INFO  (Utileria.java:258)     - old date: Wed Nov 23 00:00:00 CST 2016
01-12-2016@10:19:53 INFO  (Utileria.java:258)     - old date: Thu Nov 24 00:00:00 CST 2016
01-12-2016@10:19:53 INFO  (Utileria.java:258)     - old date: Fri Nov 25 00:00:00 CST 2016
01-12-2016@10:19:53 INFO  (Utileria.java:258)     - old date: Sat Nov 26 00:00:00 CST 2016
01-12-2016@10:19:53 INFO  (Utileria.java:258)     - old date: Sun Nov 27 00:00:00 CST 2016
01-12-2016@10:19:53 INFO  (Utileria.java:258)     - old date: Mon Nov 28 00:00:00 CST 2016
01-12-2016@10:19:53 INFO  (Utileria.java:258)     - old date: Tue Nov 29 00:00:00 CST 2016
01-12-2016@10:19:53 INFO  (Utileria.java:523)     - CHECKEXIST: Archivo no encontrado...comienza la generaci贸n/descarga del link/archivo
01-12-2016@10:19:53 INFO  (LiverpoolDownload.java:73)     - MAIN: Comienza descarga de archivo liverpool_15112016
01-12-2016@10:19:53 INFO  (LiverpoolDownload.java:338)     - [-]Portal Liverpool Cesarfer Desactivado
01-12-2016@10:19:54 INFO  (Utileria.java:523)     - CHECKEXIST: Archivo no encontrado...comienza la generaci贸n/descarga del link/archivo
01-12-2016@10:19:54 INFO  (LiverpoolDownload.java:73)     - MAIN: Comienza descarga de archivo liverpool_16112016
01-12-2016@10:20:11 INFO  (LiverpoolDownload.java:59)     - MAIN: Se ejecuta Liverpool spinmaster
01-12-2016@10:20:11 INFO  (Utileria.java:258)     - old date: Thu Nov 10 00:00:00 CST 2016
01-12-2016@10:20:11 INFO  (Utileria.java:258)     - old date: Fri Nov 11 00:00:00 CST 2016
01-12-2016@10:20:11 INFO  (Utileria.java:258)     - old date: Sat Nov 12 00:00:00 CST 2016
01-12-2016@10:20:11 INFO  (Utileria.java:258)     - old date: Sun Nov 13 00:00:00 CST 2016
01-12-2016@10:20:11 INFO  (Utileria.java:258)     - old date: Mon Nov 14 00:00:00 CST 2016
01-12-2016@10:20:11 INFO  (Utileria.java:258)     - old date: Tue Nov 15 00:00:00 CST 2016
01-12-2016@10:20:11 INFO  (Utileria.java:258)     - old date: Wed Nov 16 00:00:00 CST 2016
01-12-2016@10:20:11 INFO  (Utileria.java:258)     - old date: Thu Nov 17 00:00:00 CST 2016
01-12-2016@10:20:11 INFO  (Utileria.java:258)     - old date: Fri Nov 18 00:00:00 CST 2016
01-12-2016@10:20:11 INFO  (Utileria.java:258)     - old date: Sat Nov 19 00:00:00 CST 2016
01-12-2016@10:20:11 INFO  (Utileria.java:258)     - old date: Sun Nov 20 00:00:00 CST 2016
01-12-2016@10:20:11 INFO  (Utileria.java:258)     - old date: Mon Nov 21 00:00:00 CST 2016
01-12-2016@10:20:11 INFO  (Utileria.java:258)     - old date: Tue Nov 22 00:00:00 CST 2016
01-12-2016@10:20:11 INFO  (Utileria.java:258)     - old date: Wed Nov 23 00:00:00 CST 2016
01-12-2016@10:20:11 INFO  (Utileria.java:258)     - old date: Thu Nov 24 00:00:00 CST 2016
01-12-2016@10:20:11 INFO  (Utileria.java:258)     - old date: Fri Nov 25 00:00:00 CST 2016
01-12-2016@10:20:11 INFO  (Utileria.java:258)     - old date: Sat Nov 26 00:00:00 CST 2016
01-12-2016@10:20:11 INFO  (Utileria.java:258)     - old date: Sun Nov 27 00:00:00 CST 2016
01-12-2016@10:20:11 INFO  (Utileria.java:258)     - old date: Mon Nov 28 00:00:00 CST 2016
01-12-2016@10:20:11 INFO  (Utileria.java:258)     - old date: Tue Nov 29 00:00:00 CST 2016
01-12-2016@10:20:11 INFO  (Utileria.java:523)     - CHECKEXIST: Archivo no encontrado...comienza la generaci贸n/descarga del link/archivo
01-12-2016@10:20:11 INFO  (LiverpoolDownload.java:73)     - MAIN: Comienza descarga de archivo liverpool_15112016
01-12-2016@10:20:11 INFO  (LiverpoolDownload.java:338)     - [-]Portal Liverpool Cesarfer Desactivado
01-12-2016@10:20:25 INFO  (LiverpoolDownload.java:59)     - MAIN: Se ejecuta Liverpool spinmaster
01-12-2016@10:20:26 INFO  (Utileria.java:258)     - old date: Thu Nov 10 00:00:00 CST 2016
01-12-2016@10:20:26 INFO  (Utileria.java:258)     - old date: Fri Nov 11 00:00:00 CST 2016
01-12-2016@10:20:26 INFO  (Utileria.java:258)     - old date: Sat Nov 12 00:00:00 CST 2016
01-12-2016@10:20:26 INFO  (Utileria.java:258)     - old date: Sun Nov 13 00:00:00 CST 2016
01-12-2016@10:20:26 INFO  (Utileria.java:258)     - old date: Mon Nov 14 00:00:00 CST 2016
01-12-2016@10:20:26 INFO  (Utileria.java:258)     - old date: Tue Nov 15 00:00:00 CST 2016
01-12-2016@10:20:26 INFO  (Utileria.java:258)     - old date: Wed Nov 16 00:00:00 CST 2016
01-12-2016@10:20:26 INFO  (Utileria.java:258)     - old date: Thu Nov 17 00:00:00 CST 2016
01-12-2016@10:20:26 INFO  (Utileria.java:258)     - old date: Fri Nov 18 00:00:00 CST 2016
01-12-2016@10:20:26 INFO  (Utileria.java:258)     - old date: Sat Nov 19 00:00:00 CST 2016
01-12-2016@10:20:26 INFO  (Utileria.java:258)     - old date: Sun Nov 20 00:00:00 CST 2016
01-12-2016@10:20:26 INFO  (Utileria.java:258)     - old date: Mon Nov 21 00:00:00 CST 2016
01-12-2016@10:20:26 INFO  (Utileria.java:258)     - old date: Tue Nov 22 00:00:00 CST 2016
01-12-2016@10:20:26 INFO  (Utileria.java:258)     - old date: Wed Nov 23 00:00:00 CST 2016
01-12-2016@10:20:26 INFO  (Utileria.java:258)     - old date: Thu Nov 24 00:00:00 CST 2016
01-12-2016@10:20:26 INFO  (Utileria.java:258)     - old date: Fri Nov 25 00:00:00 CST 2016
01-12-2016@10:20:26 INFO  (Utileria.java:258)     - old date: Sat Nov 26 00:00:00 CST 2016
01-12-2016@10:20:26 INFO  (Utileria.java:258)     - old date: Sun Nov 27 00:00:00 CST 2016
01-12-2016@10:20:26 INFO  (Utileria.java:258)     - old date: Mon Nov 28 00:00:00 CST 2016
01-12-2016@10:20:26 INFO  (Utileria.java:258)     - old date: Tue Nov 29 00:00:00 CST 2016
01-12-2016@10:20:26 INFO  (Utileria.java:523)     - CHECKEXIST: Archivo no encontrado...comienza la generaci贸n/descarga del link/archivo
01-12-2016@10:20:26 INFO  (LiverpoolDownload.java:73)     - MAIN: Comienza descarga de archivo liverpool_15112016
01-12-2016@10:20:26 INFO  (LiverpoolDownload.java:338)     - [-]Portal Liverpool Cesarfer Desactivado
01-12-2016@10:21:19 INFO  (LiverpoolDownload.java:59)     - MAIN: Se ejecuta Liverpool spinmaster
01-12-2016@10:21:19 INFO  (Utileria.java:258)     - old date: Thu Nov 10 00:00:00 CST 2016
01-12-2016@10:21:19 INFO  (Utileria.java:258)     - old date: Fri Nov 11 00:00:00 CST 2016
01-12-2016@10:21:19 INFO  (Utileria.java:258)     - old date: Sat Nov 12 00:00:00 CST 2016
01-12-2016@10:21:19 INFO  (Utileria.java:258)     - old date: Sun Nov 13 00:00:00 CST 2016
01-12-2016@10:21:19 INFO  (Utileria.java:258)     - old date: Mon Nov 14 00:00:00 CST 2016
01-12-2016@10:21:19 INFO  (Utileria.java:258)     - old date: Tue Nov 15 00:00:00 CST 2016
01-12-2016@10:21:19 INFO  (Utileria.java:258)     - old date: Wed Nov 16 00:00:00 CST 2016
01-12-2016@10:21:19 INFO  (Utileria.java:258)     - old date: Thu Nov 17 00:00:00 CST 2016
01-12-2016@10:21:19 INFO  (Utileria.java:258)     - old date: Fri Nov 18 00:00:00 CST 2016
01-12-2016@10:21:19 INFO  (Utileria.java:258)     - old date: Sat Nov 19 00:00:00 CST 2016
01-12-2016@10:21:19 INFO  (Utileria.java:258)     - old date: Sun Nov 20 00:00:00 CST 2016
01-12-2016@10:21:19 INFO  (Utileria.java:258)     - old date: Mon Nov 21 00:00:00 CST 2016
01-12-2016@10:21:19 INFO  (Utileria.java:258)     - old date: Tue Nov 22 00:00:00 CST 2016
01-12-2016@10:21:19 INFO  (Utileria.java:258)     - old date: Wed Nov 23 00:00:00 CST 2016
01-12-2016@10:21:19 INFO  (Utileria.java:258)     - old date: Thu Nov 24 00:00:00 CST 2016
01-12-2016@10:21:19 INFO  (Utileria.java:258)     - old date: Fri Nov 25 00:00:00 CST 2016
01-12-2016@10:21:19 INFO  (Utileria.java:258)     - old date: Sat Nov 26 00:00:00 CST 2016
01-12-2016@10:21:19 INFO  (Utileria.java:258)     - old date: Sun Nov 27 00:00:00 CST 2016
01-12-2016@10:21:19 INFO  (Utileria.java:258)     - old date: Mon Nov 28 00:00:00 CST 2016
01-12-2016@10:21:19 INFO  (Utileria.java:258)     - old date: Tue Nov 29 00:00:00 CST 2016
01-12-2016@10:21:19 INFO  (Utileria.java:523)     - CHECKEXIST: Archivo no encontrado...comienza la generaci贸n/descarga del link/archivo
01-12-2016@10:21:19 INFO  (LiverpoolDownload.java:73)     - MAIN: Comienza descarga de archivo liverpool_15112016
01-12-2016@10:21:19 INFO  (LiverpoolDownload.java:338)     - [-]Portal Liverpool Cesarfer Desactivado
01-12-2016@10:21:50 INFO  (LiverpoolDownload.java:59)     - MAIN: Se ejecuta Liverpool spinmaster
01-12-2016@10:21:51 INFO  (Utileria.java:258)     - old date: Thu Nov 10 00:00:00 CST 2016
01-12-2016@10:21:51 INFO  (Utileria.java:258)     - old date: Fri Nov 11 00:00:00 CST 2016
01-12-2016@10:21:51 INFO  (Utileria.java:258)     - old date: Sat Nov 12 00:00:00 CST 2016
01-12-2016@10:21:51 INFO  (Utileria.java:258)     - old date: Sun Nov 13 00:00:00 CST 2016
01-12-2016@10:21:51 INFO  (Utileria.java:258)     - old date: Mon Nov 14 00:00:00 CST 2016
01-12-2016@10:21:51 INFO  (Utileria.java:258)     - old date: Tue Nov 15 00:00:00 CST 2016
01-12-2016@10:21:51 INFO  (Utileria.java:258)     - old date: Wed Nov 16 00:00:00 CST 2016
01-12-2016@10:21:51 INFO  (Utileria.java:258)     - old date: Thu Nov 17 00:00:00 CST 2016
01-12-2016@10:21:51 INFO  (Utileria.java:258)     - old date: Fri Nov 18 00:00:00 CST 2016
01-12-2016@10:21:51 INFO  (Utileria.java:258)     - old date: Sat Nov 19 00:00:00 CST 2016
01-12-2016@10:21:51 INFO  (Utileria.java:258)     - old date: Sun Nov 20 00:00:00 CST 2016
01-12-2016@10:21:51 INFO  (Utileria.java:258)     - old date: Mon Nov 21 00:00:00 CST 2016
01-12-2016@10:21:51 INFO  (Utileria.java:258)     - old date: Tue Nov 22 00:00:00 CST 2016
01-12-2016@10:21:51 INFO  (Utileria.java:258)     - old date: Wed Nov 23 00:00:00 CST 2016
01-12-2016@10:21:51 INFO  (Utileria.java:258)     - old date: Thu Nov 24 00:00:00 CST 2016
01-12-2016@10:21:51 INFO  (Utileria.java:258)     - old date: Fri Nov 25 00:00:00 CST 2016
01-12-2016@10:21:51 INFO  (Utileria.java:258)     - old date: Sat Nov 26 00:00:00 CST 2016
01-12-2016@10:21:51 INFO  (Utileria.java:258)     - old date: Sun Nov 27 00:00:00 CST 2016
01-12-2016@10:21:51 INFO  (Utileria.java:258)     - old date: Mon Nov 28 00:00:00 CST 2016
01-12-2016@10:21:51 INFO  (Utileria.java:258)     - old date: Tue Nov 29 00:00:00 CST 2016
01-12-2016@10:21:51 INFO  (Utileria.java:523)     - CHECKEXIST: Archivo no encontrado...comienza la generaci贸n/descarga del link/archivo
01-12-2016@10:21:51 INFO  (LiverpoolDownload.java:73)     - MAIN: Comienza descarga de archivo liverpool_15112016
01-12-2016@10:21:51 INFO  (LiverpoolDownload.java:333)     - [-]Portal Liverpool Cesarfer Desactivado
01-12-2016@10:22:21 INFO  (LiverpoolDownload.java:59)     - MAIN: Se ejecuta Liverpool spinmaster
01-12-2016@10:22:21 INFO  (Utileria.java:258)     - old date: Thu Nov 10 00:00:00 CST 2016
01-12-2016@10:22:21 INFO  (Utileria.java:258)     - old date: Fri Nov 11 00:00:00 CST 2016
01-12-2016@10:22:21 INFO  (Utileria.java:258)     - old date: Sat Nov 12 00:00:00 CST 2016
01-12-2016@10:22:21 INFO  (Utileria.java:258)     - old date: Sun Nov 13 00:00:00 CST 2016
01-12-2016@10:22:21 INFO  (Utileria.java:258)     - old date: Mon Nov 14 00:00:00 CST 2016
01-12-2016@10:22:21 INFO  (Utileria.java:258)     - old date: Tue Nov 15 00:00:00 CST 2016
01-12-2016@10:22:21 INFO  (Utileria.java:258)     - old date: Wed Nov 16 00:00:00 CST 2016
01-12-2016@10:22:21 INFO  (Utileria.java:258)     - old date: Thu Nov 17 00:00:00 CST 2016
01-12-2016@10:22:21 INFO  (Utileria.java:258)     - old date: Fri Nov 18 00:00:00 CST 2016
01-12-2016@10:22:21 INFO  (Utileria.java:258)     - old date: Sat Nov 19 00:00:00 CST 2016
01-12-2016@10:22:21 INFO  (Utileria.java:258)     - old date: Sun Nov 20 00:00:00 CST 2016
01-12-2016@10:22:21 INFO  (Utileria.java:258)     - old date: Mon Nov 21 00:00:00 CST 2016
01-12-2016@10:22:21 INFO  (Utileria.java:258)     - old date: Tue Nov 22 00:00:00 CST 2016
01-12-2016@10:22:21 INFO  (Utileria.java:258)     - old date: Wed Nov 23 00:00:00 CST 2016
01-12-2016@10:22:21 INFO  (Utileria.java:258)     - old date: Thu Nov 24 00:00:00 CST 2016
01-12-2016@10:22:21 INFO  (Utileria.java:258)     - old date: Fri Nov 25 00:00:00 CST 2016
01-12-2016@10:22:21 INFO  (Utileria.java:258)     - old date: Sat Nov 26 00:00:00 CST 2016
01-12-2016@10:22:21 INFO  (Utileria.java:258)     - old date: Sun Nov 27 00:00:00 CST 2016
01-12-2016@10:22:21 INFO  (Utileria.java:258)     - old date: Mon Nov 28 00:00:00 CST 2016
01-12-2016@10:22:21 INFO  (Utileria.java:258)     - old date: Tue Nov 29 00:00:00 CST 2016
01-12-2016@10:22:21 INFO  (Utileria.java:523)     - CHECKEXIST: Archivo no encontrado...comienza la generaci贸n/descarga del link/archivo
01-12-2016@10:22:21 INFO  (LiverpoolDownload.java:73)     - MAIN: Comienza descarga de archivo liverpool_15112016
01-12-2016@10:22:22 WARN  (LiverpoolDownload.java:143)     - ACCESS: ERROR Logeo, Usuario y/o Password incorrectos 
01-12-2016@10:22:34 INFO  (LiverpoolDownload.java:59)     - MAIN: Se ejecuta Liverpool spinmaster
01-12-2016@10:22:34 INFO  (Utileria.java:258)     - old date: Thu Nov 10 00:00:00 CST 2016
01-12-2016@10:22:34 INFO  (Utileria.java:258)     - old date: Fri Nov 11 00:00:00 CST 2016
01-12-2016@10:22:34 INFO  (Utileria.java:258)     - old date: Sat Nov 12 00:00:00 CST 2016
01-12-2016@10:22:34 INFO  (Utileria.java:258)     - old date: Sun Nov 13 00:00:00 CST 2016
01-12-2016@10:22:34 INFO  (Utileria.java:258)     - old date: Mon Nov 14 00:00:00 CST 2016
01-12-2016@10:22:34 INFO  (Utileria.java:258)     - old date: Tue Nov 15 00:00:00 CST 2016
01-12-2016@10:22:34 INFO  (Utileria.java:258)     - old date: Wed Nov 16 00:00:00 CST 2016
01-12-2016@10:22:34 INFO  (Utileria.java:258)     - old date: Thu Nov 17 00:00:00 CST 2016
01-12-2016@10:22:34 INFO  (Utileria.java:258)     - old date: Fri Nov 18 00:00:00 CST 2016
01-12-2016@10:22:34 INFO  (Utileria.java:258)     - old date: Sat Nov 19 00:00:00 CST 2016
01-12-2016@10:22:34 INFO  (Utileria.java:258)     - old date: Sun Nov 20 00:00:00 CST 2016
01-12-2016@10:22:34 INFO  (Utileria.java:258)     - old date: Mon Nov 21 00:00:00 CST 2016
01-12-2016@10:22:34 INFO  (Utileria.java:258)     - old date: Tue Nov 22 00:00:00 CST 2016
01-12-2016@10:22:34 INFO  (Utileria.java:258)     - old date: Wed Nov 23 00:00:00 CST 2016
01-12-2016@10:22:34 INFO  (Utileria.java:258)     - old date: Thu Nov 24 00:00:00 CST 2016
01-12-2016@10:22:34 INFO  (Utileria.java:258)     - old date: Fri Nov 25 00:00:00 CST 2016
01-12-2016@10:22:34 INFO  (Utileria.java:258)     - old date: Sat Nov 26 00:00:00 CST 2016
01-12-2016@10:22:34 INFO  (Utileria.java:258)     - old date: Sun Nov 27 00:00:00 CST 2016
01-12-2016@10:22:34 INFO  (Utileria.java:258)     - old date: Mon Nov 28 00:00:00 CST 2016
01-12-2016@10:22:34 INFO  (Utileria.java:258)     - old date: Tue Nov 29 00:00:00 CST 2016
01-12-2016@10:22:34 INFO  (Utileria.java:523)     - CHECKEXIST: Archivo no encontrado...comienza la generaci贸n/descarga del link/archivo
01-12-2016@10:22:34 INFO  (LiverpoolDownload.java:73)     - MAIN: Comienza descarga de archivo liverpool_15112016
01-12-2016@10:22:34 INFO  (LiverpoolDownload.java:333)     - [-]Portal Liverpool Cesarfer Desactivado
01-12-2016@10:24:15 INFO  (LiverpoolDownload.java:59)     - MAIN: Se ejecuta Liverpool spinmaster
01-12-2016@10:24:16 INFO  (Utileria.java:258)     - old date: Thu Nov 10 00:00:00 CST 2016
01-12-2016@10:24:16 INFO  (Utileria.java:258)     - old date: Fri Nov 11 00:00:00 CST 2016
01-12-2016@10:24:16 INFO  (Utileria.java:258)     - old date: Sat Nov 12 00:00:00 CST 2016
01-12-2016@10:24:16 INFO  (Utileria.java:258)     - old date: Sun Nov 13 00:00:00 CST 2016
01-12-2016@10:24:16 INFO  (Utileria.java:258)     - old date: Mon Nov 14 00:00:00 CST 2016
01-12-2016@10:24:16 INFO  (Utileria.java:258)     - old date: Tue Nov 15 00:00:00 CST 2016
01-12-2016@10:24:16 INFO  (Utileria.java:258)     - old date: Wed Nov 16 00:00:00 CST 2016
01-12-2016@10:24:16 INFO  (Utileria.java:258)     - old date: Thu Nov 17 00:00:00 CST 2016
01-12-2016@10:24:16 INFO  (Utileria.java:258)     - old date: Fri Nov 18 00:00:00 CST 2016
01-12-2016@10:24:16 INFO  (Utileria.java:258)     - old date: Sat Nov 19 00:00:00 CST 2016
01-12-2016@10:24:16 INFO  (Utileria.java:258)     - old date: Sun Nov 20 00:00:00 CST 2016
01-12-2016@10:24:16 INFO  (Utileria.java:258)     - old date: Mon Nov 21 00:00:00 CST 2016
01-12-2016@10:24:16 INFO  (Utileria.java:258)     - old date: Tue Nov 22 00:00:00 CST 2016
01-12-2016@10:24:16 INFO  (Utileria.java:258)     - old date: Wed Nov 23 00:00:00 CST 2016
01-12-2016@10:24:16 INFO  (Utileria.java:258)     - old date: Thu Nov 24 00:00:00 CST 2016
01-12-2016@10:24:16 INFO  (Utileria.java:258)     - old date: Fri Nov 25 00:00:00 CST 2016
01-12-2016@10:24:16 INFO  (Utileria.java:258)     - old date: Sat Nov 26 00:00:00 CST 2016
01-12-2016@10:24:16 INFO  (Utileria.java:258)     - old date: Sun Nov 27 00:00:00 CST 2016
01-12-2016@10:24:16 INFO  (Utileria.java:258)     - old date: Mon Nov 28 00:00:00 CST 2016
01-12-2016@10:24:16 INFO  (Utileria.java:258)     - old date: Tue Nov 29 00:00:00 CST 2016
01-12-2016@10:24:16 INFO  (Utileria.java:523)     - CHECKEXIST: Archivo no encontrado...comienza la generaci贸n/descarga del link/archivo
01-12-2016@10:24:16 INFO  (LiverpoolDownload.java:73)     - MAIN: Comienza descarga de archivo liverpool_15112016
01-12-2016@10:24:16 INFO  (LiverpoolDownload.java:333)     - [-]Portal Liverpool Cesarfer Desactivado
01-12-2016@10:24:41 INFO  (LiverpoolDownload.java:59)     - MAIN: Se ejecuta Liverpool spinmaster
01-12-2016@10:24:42 INFO  (Utileria.java:258)     - old date: Thu Nov 10 00:00:00 CST 2016
01-12-2016@10:24:42 INFO  (Utileria.java:258)     - old date: Fri Nov 11 00:00:00 CST 2016
01-12-2016@10:24:42 INFO  (Utileria.java:258)     - old date: Sat Nov 12 00:00:00 CST 2016
01-12-2016@10:24:42 INFO  (Utileria.java:258)     - old date: Sun Nov 13 00:00:00 CST 2016
01-12-2016@10:24:42 INFO  (Utileria.java:258)     - old date: Mon Nov 14 00:00:00 CST 2016
01-12-2016@10:24:42 INFO  (Utileria.java:258)     - old date: Tue Nov 15 00:00:00 CST 2016
01-12-2016@10:24:42 INFO  (Utileria.java:258)     - old date: Wed Nov 16 00:00:00 CST 2016
01-12-2016@10:24:42 INFO  (Utileria.java:258)     - old date: Thu Nov 17 00:00:00 CST 2016
01-12-2016@10:24:42 INFO  (Utileria.java:258)     - old date: Fri Nov 18 00:00:00 CST 2016
01-12-2016@10:24:42 INFO  (Utileria.java:258)     - old date: Sat Nov 19 00:00:00 CST 2016
01-12-2016@10:24:42 INFO  (Utileria.java:258)     - old date: Sun Nov 20 00:00:00 CST 2016
01-12-2016@10:24:42 INFO  (Utileria.java:258)     - old date: Mon Nov 21 00:00:00 CST 2016
01-12-2016@10:24:42 INFO  (Utileria.java:258)     - old date: Tue Nov 22 00:00:00 CST 2016
01-12-2016@10:24:42 INFO  (Utileria.java:258)     - old date: Wed Nov 23 00:00:00 CST 2016
01-12-2016@10:24:42 INFO  (Utileria.java:258)     - old date: Thu Nov 24 00:00:00 CST 2016
01-12-2016@10:24:42 INFO  (Utileria.java:258)     - old date: Fri Nov 25 00:00:00 CST 2016
01-12-2016@10:24:42 INFO  (Utileria.java:258)     - old date: Sat Nov 26 00:00:00 CST 2016
01-12-2016@10:24:42 INFO  (Utileria.java:258)     - old date: Sun Nov 27 00:00:00 CST 2016
01-12-2016@10:24:42 INFO  (Utileria.java:258)     - old date: Mon Nov 28 00:00:00 CST 2016
01-12-2016@10:24:42 INFO  (Utileria.java:258)     - old date: Tue Nov 29 00:00:00 CST 2016
01-12-2016@10:24:42 INFO  (Utileria.java:523)     - CHECKEXIST: Archivo no encontrado...comienza la generaci贸n/descarga del link/archivo
01-12-2016@10:24:42 INFO  (LiverpoolDownload.java:73)     - MAIN: Comienza descarga de archivo liverpool_15112016
01-12-2016@10:24:43 WARN  (LiverpoolDownload.java:143)     - ACCESS: ERROR Logeo, Usuario y/o Password incorrectos 
01-12-2016@11:16:46 INFO  (LiverpoolDownload.java:59)     - MAIN: Se ejecuta Liverpool spinmaster
01-12-2016@11:16:47 INFO  (Utileria.java:258)     - old date: Thu Nov 10 00:00:00 CST 2016
01-12-2016@11:16:47 INFO  (Utileria.java:258)     - old date: Fri Nov 11 00:00:00 CST 2016
01-12-2016@11:16:47 INFO  (Utileria.java:258)     - old date: Sat Nov 12 00:00:00 CST 2016
01-12-2016@11:16:47 INFO  (Utileria.java:258)     - old date: Sun Nov 13 00:00:00 CST 2016
01-12-2016@11:16:47 INFO  (Utileria.java:258)     - old date: Mon Nov 14 00:00:00 CST 2016
01-12-2016@11:16:47 INFO  (Utileria.java:258)     - old date: Tue Nov 15 00:00:00 CST 2016
01-12-2016@11:16:47 INFO  (Utileria.java:258)     - old date: Wed Nov 16 00:00:00 CST 2016
01-12-2016@11:16:47 INFO  (Utileria.java:258)     - old date: Thu Nov 17 00:00:00 CST 2016
01-12-2016@11:16:47 INFO  (Utileria.java:258)     - old date: Fri Nov 18 00:00:00 CST 2016
01-12-2016@11:16:47 INFO  (Utileria.java:258)     - old date: Sat Nov 19 00:00:00 CST 2016
01-12-2016@11:16:47 INFO  (Utileria.java:258)     - old date: Sun Nov 20 00:00:00 CST 2016
01-12-2016@11:16:47 INFO  (Utileria.java:258)     - old date: Mon Nov 21 00:00:00 CST 2016
01-12-2016@11:16:47 INFO  (Utileria.java:258)     - old date: Tue Nov 22 00:00:00 CST 2016
01-12-2016@11:16:47 INFO  (Utileria.java:258)     - old date: Wed Nov 23 00:00:00 CST 2016
01-12-2016@11:16:47 INFO  (Utileria.java:258)     - old date: Thu Nov 24 00:00:00 CST 2016
01-12-2016@11:16:47 INFO  (Utileria.java:258)     - old date: Fri Nov 25 00:00:00 CST 2016
01-12-2016@11:16:47 INFO  (Utileria.java:258)     - old date: Sat Nov 26 00:00:00 CST 2016
01-12-2016@11:16:47 INFO  (Utileria.java:258)     - old date: Sun Nov 27 00:00:00 CST 2016
01-12-2016@11:16:47 INFO  (Utileria.java:258)     - old date: Mon Nov 28 00:00:00 CST 2016
01-12-2016@11:16:47 INFO  (Utileria.java:258)     - old date: Tue Nov 29 00:00:00 CST 2016
01-12-2016@11:16:47 INFO  (Utileria.java:523)     - CHECKEXIST: Archivo no encontrado...comienza la generaci贸n/descarga del link/archivo
01-12-2016@11:16:47 INFO  (LiverpoolDownload.java:73)     - MAIN: Comienza descarga de archivo liverpool_15112016
01-12-2016@11:16:47 INFO  (LiverpoolDownload.java:333)     - [-]Portal Liverpool Cesarfer Desactivado
01-12-2016@16:58:29 INFO  (LiverpoolDownload.java:59)     - MAIN: Se ejecuta Liverpool spinmaster
01-12-2016@16:58:29 INFO  (Utileria.java:257)     - old date: Thu Nov 10 00:00:00 CST 2016
01-12-2016@16:58:29 INFO  (Utileria.java:257)     - old date: Fri Nov 11 00:00:00 CST 2016
01-12-2016@16:58:29 INFO  (Utileria.java:257)     - old date: Sat Nov 12 00:00:00 CST 2016
01-12-2016@16:58:29 INFO  (Utileria.java:257)     - old date: Sun Nov 13 00:00:00 CST 2016
01-12-2016@16:58:29 INFO  (Utileria.java:257)     - old date: Mon Nov 14 00:00:00 CST 2016
01-12-2016@16:58:29 INFO  (Utileria.java:257)     - old date: Tue Nov 15 00:00:00 CST 2016
01-12-2016@16:58:29 INFO  (Utileria.java:257)     - old date: Wed Nov 16 00:00:00 CST 2016
01-12-2016@16:58:29 INFO  (Utileria.java:257)     - old date: Thu Nov 17 00:00:00 CST 2016
01-12-2016@16:58:29 INFO  (Utileria.java:257)     - old date: Fri Nov 18 00:00:00 CST 2016
01-12-2016@16:58:29 INFO  (Utileria.java:257)     - old date: Sat Nov 19 00:00:00 CST 2016
01-12-2016@16:58:29 INFO  (Utileria.java:257)     - old date: Sun Nov 20 00:00:00 CST 2016
01-12-2016@16:58:29 INFO  (Utileria.java:257)     - old date: Mon Nov 21 00:00:00 CST 2016
01-12-2016@16:58:29 INFO  (Utileria.java:257)     - old date: Tue Nov 22 00:00:00 CST 2016
01-12-2016@16:58:29 INFO  (Utileria.java:257)     - old date: Wed Nov 23 00:00:00 CST 2016
01-12-2016@16:58:29 INFO  (Utileria.java:257)     - old date: Thu Nov 24 00:00:00 CST 2016
01-12-2016@16:58:29 INFO  (Utileria.java:257)     - old date: Fri Nov 25 00:00:00 CST 2016
01-12-2016@16:58:29 INFO  (Utileria.java:257)     - old date: Sat Nov 26 00:00:00 CST 2016
01-12-2016@16:58:29 INFO  (Utileria.java:257)     - old date: Sun Nov 27 00:00:00 CST 2016
01-12-2016@16:58:29 INFO  (Utileria.java:257)     - old date: Mon Nov 28 00:00:00 CST 2016
01-12-2016@16:58:29 INFO  (Utileria.java:257)     - old date: Tue Nov 29 00:00:00 CST 2016
01-12-2016@16:58:29 INFO  (Utileria.java:522)     - CHECKEXIST: Archivo no encontrado...comienza la generaci贸n/descarga del link/archivo
01-12-2016@16:58:29 INFO  (LiverpoolDownload.java:73)     - MAIN: Comienza descarga de archivo liverpool_15112016
01-12-2016@16:58:29 INFO  (LiverpoolDownload.java:333)     - [-]Portal Liverpool Cesarfer Desactivado
