30-11-2016@16:31:37 INFO  (JuguetronInsert.java:118)     - Error ocurrido mientras se insertaban datos del archivo Juguetron Spinmaster a la base de datos.Unknown column 'x.ventasUni' in 'field list'
30-11-2016@16:31:37 INFO  (JuguetronInsert.java:78)     - INSERT: Termina insersión de portal Juguetron Spinmaster venta diaria
30-11-2016@16:31:37 INFO  (JuguetronInsert.java:73)     - INSERT: Comienza inserción de portal Juguetron Spinmaster venta diaria
30-11-2016@16:31:37 INFO  (Utileria.java:537)     - Renombrando archivo D:\DataRobots\spinmaster\juguetron\juguetron_23112016.txt a D:\DataRobots\spinmaster\juguetron\juguetron_23112016.csv
30-11-2016@16:31:37 INFO  (Utileria.java:540)     - RENAME: El archivo 23112016 existe
30-11-2016@16:31:37 INFO  (Utileria.java:543)     - UTIL: Extencion de archivo juguetron con fecha 23112016 correctamente cambiado
30-11-2016@16:31:42 INFO  (JuguetronInsert.java:210)     - LOAD: Registros de datos de CSV Juguetron Spinmaster a BD exitoso
30-11-2016@16:31:42 INFO  (JuguetronInsert.java:246)     - INSERT: Comienza inserción de datos Juguetron Spinmaster
30-11-2016@16:31:42 INFO  (JuguetronInsert.java:259)     - Inserta concentradov spin
30-11-2016@16:31:42 INFO  (JuguetronInsert.java:269)     - INSERT INTO concentradov (proyecto,archivoCadena,idTienda,idTiendaReal,grupo,formato,cadena,sucursal,promotoria,chksumt,idProducto,upc,item,division,categoria,subCategoria,modelo,material,chksump,nombre,costoUnidadMB,ventasUnidades,ventasImporte,existenciasUnidades,existenciasImporte,fecha,fechaCarga,idArchivoCarga,tiendaFalta,productoFalta) SELECT 'spinmaster', 'SPINMASTER', t.id AS idTienda, t.idTiendaReal, t.grupo, t.formato, t.cadena, t.sucursal, t.promotoria, t.chksum, p.id, p.upc, p.item, p.division, p.categoria, p.subCategoria, p.modelo, p.material, p.chksum, p.nombre, p.costoUnidad, x.ventasUni, x.ventasImp, 0, 0, FechaCreacion, CURRENT_TIMESTAMP, '9', '0', '0' FROM tempjuguetron x INNER JOIN cubogeneral.cattiendas t ON (t.grupo IN ('5') AND x.centroId=t.idTiendaReal) INNER JOIN catproductos p ON x.EanUPC=p.skuJuguetron WHERE x.fechaCreacion = '2016-11-23' group BY x.id
30-11-2016@16:31:42 INFO  (JuguetronInsert.java:118)     - Error ocurrido mientras se insertaban datos del archivo Juguetron Spinmaster a la base de datos.Unknown column 'x.ventasUni' in 'field list'
30-11-2016@16:31:42 INFO  (JuguetronInsert.java:78)     - INSERT: Termina insersión de portal Juguetron Spinmaster venta diaria
30-11-2016@16:31:42 INFO  (JuguetronInsert.java:73)     - INSERT: Comienza inserción de portal Juguetron Spinmaster venta diaria
30-11-2016@16:31:42 INFO  (Utileria.java:537)     - Renombrando archivo D:\DataRobots\spinmaster\juguetron\juguetron_24112016.txt a D:\DataRobots\spinmaster\juguetron\juguetron_24112016.csv
30-11-2016@16:31:42 INFO  (Utileria.java:540)     - RENAME: El archivo 24112016 existe
30-11-2016@16:31:42 INFO  (Utileria.java:543)     - UTIL: Extencion de archivo juguetron con fecha 24112016 correctamente cambiado
30-11-2016@16:31:46 INFO  (JuguetronInsert.java:210)     - LOAD: Registros de datos de CSV Juguetron Spinmaster a BD exitoso
30-11-2016@16:31:46 INFO  (JuguetronInsert.java:246)     - INSERT: Comienza inserción de datos Juguetron Spinmaster
30-11-2016@16:31:46 INFO  (JuguetronInsert.java:259)     - Inserta concentradov spin
30-11-2016@16:31:46 INFO  (JuguetronInsert.java:269)     - INSERT INTO concentradov (proyecto,archivoCadena,idTienda,idTiendaReal,grupo,formato,cadena,sucursal,promotoria,chksumt,idProducto,upc,item,division,categoria,subCategoria,modelo,material,chksump,nombre,costoUnidadMB,ventasUnidades,ventasImporte,existenciasUnidades,existenciasImporte,fecha,fechaCarga,idArchivoCarga,tiendaFalta,productoFalta) SELECT 'spinmaster', 'SPINMASTER', t.id AS idTienda, t.idTiendaReal, t.grupo, t.formato, t.cadena, t.sucursal, t.promotoria, t.chksum, p.id, p.upc, p.item, p.division, p.categoria, p.subCategoria, p.modelo, p.material, p.chksum, p.nombre, p.costoUnidad, x.ventasUni, x.ventasImp, 0, 0, FechaCreacion, CURRENT_TIMESTAMP, '9', '0', '0' FROM tempjuguetron x INNER JOIN cubogeneral.cattiendas t ON (t.grupo IN ('5') AND x.centroId=t.idTiendaReal) INNER JOIN catproductos p ON x.EanUPC=p.skuJuguetron WHERE x.fechaCreacion = '2016-11-24' group BY x.id
30-11-2016@16:31:46 INFO  (JuguetronInsert.java:118)     - Error ocurrido mientras se insertaban datos del archivo Juguetron Spinmaster a la base de datos.Unknown column 'x.ventasUni' in 'field list'
30-11-2016@16:31:46 INFO  (JuguetronInsert.java:78)     - INSERT: Termina insersión de portal Juguetron Spinmaster venta diaria
30-11-2016@16:31:46 INFO  (JuguetronInsert.java:73)     - INSERT: Comienza inserción de portal Juguetron Spinmaster venta diaria
30-11-2016@16:31:46 INFO  (Utileria.java:537)     - Renombrando archivo D:\DataRobots\spinmaster\juguetron\juguetron_25112016.txt a D:\DataRobots\spinmaster\juguetron\juguetron_25112016.csv
30-11-2016@16:31:46 INFO  (Utileria.java:540)     - RENAME: El archivo 25112016 existe
30-11-2016@16:31:46 INFO  (Utileria.java:543)     - UTIL: Extencion de archivo juguetron con fecha 25112016 correctamente cambiado
30-11-2016@16:31:50 INFO  (JuguetronInsert.java:210)     - LOAD: Registros de datos de CSV Juguetron Spinmaster a BD exitoso
30-11-2016@16:31:50 INFO  (JuguetronInsert.java:246)     - INSERT: Comienza inserción de datos Juguetron Spinmaster
30-11-2016@16:31:50 INFO  (JuguetronInsert.java:259)     - Inserta concentradov spin
30-11-2016@16:31:50 INFO  (JuguetronInsert.java:269)     - INSERT INTO concentradov (proyecto,archivoCadena,idTienda,idTiendaReal,grupo,formato,cadena,sucursal,promotoria,chksumt,idProducto,upc,item,division,categoria,subCategoria,modelo,material,chksump,nombre,costoUnidadMB,ventasUnidades,ventasImporte,existenciasUnidades,existenciasImporte,fecha,fechaCarga,idArchivoCarga,tiendaFalta,productoFalta) SELECT 'spinmaster', 'SPINMASTER', t.id AS idTienda, t.idTiendaReal, t.grupo, t.formato, t.cadena, t.sucursal, t.promotoria, t.chksum, p.id, p.upc, p.item, p.division, p.categoria, p.subCategoria, p.modelo, p.material, p.chksum, p.nombre, p.costoUnidad, x.ventasUni, x.ventasImp, 0, 0, FechaCreacion, CURRENT_TIMESTAMP, '9', '0', '0' FROM tempjuguetron x INNER JOIN cubogeneral.cattiendas t ON (t.grupo IN ('5') AND x.centroId=t.idTiendaReal) INNER JOIN catproductos p ON x.EanUPC=p.skuJuguetron WHERE x.fechaCreacion = '2016-11-25' group BY x.id
30-11-2016@16:31:50 INFO  (JuguetronInsert.java:118)     - Error ocurrido mientras se insertaban datos del archivo Juguetron Spinmaster a la base de datos.Unknown column 'x.ventasUni' in 'field list'
30-11-2016@16:31:50 INFO  (JuguetronInsert.java:78)     - INSERT: Termina insersión de portal Juguetron Spinmaster venta diaria
30-11-2016@16:31:50 INFO  (JuguetronInsert.java:73)     - INSERT: Comienza inserción de portal Juguetron Spinmaster venta diaria
30-11-2016@16:31:50 INFO  (Utileria.java:537)     - Renombrando archivo D:\DataRobots\spinmaster\juguetron\juguetron_26112016.txt a D:\DataRobots\spinmaster\juguetron\juguetron_26112016.csv
30-11-2016@16:31:50 INFO  (Utileria.java:540)     - RENAME: El archivo 26112016 existe
30-11-2016@16:31:50 INFO  (Utileria.java:543)     - UTIL: Extencion de archivo juguetron con fecha 26112016 correctamente cambiado
30-11-2016@16:31:54 INFO  (JuguetronInsert.java:210)     - LOAD: Registros de datos de CSV Juguetron Spinmaster a BD exitoso
30-11-2016@16:31:54 INFO  (JuguetronInsert.java:246)     - INSERT: Comienza inserción de datos Juguetron Spinmaster
30-11-2016@16:31:54 INFO  (JuguetronInsert.java:259)     - Inserta concentradov spin
30-11-2016@16:31:54 INFO  (JuguetronInsert.java:269)     - INSERT INTO concentradov (proyecto,archivoCadena,idTienda,idTiendaReal,grupo,formato,cadena,sucursal,promotoria,chksumt,idProducto,upc,item,division,categoria,subCategoria,modelo,material,chksump,nombre,costoUnidadMB,ventasUnidades,ventasImporte,existenciasUnidades,existenciasImporte,fecha,fechaCarga,idArchivoCarga,tiendaFalta,productoFalta) SELECT 'spinmaster', 'SPINMASTER', t.id AS idTienda, t.idTiendaReal, t.grupo, t.formato, t.cadena, t.sucursal, t.promotoria, t.chksum, p.id, p.upc, p.item, p.division, p.categoria, p.subCategoria, p.modelo, p.material, p.chksum, p.nombre, p.costoUnidad, x.ventasUni, x.ventasImp, 0, 0, FechaCreacion, CURRENT_TIMESTAMP, '9', '0', '0' FROM tempjuguetron x INNER JOIN cubogeneral.cattiendas t ON (t.grupo IN ('5') AND x.centroId=t.idTiendaReal) INNER JOIN catproductos p ON x.EanUPC=p.skuJuguetron WHERE x.fechaCreacion = '2016-11-26' group BY x.id
30-11-2016@16:31:54 INFO  (JuguetronInsert.java:118)     - Error ocurrido mientras se insertaban datos del archivo Juguetron Spinmaster a la base de datos.Unknown column 'x.ventasUni' in 'field list'
30-11-2016@16:31:54 INFO  (JuguetronInsert.java:78)     - INSERT: Termina insersión de portal Juguetron Spinmaster venta diaria
30-11-2016@16:31:54 INFO  (JuguetronInsert.java:73)     - INSERT: Comienza inserción de portal Juguetron Spinmaster venta diaria
30-11-2016@16:31:54 INFO  (Utileria.java:537)     - Renombrando archivo D:\DataRobots\spinmaster\juguetron\juguetron_27112016.txt a D:\DataRobots\spinmaster\juguetron\juguetron_27112016.csv
30-11-2016@16:31:54 INFO  (Utileria.java:540)     - RENAME: El archivo 27112016 existe
30-11-2016@16:31:54 INFO  (Utileria.java:543)     - UTIL: Extencion de archivo juguetron con fecha 27112016 correctamente cambiado
30-11-2016@16:31:58 INFO  (JuguetronInsert.java:210)     - LOAD: Registros de datos de CSV Juguetron Spinmaster a BD exitoso
30-11-2016@16:31:58 INFO  (JuguetronInsert.java:246)     - INSERT: Comienza inserción de datos Juguetron Spinmaster
30-11-2016@16:31:58 INFO  (JuguetronInsert.java:259)     - Inserta concentradov spin
30-11-2016@16:31:58 INFO  (JuguetronInsert.java:269)     - INSERT INTO concentradov (proyecto,archivoCadena,idTienda,idTiendaReal,grupo,formato,cadena,sucursal,promotoria,chksumt,idProducto,upc,item,division,categoria,subCategoria,modelo,material,chksump,nombre,costoUnidadMB,ventasUnidades,ventasImporte,existenciasUnidades,existenciasImporte,fecha,fechaCarga,idArchivoCarga,tiendaFalta,productoFalta) SELECT 'spinmaster', 'SPINMASTER', t.id AS idTienda, t.idTiendaReal, t.grupo, t.formato, t.cadena, t.sucursal, t.promotoria, t.chksum, p.id, p.upc, p.item, p.division, p.categoria, p.subCategoria, p.modelo, p.material, p.chksum, p.nombre, p.costoUnidad, x.ventasUni, x.ventasImp, 0, 0, FechaCreacion, CURRENT_TIMESTAMP, '9', '0', '0' FROM tempjuguetron x INNER JOIN cubogeneral.cattiendas t ON (t.grupo IN ('5') AND x.centroId=t.idTiendaReal) INNER JOIN catproductos p ON x.EanUPC=p.skuJuguetron WHERE x.fechaCreacion = '2016-11-27' group BY x.id
30-11-2016@16:31:58 INFO  (JuguetronInsert.java:118)     - Error ocurrido mientras se insertaban datos del archivo Juguetron Spinmaster a la base de datos.Unknown column 'x.ventasUni' in 'field list'
30-11-2016@16:31:58 INFO  (JuguetronInsert.java:78)     - INSERT: Termina insersión de portal Juguetron Spinmaster venta diaria
30-11-2016@16:31:58 INFO  (JuguetronInsert.java:73)     - INSERT: Comienza inserción de portal Juguetron Spinmaster venta diaria
30-11-2016@16:31:58 INFO  (Utileria.java:537)     - Renombrando archivo D:\DataRobots\spinmaster\juguetron\juguetron_28112016.txt a D:\DataRobots\spinmaster\juguetron\juguetron_28112016.csv
30-11-2016@16:31:58 INFO  (Utileria.java:540)     - RENAME: El archivo 28112016 existe
30-11-2016@16:31:58 INFO  (Utileria.java:543)     - UTIL: Extencion de archivo juguetron con fecha 28112016 correctamente cambiado
30-11-2016@16:32:02 INFO  (JuguetronInsert.java:210)     - LOAD: Registros de datos de CSV Juguetron Spinmaster a BD exitoso
30-11-2016@16:32:02 INFO  (JuguetronInsert.java:246)     - INSERT: Comienza inserción de datos Juguetron Spinmaster
30-11-2016@16:32:02 INFO  (JuguetronInsert.java:259)     - Inserta concentradov spin
30-11-2016@16:32:02 INFO  (JuguetronInsert.java:269)     - INSERT INTO concentradov (proyecto,archivoCadena,idTienda,idTiendaReal,grupo,formato,cadena,sucursal,promotoria,chksumt,idProducto,upc,item,division,categoria,subCategoria,modelo,material,chksump,nombre,costoUnidadMB,ventasUnidades,ventasImporte,existenciasUnidades,existenciasImporte,fecha,fechaCarga,idArchivoCarga,tiendaFalta,productoFalta) SELECT 'spinmaster', 'SPINMASTER', t.id AS idTienda, t.idTiendaReal, t.grupo, t.formato, t.cadena, t.sucursal, t.promotoria, t.chksum, p.id, p.upc, p.item, p.division, p.categoria, p.subCategoria, p.modelo, p.material, p.chksum, p.nombre, p.costoUnidad, x.ventasUni, x.ventasImp, 0, 0, FechaCreacion, CURRENT_TIMESTAMP, '9', '0', '0' FROM tempjuguetron x INNER JOIN cubogeneral.cattiendas t ON (t.grupo IN ('5') AND x.centroId=t.idTiendaReal) INNER JOIN catproductos p ON x.EanUPC=p.skuJuguetron WHERE x.fechaCreacion = '2016-11-28' group BY x.id
30-11-2016@16:32:02 INFO  (JuguetronInsert.java:118)     - Error ocurrido mientras se insertaban datos del archivo Juguetron Spinmaster a la base de datos.Unknown column 'x.ventasUni' in 'field list'
30-11-2016@16:32:02 INFO  (JuguetronInsert.java:78)     - INSERT: Termina insersión de portal Juguetron Spinmaster venta diaria
30-11-2016@16:32:02 INFO  (JuguetronInsert.java:73)     - INSERT: Comienza inserción de portal Juguetron Spinmaster venta diaria
30-11-2016@16:32:02 INFO  (Utileria.java:537)     - Renombrando archivo D:\DataRobots\spinmaster\juguetron\juguetron_29112016.txt a D:\DataRobots\spinmaster\juguetron\juguetron_29112016.csv
30-11-2016@16:32:02 INFO  (Utileria.java:540)     - RENAME: El archivo 29112016 existe
30-11-2016@16:32:02 INFO  (Utileria.java:543)     - UTIL: Extencion de archivo juguetron con fecha 29112016 correctamente cambiado
30-11-2016@16:32:07 INFO  (JuguetronInsert.java:210)     - LOAD: Registros de datos de CSV Juguetron Spinmaster a BD exitoso
30-11-2016@16:32:07 INFO  (JuguetronInsert.java:246)     - INSERT: Comienza inserción de datos Juguetron Spinmaster
30-11-2016@16:32:07 INFO  (JuguetronInsert.java:259)     - Inserta concentradov spin
30-11-2016@16:32:07 INFO  (JuguetronInsert.java:269)     - INSERT INTO concentradov (proyecto,archivoCadena,idTienda,idTiendaReal,grupo,formato,cadena,sucursal,promotoria,chksumt,idProducto,upc,item,division,categoria,subCategoria,modelo,material,chksump,nombre,costoUnidadMB,ventasUnidades,ventasImporte,existenciasUnidades,existenciasImporte,fecha,fechaCarga,idArchivoCarga,tiendaFalta,productoFalta) SELECT 'spinmaster', 'SPINMASTER', t.id AS idTienda, t.idTiendaReal, t.grupo, t.formato, t.cadena, t.sucursal, t.promotoria, t.chksum, p.id, p.upc, p.item, p.division, p.categoria, p.subCategoria, p.modelo, p.material, p.chksum, p.nombre, p.costoUnidad, x.ventasUni, x.ventasImp, 0, 0, FechaCreacion, CURRENT_TIMESTAMP, '9', '0', '0' FROM tempjuguetron x INNER JOIN cubogeneral.cattiendas t ON (t.grupo IN ('5') AND x.centroId=t.idTiendaReal) INNER JOIN catproductos p ON x.EanUPC=p.skuJuguetron WHERE x.fechaCreacion = '2016-11-29' group BY x.id
30-11-2016@16:32:07 INFO  (JuguetronInsert.java:118)     - Error ocurrido mientras se insertaban datos del archivo Juguetron Spinmaster a la base de datos.Unknown column 'x.ventasUni' in 'field list'
30-11-2016@16:32:07 INFO  (JuguetronInsert.java:78)     - INSERT: Termina insersión de portal Juguetron Spinmaster venta diaria
30-11-2016@16:32:07 INFO  (JuguetronInsert.java:73)     - INSERT: Comienza inserción de portal Juguetron Spinmaster venta diaria
30-11-2016@16:32:07 INFO  (Utileria.java:537)     - Renombrando archivo D:\DataRobots\spinmaster\juguetron\juguetron_30112016.txt a D:\DataRobots\spinmaster\juguetron\juguetron_30112016.csv
30-11-2016@16:32:07 INFO  (Utileria.java:549)     - UTIL: No se renombro el archivo con fecha 30112016, ya se renombro o no existe, pasando al siguiente archivo
30-11-2016@16:32:09 INFO  (JuguetronInsert.java:138)     - D:\DataRobots\spinmaster\juguetron\juguetron_30112016.csv (The system cannot find the file specified)
30-11-2016@16:32:09 INFO  (JuguetronInsert.java:118)     - LOAD: Error al executar archivo CSVD:\DataRobots\spinmaster\juguetron\juguetron_30112016.csv (The system cannot find the file specified)
30-11-2016@16:32:09 INFO  (JuguetronInsert.java:78)     - INSERT: Termina insersión de portal Juguetron Spinmaster venta diaria
01-12-2016@14:46:01 INFO  (JuguetronDownload.java:73)     - MAIN: Se ejecuta Juguetron spinmaster
01-12-2016@14:46:01 INFO  (Utileria.java:257)     - old date: Thu Nov 10 00:00:00 CST 2016
01-12-2016@14:46:01 INFO  (Utileria.java:257)     - old date: Fri Nov 11 00:00:00 CST 2016
01-12-2016@14:46:01 INFO  (Utileria.java:257)     - old date: Sat Nov 12 00:00:00 CST 2016
01-12-2016@14:46:01 INFO  (Utileria.java:257)     - old date: Sun Nov 13 00:00:00 CST 2016
01-12-2016@14:46:01 INFO  (Utileria.java:257)     - old date: Mon Nov 14 00:00:00 CST 2016
01-12-2016@14:46:01 INFO  (Utileria.java:257)     - old date: Tue Nov 15 00:00:00 CST 2016
01-12-2016@14:46:01 INFO  (Utileria.java:257)     - old date: Wed Nov 16 00:00:00 CST 2016
01-12-2016@14:46:01 INFO  (Utileria.java:257)     - old date: Thu Nov 17 00:00:00 CST 2016
01-12-2016@14:46:01 INFO  (Utileria.java:257)     - old date: Fri Nov 18 00:00:00 CST 2016
01-12-2016@14:46:01 INFO  (Utileria.java:257)     - old date: Sat Nov 19 00:00:00 CST 2016
01-12-2016@14:46:01 INFO  (Utileria.java:257)     - old date: Sun Nov 20 00:00:00 CST 2016
01-12-2016@14:46:01 INFO  (Utileria.java:257)     - old date: Mon Nov 21 00:00:00 CST 2016
01-12-2016@14:46:01 INFO  (Utileria.java:257)     - old date: Tue Nov 22 00:00:00 CST 2016
01-12-2016@14:46:01 INFO  (Utileria.java:257)     - old date: Wed Nov 23 00:00:00 CST 2016
01-12-2016@14:46:01 INFO  (Utileria.java:257)     - old date: Thu Nov 24 00:00:00 CST 2016
01-12-2016@14:46:01 INFO  (Utileria.java:257)     - old date: Fri Nov 25 00:00:00 CST 2016
01-12-2016@14:46:01 INFO  (Utileria.java:257)     - old date: Sat Nov 26 00:00:00 CST 2016
01-12-2016@14:46:01 INFO  (Utileria.java:257)     - old date: Sun Nov 27 00:00:00 CST 2016
01-12-2016@14:46:01 INFO  (Utileria.java:257)     - old date: Mon Nov 28 00:00:00 CST 2016
01-12-2016@14:46:01 INFO  (Utileria.java:257)     - old date: Tue Nov 29 00:00:00 CST 2016
01-12-2016@14:46:01 INFO  (JuguetronDownload.java:101)     - [-]Termina ejecución del portal Juguetron Spinmaster
01-12-2016@14:46:02 INFO  (JuguetronInsert.java:47)     - INSERT; Se ejecuta Juguetron insert en cuenta: spinmaster
01-12-2016@14:46:08 INFO  (JuguetronInsert.java:67)     - ultima fecha: 29112016
01-12-2016@14:46:08 INFO  (Utileria.java:449)     - old date: Wed Nov 30 00:00:00 CST 2016
01-12-2016@14:46:08 INFO  (Utileria.java:449)     - old date: Thu Dec 01 00:00:00 CST 2016
01-12-2016@14:46:08 INFO  (JuguetronInsert.java:73)     - INSERT: Comienza inserción de portal Juguetron Spinmaster venta diaria
01-12-2016@14:46:08 INFO  (Utileria.java:536)     - Renombrando archivo D:\DataRobots\spinmaster\juguetron\juguetron_30112016.txt a D:\DataRobots\spinmaster\juguetron\juguetron_30112016.csv
01-12-2016@14:46:08 INFO  (Utileria.java:548)     - UTIL: No se renombro el archivo con fecha 30112016, ya se renombro o no existe, pasando al siguiente archivo
01-12-2016@14:46:10 INFO  (JuguetronInsert.java:138)     - D:\DataRobots\spinmaster\juguetron\juguetron_30112016.csv (The system cannot find the file specified)
01-12-2016@14:46:10 INFO  (JuguetronInsert.java:118)     - LOAD: Error al executar archivo CSVD:\DataRobots\spinmaster\juguetron\juguetron_30112016.csv (The system cannot find the file specified)
01-12-2016@14:46:10 INFO  (JuguetronInsert.java:78)     - INSERT: Termina insersión de portal Juguetron Spinmaster venta diaria
01-12-2016@14:46:10 INFO  (JuguetronInsert.java:73)     - INSERT: Comienza inserción de portal Juguetron Spinmaster venta diaria
01-12-2016@14:46:10 INFO  (Utileria.java:536)     - Renombrando archivo D:\DataRobots\spinmaster\juguetron\juguetron_01122016.txt a D:\DataRobots\spinmaster\juguetron\juguetron_01122016.csv
01-12-2016@14:46:10 INFO  (Utileria.java:548)     - UTIL: No se renombro el archivo con fecha 01122016, ya se renombro o no existe, pasando al siguiente archivo
