03-01-2017@12:25:23 INFO  (LiverpoolInsert.java:112)     - Fecha split
03-01-2017@12:25:23 INFO  (LiverpoolInsert.java:114)     - antes sql
03-01-2017@12:25:23 INFO  (LiverpoolInsert.java:116)     - El sql es: INSERT INTO archivoscargados(idProyecto, idCadena, archivo, fechaArchivo, fechaCarga, descripcion, tamano) VALUES(1, 13, 'D:\DataRobots\timberland\liverpool\550\liverpool_550_27122016.csv', '2016-12-27', CURRENT_TIMESTAMP, 'liverpool-timberland', '30022');
03-01-2017@12:25:23 INFO  (LiverpoolInsert.java:80)     - INSERT: Termina insercin de portal Liverpool Cesarfer venta diaria
03-01-2017@12:25:23 INFO  (LiverpoolInsert.java:75)     - INSERT: Comienza insersi贸n de portal Liverpool Cesarfer venta diaria
03-01-2017@12:25:23 INFO  (Utileria.java:615)     - Renombrando archivo D:\DataRobots\timberland\liverpool\550\liverpool_550_28122016.txt a D:\DataRobots\timberland\liverpool\550\liverpool_550_28122016.csv
03-01-2017@12:25:23 INFO  (Utileria.java:618)     - RENAME: El archivo 28122016 existe
03-01-2017@12:25:23 INFO  (Utileria.java:621)     - UTIL: Extencion de archivo liverpool con fecha 28122016 correctamente cambiado
03-01-2017@12:25:25 INFO  (LiverpoolInsert.java:220)     - LOAD: Registros de datos de CSV Liverpool Cesarfer a BD exitoso
03-01-2017@12:25:25 INFO  (LiverpoolInsert.java:104)     - Registro de archivos en bd
03-01-2017@12:25:25 INFO  (LiverpoolInsert.java:112)     - Fecha split
03-01-2017@12:25:25 INFO  (LiverpoolInsert.java:114)     - antes sql
03-01-2017@12:25:25 INFO  (LiverpoolInsert.java:116)     - El sql es: INSERT INTO archivoscargados(idProyecto, idCadena, archivo, fechaArchivo, fechaCarga, descripcion, tamano) VALUES(1, 13, 'D:\DataRobots\timberland\liverpool\550\liverpool_550_28122016.csv', '2016-12-28', CURRENT_TIMESTAMP, 'liverpool-timberland', '26507');
03-01-2017@12:25:25 INFO  (LiverpoolInsert.java:80)     - INSERT: Termina insercin de portal Liverpool Cesarfer venta diaria
03-01-2017@12:25:25 INFO  (LiverpoolInsert.java:75)     - INSERT: Comienza insersi贸n de portal Liverpool Cesarfer venta diaria
03-01-2017@12:25:25 INFO  (Utileria.java:615)     - Renombrando archivo D:\DataRobots\timberland\liverpool\550\liverpool_550_29122016.txt a D:\DataRobots\timberland\liverpool\550\liverpool_550_29122016.csv
03-01-2017@12:25:25 INFO  (Utileria.java:618)     - RENAME: El archivo 29122016 existe
03-01-2017@12:25:25 INFO  (Utileria.java:621)     - UTIL: Extencion de archivo liverpool con fecha 29122016 correctamente cambiado
03-01-2017@12:25:27 INFO  (LiverpoolInsert.java:220)     - LOAD: Registros de datos de CSV Liverpool Cesarfer a BD exitoso
03-01-2017@12:25:27 INFO  (LiverpoolInsert.java:104)     - Registro de archivos en bd
03-01-2017@12:25:27 INFO  (LiverpoolInsert.java:112)     - Fecha split
03-01-2017@12:25:27 INFO  (LiverpoolInsert.java:114)     - antes sql
03-01-2017@12:25:27 INFO  (LiverpoolInsert.java:116)     - El sql es: INSERT INTO archivoscargados(idProyecto, idCadena, archivo, fechaArchivo, fechaCarga, descripcion, tamano) VALUES(1, 13, 'D:\DataRobots\timberland\liverpool\550\liverpool_550_29122016.csv', '2016-12-29', CURRENT_TIMESTAMP, 'liverpool-timberland', '27171');
03-01-2017@12:25:27 INFO  (LiverpoolInsert.java:80)     - INSERT: Termina insercin de portal Liverpool Cesarfer venta diaria
03-01-2017@12:25:27 INFO  (LiverpoolInsert.java:75)     - INSERT: Comienza insersi贸n de portal Liverpool Cesarfer venta diaria
03-01-2017@12:25:27 INFO  (Utileria.java:615)     - Renombrando archivo D:\DataRobots\timberland\liverpool\550\liverpool_550_30122016.txt a D:\DataRobots\timberland\liverpool\550\liverpool_550_30122016.csv
03-01-2017@12:25:27 INFO  (Utileria.java:618)     - RENAME: El archivo 30122016 existe
03-01-2017@12:25:27 INFO  (Utileria.java:621)     - UTIL: Extencion de archivo liverpool con fecha 30122016 correctamente cambiado
03-01-2017@12:25:29 INFO  (LiverpoolInsert.java:220)     - LOAD: Registros de datos de CSV Liverpool Cesarfer a BD exitoso
03-01-2017@12:25:29 INFO  (LiverpoolInsert.java:104)     - Registro de archivos en bd
03-01-2017@12:25:29 INFO  (LiverpoolInsert.java:112)     - Fecha split
03-01-2017@12:25:29 INFO  (LiverpoolInsert.java:114)     - antes sql
03-01-2017@12:25:29 INFO  (LiverpoolInsert.java:116)     - El sql es: INSERT INTO archivoscargados(idProyecto, idCadena, archivo, fechaArchivo, fechaCarga, descripcion, tamano) VALUES(1, 13, 'D:\DataRobots\timberland\liverpool\550\liverpool_550_30122016.csv', '2016-12-30', CURRENT_TIMESTAMP, 'liverpool-timberland', '28067');
03-01-2017@12:25:29 INFO  (LiverpoolInsert.java:80)     - INSERT: Termina insercin de portal Liverpool Cesarfer venta diaria
03-01-2017@12:25:29 INFO  (LiverpoolInsert.java:75)     - INSERT: Comienza insersi贸n de portal Liverpool Cesarfer venta diaria
03-01-2017@12:25:29 INFO  (Utileria.java:615)     - Renombrando archivo D:\DataRobots\timberland\liverpool\550\liverpool_550_31122016.txt a D:\DataRobots\timberland\liverpool\550\liverpool_550_31122016.csv
03-01-2017@12:25:29 INFO  (Utileria.java:618)     - RENAME: El archivo 31122016 existe
03-01-2017@12:25:29 ERROR (Utileria.java:623)     - ERROR al cambiar extensin de archivo liverpool con 31122016 Ya se renombro o no existe
03-01-2017@12:25:31 INFO  (LiverpoolInsert.java:140)     - D:\DataRobots\timberland\liverpool\550\liverpool_550_31122016.csv (The system cannot find the file specified)
03-01-2017@12:25:31 INFO  (LiverpoolInsert.java:120)     - LOAD: Error al executar archivo CSVD:\DataRobots\timberland\liverpool\550\liverpool_550_31122016.csv (The system cannot find the file specified)
03-01-2017@12:25:31 INFO  (LiverpoolInsert.java:80)     - INSERT: Termina insercin de portal Liverpool Cesarfer venta diaria
03-01-2017@12:25:31 INFO  (LiverpoolInsert.java:75)     - INSERT: Comienza insersi贸n de portal Liverpool Cesarfer venta diaria
03-01-2017@12:25:31 INFO  (Utileria.java:615)     - Renombrando archivo D:\DataRobots\timberland\liverpool\550\liverpool_550_01012017.txt a D:\DataRobots\timberland\liverpool\550\liverpool_550_01012017.csv
03-01-2017@12:25:31 INFO  (Utileria.java:618)     - RENAME: El archivo 01012017 existe
03-01-2017@12:25:31 ERROR (Utileria.java:623)     - ERROR al cambiar extensin de archivo liverpool con 01012017 Ya se renombro o no existe
03-01-2017@12:25:33 INFO  (LiverpoolInsert.java:140)     - D:\DataRobots\timberland\liverpool\550\liverpool_550_01012017.csv (The system cannot find the file specified)
03-01-2017@12:25:33 INFO  (LiverpoolInsert.java:120)     - LOAD: Error al executar archivo CSVD:\DataRobots\timberland\liverpool\550\liverpool_550_01012017.csv (The system cannot find the file specified)
03-01-2017@12:25:33 INFO  (LiverpoolInsert.java:80)     - INSERT: Termina insercin de portal Liverpool Cesarfer venta diaria
03-01-2017@12:25:33 INFO  (LiverpoolInsert.java:75)     - INSERT: Comienza insersi贸n de portal Liverpool Cesarfer venta diaria
03-01-2017@12:25:33 INFO  (Utileria.java:615)     - Renombrando archivo D:\DataRobots\timberland\liverpool\550\liverpool_550_02012017.txt a D:\DataRobots\timberland\liverpool\550\liverpool_550_02012017.csv
03-01-2017@12:25:33 INFO  (Utileria.java:627)     - UTIL: No se renombro el archivo con fecha 02012017, ya se renombro o no existe, pasando al siguiente archivo
03-01-2017@12:25:35 INFO  (LiverpoolInsert.java:140)     - D:\DataRobots\timberland\liverpool\550\liverpool_550_02012017.csv (The system cannot find the file specified)
03-01-2017@12:25:35 INFO  (LiverpoolInsert.java:120)     - LOAD: Error al executar archivo CSVD:\DataRobots\timberland\liverpool\550\liverpool_550_02012017.csv (The system cannot find the file specified)
03-01-2017@12:25:35 INFO  (LiverpoolInsert.java:80)     - INSERT: Termina insercin de portal Liverpool Cesarfer venta diaria
03-01-2017@12:25:35 INFO  (LiverpoolInsert.java:75)     - INSERT: Comienza insersi贸n de portal Liverpool Cesarfer venta diaria
03-01-2017@12:25:35 INFO  (Utileria.java:615)     - Renombrando archivo D:\DataRobots\timberland\liverpool\550\liverpool_550_03012017.txt a D:\DataRobots\timberland\liverpool\550\liverpool_550_03012017.csv
03-01-2017@12:25:35 INFO  (Utileria.java:627)     - UTIL: No se renombro el archivo con fecha 03012017, ya se renombro o no existe, pasando al siguiente archivo
03-01-2017@12:25:37 INFO  (LiverpoolInsert.java:140)     - D:\DataRobots\timberland\liverpool\550\liverpool_550_03012017.csv (The system cannot find the file specified)
03-01-2017@12:25:37 INFO  (LiverpoolInsert.java:120)     - LOAD: Error al executar archivo CSVD:\DataRobots\timberland\liverpool\550\liverpool_550_03012017.csv (The system cannot find the file specified)
03-01-2017@12:25:37 INFO  (LiverpoolInsert.java:80)     - INSERT: Termina insercin de portal Liverpool Cesarfer venta diaria
03-01-2017@12:26:04 INFO  (LiverpoolDownload.java:59)     - MAIN: Se ejecuta Liverpool timberland
03-01-2017@12:26:04 INFO  (Utileria.java:433)     - old date: Tue Dec 06 00:00:00 CST 2016
03-01-2017@12:26:04 INFO  (Utileria.java:433)     - old date: Wed Dec 07 00:00:00 CST 2016
03-01-2017@12:26:04 INFO  (Utileria.java:433)     - old date: Thu Dec 08 00:00:00 CST 2016
03-01-2017@12:26:04 INFO  (Utileria.java:433)     - old date: Fri Dec 09 00:00:00 CST 2016
03-01-2017@12:26:04 INFO  (Utileria.java:433)     - old date: Sat Dec 10 00:00:00 CST 2016
03-01-2017@12:26:04 INFO  (Utileria.java:433)     - old date: Sun Dec 11 00:00:00 CST 2016
03-01-2017@12:26:04 INFO  (Utileria.java:433)     - old date: Mon Dec 12 00:00:00 CST 2016
03-01-2017@12:26:04 INFO  (Utileria.java:433)     - old date: Tue Dec 13 00:00:00 CST 2016
03-01-2017@12:26:04 INFO  (Utileria.java:433)     - old date: Wed Dec 14 00:00:00 CST 2016
03-01-2017@12:26:04 INFO  (Utileria.java:433)     - old date: Thu Dec 15 00:00:00 CST 2016
03-01-2017@12:26:04 INFO  (Utileria.java:433)     - old date: Fri Dec 16 00:00:00 CST 2016
03-01-2017@12:26:04 INFO  (Utileria.java:433)     - old date: Sat Dec 17 00:00:00 CST 2016
03-01-2017@12:26:04 INFO  (Utileria.java:433)     - old date: Sun Dec 18 00:00:00 CST 2016
03-01-2017@12:26:04 INFO  (Utileria.java:433)     - old date: Mon Dec 19 00:00:00 CST 2016
03-01-2017@12:26:04 INFO  (Utileria.java:433)     - old date: Tue Dec 20 00:00:00 CST 2016
03-01-2017@12:26:04 INFO  (Utileria.java:433)     - old date: Wed Dec 21 00:00:00 CST 2016
03-01-2017@12:26:04 INFO  (Utileria.java:433)     - old date: Thu Dec 22 00:00:00 CST 2016
03-01-2017@12:26:04 INFO  (Utileria.java:433)     - old date: Fri Dec 23 00:00:00 CST 2016
03-01-2017@12:26:04 INFO  (Utileria.java:433)     - old date: Sat Dec 24 00:00:00 CST 2016
03-01-2017@12:26:04 INFO  (Utileria.java:433)     - old date: Sun Dec 25 00:00:00 CST 2016
03-01-2017@12:26:04 INFO  (Utileria.java:433)     - old date: Mon Dec 26 00:00:00 CST 2016
03-01-2017@12:26:04 INFO  (Utileria.java:433)     - old date: Tue Dec 27 00:00:00 CST 2016
03-01-2017@12:26:04 INFO  (Utileria.java:433)     - old date: Wed Dec 28 00:00:00 CST 2016
03-01-2017@12:26:04 INFO  (Utileria.java:433)     - old date: Thu Dec 29 00:00:00 CST 2016
03-01-2017@12:26:04 INFO  (Utileria.java:433)     - old date: Fri Dec 30 00:00:00 CST 2016
03-01-2017@12:26:04 INFO  (Utileria.java:433)     - old date: Sat Dec 31 00:00:00 CST 2016
03-01-2017@12:26:04 INFO  (Utileria.java:433)     - old date: Sun Jan 01 00:00:00 CST 2017
03-01-2017@12:26:04 INFO  (LiverpoolDownload.java:88)     - [-]Termina ejecucin del portal Liverpool Spinmaster
03-01-2017@12:26:05 INFO  (LiverpoolInsert.java:47)     - INSERT; Se ejecuta Liverpool insert en cuenta: timberland
03-01-2017@12:26:05 INFO  (LiverpoolInsert.java:69)     - ultima fecha: 30122016
03-01-2017@12:26:05 INFO  (Utileria.java:489)     - old date: Sat Dec 31 00:00:00 CST 2016
03-01-2017@12:26:05 INFO  (Utileria.java:489)     - old date: Sun Jan 01 00:00:00 CST 2017
03-01-2017@12:26:05 INFO  (Utileria.java:489)     - old date: Mon Jan 02 00:00:00 CST 2017
03-01-2017@12:26:05 INFO  (Utileria.java:489)     - old date: Tue Jan 03 00:00:00 CST 2017
03-01-2017@12:26:05 INFO  (LiverpoolInsert.java:75)     - INSERT: Comienza insersi贸n de portal Liverpool Cesarfer venta diaria
03-01-2017@12:26:05 INFO  (Utileria.java:615)     - Renombrando archivo D:\DataRobots\timberland\liverpool\550\liverpool_550_31122016.txt a D:\DataRobots\timberland\liverpool\550\liverpool_550_31122016.csv
03-01-2017@12:26:05 INFO  (Utileria.java:618)     - RENAME: El archivo 31122016 existe
03-01-2017@12:26:05 INFO  (Utileria.java:621)     - UTIL: Extencion de archivo liverpool con fecha 31122016 correctamente cambiado
03-01-2017@12:26:07 INFO  (LiverpoolInsert.java:220)     - LOAD: Registros de datos de CSV Liverpool Cesarfer a BD exitoso
03-01-2017@12:26:07 INFO  (LiverpoolInsert.java:104)     - Registro de archivos en bd
03-01-2017@12:26:07 INFO  (LiverpoolInsert.java:112)     - Fecha split
03-01-2017@12:26:07 INFO  (LiverpoolInsert.java:114)     - antes sql
03-01-2017@12:26:07 INFO  (LiverpoolInsert.java:116)     - El sql es: INSERT INTO archivoscargados(idProyecto, idCadena, archivo, fechaArchivo, fechaCarga, descripcion, tamano) VALUES(1, 13, 'D:\DataRobots\timberland\liverpool\550\liverpool_550_31122016.csv', '2016-12-31', CURRENT_TIMESTAMP, 'liverpool-timberland', '18647');
03-01-2017@12:26:07 INFO  (LiverpoolInsert.java:80)     - INSERT: Termina insercin de portal Liverpool Cesarfer venta diaria
03-01-2017@12:26:07 INFO  (LiverpoolInsert.java:75)     - INSERT: Comienza insersi贸n de portal Liverpool Cesarfer venta diaria
03-01-2017@12:26:07 INFO  (Utileria.java:615)     - Renombrando archivo D:\DataRobots\timberland\liverpool\550\liverpool_550_01012017.txt a D:\DataRobots\timberland\liverpool\550\liverpool_550_01012017.csv
03-01-2017@12:26:07 INFO  (Utileria.java:618)     - RENAME: El archivo 01012017 existe
03-01-2017@12:26:07 INFO  (Utileria.java:621)     - UTIL: Extencion de archivo liverpool con fecha 01012017 correctamente cambiado
03-01-2017@12:26:09 INFO  (LiverpoolInsert.java:220)     - LOAD: Registros de datos de CSV Liverpool Cesarfer a BD exitoso
03-01-2017@12:26:09 INFO  (LiverpoolInsert.java:104)     - Registro de archivos en bd
03-01-2017@12:26:09 INFO  (LiverpoolInsert.java:112)     - Fecha split
03-01-2017@12:26:09 INFO  (LiverpoolInsert.java:114)     - antes sql
03-01-2017@12:26:09 INFO  (LiverpoolInsert.java:116)     - El sql es: INSERT INTO archivoscargados(idProyecto, idCadena, archivo, fechaArchivo, fechaCarga, descripcion, tamano) VALUES(1, 13, 'D:\DataRobots\timberland\liverpool\550\liverpool_550_01012017.csv', '2017-01-01', CURRENT_TIMESTAMP, 'liverpool-timberland', '886');
03-01-2017@12:26:09 INFO  (LiverpoolInsert.java:80)     - INSERT: Termina insercin de portal Liverpool Cesarfer venta diaria
03-01-2017@12:26:09 INFO  (LiverpoolInsert.java:75)     - INSERT: Comienza insersi贸n de portal Liverpool Cesarfer venta diaria
03-01-2017@12:26:09 INFO  (Utileria.java:615)     - Renombrando archivo D:\DataRobots\timberland\liverpool\550\liverpool_550_02012017.txt a D:\DataRobots\timberland\liverpool\550\liverpool_550_02012017.csv
03-01-2017@12:26:09 INFO  (Utileria.java:627)     - UTIL: No se renombro el archivo con fecha 02012017, ya se renombro o no existe, pasando al siguiente archivo
03-01-2017@12:26:11 INFO  (LiverpoolInsert.java:140)     - D:\DataRobots\timberland\liverpool\550\liverpool_550_02012017.csv (The system cannot find the file specified)
03-01-2017@12:26:11 INFO  (LiverpoolInsert.java:120)     - LOAD: Error al executar archivo CSVD:\DataRobots\timberland\liverpool\550\liverpool_550_02012017.csv (The system cannot find the file specified)
03-01-2017@12:26:11 INFO  (LiverpoolInsert.java:80)     - INSERT: Termina insercin de portal Liverpool Cesarfer venta diaria
03-01-2017@12:26:11 INFO  (LiverpoolInsert.java:75)     - INSERT: Comienza insersi贸n de portal Liverpool Cesarfer venta diaria
03-01-2017@12:26:11 INFO  (Utileria.java:615)     - Renombrando archivo D:\DataRobots\timberland\liverpool\550\liverpool_550_03012017.txt a D:\DataRobots\timberland\liverpool\550\liverpool_550_03012017.csv
03-01-2017@12:26:11 INFO  (Utileria.java:627)     - UTIL: No se renombro el archivo con fecha 03012017, ya se renombro o no existe, pasando al siguiente archivo
03-01-2017@12:26:13 INFO  (LiverpoolInsert.java:140)     - D:\DataRobots\timberland\liverpool\550\liverpool_550_03012017.csv (The system cannot find the file specified)
03-01-2017@12:26:13 INFO  (LiverpoolInsert.java:120)     - LOAD: Error al executar archivo CSVD:\DataRobots\timberland\liverpool\550\liverpool_550_03012017.csv (The system cannot find the file specified)
03-01-2017@12:26:13 INFO  (LiverpoolInsert.java:80)     - INSERT: Termina insercin de portal Liverpool Cesarfer venta diaria
03-01-2017@12:53:23 INFO  (LiverpoolDownload.java:59)     - MAIN: Se ejecuta Liverpool timberland
03-01-2017@12:53:24 INFO  (Utileria.java:433)     - old date: Sun Jan 01 00:00:00 CST 2017
03-01-2017@12:53:24 INFO  (LiverpoolDownload.java:88)     - [-]Termina ejecucin del portal Liverpool Spinmaster
03-01-2017@12:53:24 INFO  (LiverpoolInsert.java:47)     - INSERT; Se ejecuta Liverpool insert en cuenta: timberland
03-01-2017@12:53:24 INFO  (LiverpoolInsert.java:69)     - ultima fecha: 30122016
03-01-2017@12:53:24 INFO  (Utileria.java:489)     - old date: Sat Dec 31 00:00:00 CST 2016
03-01-2017@12:53:24 INFO  (Utileria.java:489)     - old date: Sun Jan 01 00:00:00 CST 2017
03-01-2017@12:53:24 INFO  (Utileria.java:489)     - old date: Mon Jan 02 00:00:00 CST 2017
03-01-2017@12:53:24 INFO  (Utileria.java:489)     - old date: Tue Jan 03 00:00:00 CST 2017
03-01-2017@12:53:24 INFO  (LiverpoolInsert.java:75)     - INSERT: Comienza insersi贸n de portal Liverpool Cesarfer venta diaria
03-01-2017@12:53:24 INFO  (Utileria.java:615)     - Renombrando archivo D:\DataRobots\timberland\liverpool\237\liverpool_237_31122016.txt a D:\DataRobots\timberland\liverpool\237\liverpool_237_31122016.csv
03-01-2017@12:53:24 INFO  (Utileria.java:618)     - RENAME: El archivo 31122016 existe
03-01-2017@12:53:24 INFO  (Utileria.java:621)     - UTIL: Extencion de archivo liverpool con fecha 31122016 correctamente cambiado
03-01-2017@12:53:26 INFO  (LiverpoolInsert.java:220)     - LOAD: Registros de datos de CSV Liverpool Cesarfer a BD exitoso
03-01-2017@12:53:26 INFO  (LiverpoolInsert.java:104)     - Registro de archivos en bd
03-01-2017@12:53:26 INFO  (LiverpoolInsert.java:112)     - Fecha split
03-01-2017@12:53:26 INFO  (LiverpoolInsert.java:114)     - antes sql
03-01-2017@12:53:26 INFO  (LiverpoolInsert.java:116)     - El sql es: INSERT INTO archivoscargados(idProyecto, idCadena, archivo, fechaArchivo, fechaCarga, descripcion, tamano) VALUES(1, 13, 'D:\DataRobots\timberland\liverpool\237\liverpool_237_31122016.csv', '2016-12-31', CURRENT_TIMESTAMP, 'liverpool-timberland', '13501');
03-01-2017@12:53:26 INFO  (LiverpoolInsert.java:80)     - INSERT: Termina insercin de portal Liverpool Cesarfer venta diaria
03-01-2017@12:53:26 INFO  (LiverpoolInsert.java:75)     - INSERT: Comienza insersi贸n de portal Liverpool Cesarfer venta diaria
03-01-2017@12:53:26 INFO  (Utileria.java:615)     - Renombrando archivo D:\DataRobots\timberland\liverpool\237\liverpool_237_01012017.txt a D:\DataRobots\timberland\liverpool\237\liverpool_237_01012017.csv
03-01-2017@12:53:26 INFO  (Utileria.java:618)     - RENAME: El archivo 01012017 existe
03-01-2017@12:53:26 INFO  (Utileria.java:621)     - UTIL: Extencion de archivo liverpool con fecha 01012017 correctamente cambiado
03-01-2017@12:53:28 INFO  (LiverpoolInsert.java:220)     - LOAD: Registros de datos de CSV Liverpool Cesarfer a BD exitoso
03-01-2017@12:53:28 INFO  (LiverpoolInsert.java:104)     - Registro de archivos en bd
03-01-2017@12:53:28 INFO  (LiverpoolInsert.java:112)     - Fecha split
03-01-2017@12:53:28 INFO  (LiverpoolInsert.java:114)     - antes sql
03-01-2017@12:53:28 INFO  (LiverpoolInsert.java:116)     - El sql es: INSERT INTO archivoscargados(idProyecto, idCadena, archivo, fechaArchivo, fechaCarga, descripcion, tamano) VALUES(1, 13, 'D:\DataRobots\timberland\liverpool\237\liverpool_237_01012017.csv', '2017-01-01', CURRENT_TIMESTAMP, 'liverpool-timberland', '484');
03-01-2017@12:53:28 INFO  (LiverpoolInsert.java:80)     - INSERT: Termina insercin de portal Liverpool Cesarfer venta diaria
03-01-2017@12:53:28 INFO  (LiverpoolInsert.java:75)     - INSERT: Comienza insersi贸n de portal Liverpool Cesarfer venta diaria
03-01-2017@12:53:28 INFO  (Utileria.java:615)     - Renombrando archivo D:\DataRobots\timberland\liverpool\237\liverpool_237_02012017.txt a D:\DataRobots\timberland\liverpool\237\liverpool_237_02012017.csv
03-01-2017@12:53:28 INFO  (Utileria.java:627)     - UTIL: No se renombro el archivo con fecha 02012017, ya se renombro o no existe, pasando al siguiente archivo
03-01-2017@12:53:30 INFO  (LiverpoolInsert.java:140)     - D:\DataRobots\timberland\liverpool\237\liverpool_237_02012017.csv (The system cannot find the file specified)
03-01-2017@12:53:30 INFO  (LiverpoolInsert.java:120)     - LOAD: Error al executar archivo CSVD:\DataRobots\timberland\liverpool\237\liverpool_237_02012017.csv (The system cannot find the file specified)
03-01-2017@12:53:30 INFO  (LiverpoolInsert.java:80)     - INSERT: Termina insercin de portal Liverpool Cesarfer venta diaria
03-01-2017@12:53:30 INFO  (LiverpoolInsert.java:75)     - INSERT: Comienza insersi贸n de portal Liverpool Cesarfer venta diaria
03-01-2017@12:53:30 INFO  (Utileria.java:615)     - Renombrando archivo D:\DataRobots\timberland\liverpool\237\liverpool_237_03012017.txt a D:\DataRobots\timberland\liverpool\237\liverpool_237_03012017.csv
03-01-2017@12:53:30 INFO  (Utileria.java:627)     - UTIL: No se renombro el archivo con fecha 03012017, ya se renombro o no existe, pasando al siguiente archivo
03-01-2017@12:53:32 INFO  (LiverpoolInsert.java:140)     - D:\DataRobots\timberland\liverpool\237\liverpool_237_03012017.csv (The system cannot find the file specified)
03-01-2017@12:53:32 INFO  (LiverpoolInsert.java:120)     - LOAD: Error al executar archivo CSVD:\DataRobots\timberland\liverpool\237\liverpool_237_03012017.csv (The system cannot find the file specified)
03-01-2017@12:53:32 INFO  (LiverpoolInsert.java:80)     - INSERT: Termina insercin de portal Liverpool Cesarfer venta diaria
03-01-2017@12:54:29 INFO  (LiverpoolDownload.java:59)     - MAIN: Se ejecuta Liverpool timberland
03-01-2017@12:54:29 INFO  (Utileria.java:433)     - old date: Sun Jan 01 00:00:00 CST 2017
03-01-2017@12:54:29 INFO  (Utileria.java:562)     - CHECKEXIST: Archivo no encontrado...comienza la generaci贸n/descarga del link/archivo
03-01-2017@12:54:29 INFO  (LiverpoolDownload.java:73)     - MAIN: Comienza descarga de archivo liverpool_01012017
03-01-2017@12:55:19 INFO  (LiverpoolDownload.java:180)     - ACCESS: Sin Periodo
03-01-2017@12:55:19 INFO  (LiverpoolDownload.java:189)     - ACCESS: url: https://bwsext.liverpool.com.mx/sap/bw/BEx?SAP-LANGUAGE=ES&PAGENO=1&REQUEST_NO=1&CMD=PROCESS_HELP_WINDOW&DATA_PROVIDER=DATAPROVIDER_4&HELP_SERVICE=DP_VIEW_FILTER&TARGET_DATA_PROVIDER_1=DATAPROVIDER_4&IOBJNM=0CALDAY&BOOKED_VALUES=M
03-01-2017@12:55:19 INFO  (LiverpoolDownload.java:198)     - Fecha periodo: 01.01.2017
03-01-2017@12:55:19 INFO  (LiverpoolDownload.java:202)     - Enviando peticion click
03-01-2017@12:56:12 WARN  (LiverpoolDownload.java:220)     - ACCESS: ERROR el portal no cargo correctamente, cerrando portal para nuevo intento
03-01-2017@12:56:12 INFO  (LiverpoolDownload.java:88)     - [-]Termina ejecucin del portal Liverpool Spinmaster
03-01-2017@12:56:13 INFO  (LiverpoolInsert.java:47)     - INSERT; Se ejecuta Liverpool insert en cuenta: timberland
03-01-2017@12:56:13 INFO  (LiverpoolInsert.java:69)     - ultima fecha: 31122016
03-01-2017@12:56:13 INFO  (Utileria.java:489)     - old date: Sun Jan 01 00:00:00 CST 2017
03-01-2017@12:56:13 INFO  (Utileria.java:489)     - old date: Mon Jan 02 00:00:00 CST 2017
03-01-2017@12:56:13 INFO  (Utileria.java:489)     - old date: Tue Jan 03 00:00:00 CST 2017
03-01-2017@12:56:13 INFO  (LiverpoolInsert.java:75)     - INSERT: Comienza insersi贸n de portal Liverpool Cesarfer venta diaria
03-01-2017@12:56:13 INFO  (Utileria.java:615)     - Renombrando archivo D:\DataRobots\timberland\liverpool\405\liverpool_405_01012017.txt a D:\DataRobots\timberland\liverpool\405\liverpool_405_01012017.csv
03-01-2017@12:56:13 INFO  (Utileria.java:627)     - UTIL: No se renombro el archivo con fecha 01012017, ya se renombro o no existe, pasando al siguiente archivo
03-01-2017@12:56:15 INFO  (LiverpoolInsert.java:140)     - D:\DataRobots\timberland\liverpool\405\liverpool_405_01012017.csv (The system cannot find the file specified)
03-01-2017@12:56:15 INFO  (LiverpoolInsert.java:120)     - LOAD: Error al executar archivo CSVD:\DataRobots\timberland\liverpool\405\liverpool_405_01012017.csv (The system cannot find the file specified)
03-01-2017@12:56:15 INFO  (LiverpoolInsert.java:80)     - INSERT: Termina insercin de portal Liverpool Cesarfer venta diaria
03-01-2017@12:56:15 INFO  (LiverpoolInsert.java:75)     - INSERT: Comienza insersi贸n de portal Liverpool Cesarfer venta diaria
03-01-2017@12:56:15 INFO  (Utileria.java:615)     - Renombrando archivo D:\DataRobots\timberland\liverpool\405\liverpool_405_02012017.txt a D:\DataRobots\timberland\liverpool\405\liverpool_405_02012017.csv
03-01-2017@12:56:15 INFO  (Utileria.java:627)     - UTIL: No se renombro el archivo con fecha 02012017, ya se renombro o no existe, pasando al siguiente archivo
03-01-2017@12:56:17 INFO  (LiverpoolInsert.java:140)     - D:\DataRobots\timberland\liverpool\405\liverpool_405_02012017.csv (The system cannot find the file specified)
03-01-2017@12:56:17 INFO  (LiverpoolInsert.java:120)     - LOAD: Error al executar archivo CSVD:\DataRobots\timberland\liverpool\405\liverpool_405_02012017.csv (The system cannot find the file specified)
03-01-2017@12:56:17 INFO  (LiverpoolInsert.java:80)     - INSERT: Termina insercin de portal Liverpool Cesarfer venta diaria
03-01-2017@12:56:17 INFO  (LiverpoolInsert.java:75)     - INSERT: Comienza insersi贸n de portal Liverpool Cesarfer venta diaria
03-01-2017@12:56:17 INFO  (Utileria.java:615)     - Renombrando archivo D:\DataRobots\timberland\liverpool\405\liverpool_405_03012017.txt a D:\DataRobots\timberland\liverpool\405\liverpool_405_03012017.csv
03-01-2017@12:56:17 INFO  (Utileria.java:627)     - UTIL: No se renombro el archivo con fecha 03012017, ya se renombro o no existe, pasando al siguiente archivo
03-01-2017@12:56:19 INFO  (LiverpoolInsert.java:140)     - D:\DataRobots\timberland\liverpool\405\liverpool_405_03012017.csv (The system cannot find the file specified)
03-01-2017@12:56:19 INFO  (LiverpoolInsert.java:120)     - LOAD: Error al executar archivo CSVD:\DataRobots\timberland\liverpool\405\liverpool_405_03012017.csv (The system cannot find the file specified)
03-01-2017@12:56:19 INFO  (LiverpoolInsert.java:80)     - INSERT: Termina insercin de portal Liverpool Cesarfer venta diaria
03-01-2017@12:56:53 INFO  (LiverpoolDownload.java:59)     - MAIN: Se ejecuta Liverpool timberland
03-01-2017@12:56:54 INFO  (Utileria.java:433)     - old date: Sun Jan 01 00:00:00 CST 2017
03-01-2017@12:56:54 INFO  (Utileria.java:562)     - CHECKEXIST: Archivo no encontrado...comienza la generaci贸n/descarga del link/archivo
03-01-2017@12:56:54 INFO  (LiverpoolDownload.java:73)     - MAIN: Comienza descarga de archivo liverpool_01012017
03-01-2017@12:57:22 INFO  (LiverpoolDownload.java:180)     - ACCESS: Sin Periodo
03-01-2017@12:57:23 INFO  (LiverpoolDownload.java:189)     - ACCESS: url: https://bwsext.liverpool.com.mx/sap/bw/BEx?SAP-LANGUAGE=ES&PAGENO=1&REQUEST_NO=1&CMD=PROCESS_HELP_WINDOW&DATA_PROVIDER=DATAPROVIDER_4&HELP_SERVICE=DP_VIEW_FILTER&TARGET_DATA_PROVIDER_1=DATAPROVIDER_4&IOBJNM=0CALDAY&BOOKED_VALUES=M
03-01-2017@12:57:23 INFO  (LiverpoolDownload.java:198)     - Fecha periodo: 01.01.2017
03-01-2017@12:57:23 INFO  (LiverpoolDownload.java:202)     - Enviando peticion click
03-01-2017@12:58:16 WARN  (LiverpoolDownload.java:220)     - ACCESS: ERROR el portal no cargo correctamente, cerrando portal para nuevo intento
03-01-2017@12:58:16 INFO  (LiverpoolDownload.java:88)     - [-]Termina ejecucin del portal Liverpool Spinmaster
03-01-2017@12:58:16 INFO  (LiverpoolInsert.java:47)     - INSERT; Se ejecuta Liverpool insert en cuenta: timberland
03-01-2017@12:58:16 INFO  (LiverpoolInsert.java:69)     - ultima fecha: 31122016
03-01-2017@12:58:16 INFO  (Utileria.java:489)     - old date: Sun Jan 01 00:00:00 CST 2017
03-01-2017@12:58:16 INFO  (Utileria.java:489)     - old date: Mon Jan 02 00:00:00 CST 2017
03-01-2017@12:58:16 INFO  (Utileria.java:489)     - old date: Tue Jan 03 00:00:00 CST 2017
03-01-2017@12:58:16 INFO  (LiverpoolInsert.java:75)     - INSERT: Comienza insersi贸n de portal Liverpool Cesarfer venta diaria
03-01-2017@12:58:16 INFO  (Utileria.java:615)     - Renombrando archivo D:\DataRobots\timberland\liverpool\459\liverpool_459_01012017.txt a D:\DataRobots\timberland\liverpool\459\liverpool_459_01012017.csv
03-01-2017@12:58:16 INFO  (Utileria.java:627)     - UTIL: No se renombro el archivo con fecha 01012017, ya se renombro o no existe, pasando al siguiente archivo
03-01-2017@12:58:18 INFO  (LiverpoolInsert.java:140)     - D:\DataRobots\timberland\liverpool\459\liverpool_459_01012017.csv (The system cannot find the file specified)
03-01-2017@12:58:18 INFO  (LiverpoolInsert.java:120)     - LOAD: Error al executar archivo CSVD:\DataRobots\timberland\liverpool\459\liverpool_459_01012017.csv (The system cannot find the file specified)
03-01-2017@12:58:18 INFO  (LiverpoolInsert.java:80)     - INSERT: Termina insercin de portal Liverpool Cesarfer venta diaria
03-01-2017@12:58:18 INFO  (LiverpoolInsert.java:75)     - INSERT: Comienza insersi贸n de portal Liverpool Cesarfer venta diaria
03-01-2017@12:58:18 INFO  (Utileria.java:615)     - Renombrando archivo D:\DataRobots\timberland\liverpool\459\liverpool_459_02012017.txt a D:\DataRobots\timberland\liverpool\459\liverpool_459_02012017.csv
03-01-2017@12:58:18 INFO  (Utileria.java:627)     - UTIL: No se renombro el archivo con fecha 02012017, ya se renombro o no existe, pasando al siguiente archivo
03-01-2017@12:58:20 INFO  (LiverpoolInsert.java:140)     - D:\DataRobots\timberland\liverpool\459\liverpool_459_02012017.csv (The system cannot find the file specified)
03-01-2017@12:58:20 INFO  (LiverpoolInsert.java:120)     - LOAD: Error al executar archivo CSVD:\DataRobots\timberland\liverpool\459\liverpool_459_02012017.csv (The system cannot find the file specified)
03-01-2017@12:58:20 INFO  (LiverpoolInsert.java:80)     - INSERT: Termina insercin de portal Liverpool Cesarfer venta diaria
03-01-2017@12:58:20 INFO  (LiverpoolInsert.java:75)     - INSERT: Comienza insersi贸n de portal Liverpool Cesarfer venta diaria
03-01-2017@12:58:20 INFO  (Utileria.java:615)     - Renombrando archivo D:\DataRobots\timberland\liverpool\459\liverpool_459_03012017.txt a D:\DataRobots\timberland\liverpool\459\liverpool_459_03012017.csv
03-01-2017@12:58:20 INFO  (Utileria.java:627)     - UTIL: No se renombro el archivo con fecha 03012017, ya se renombro o no existe, pasando al siguiente archivo
03-01-2017@12:58:22 INFO  (LiverpoolInsert.java:140)     - D:\DataRobots\timberland\liverpool\459\liverpool_459_03012017.csv (The system cannot find the file specified)
03-01-2017@12:58:22 INFO  (LiverpoolInsert.java:120)     - LOAD: Error al executar archivo CSVD:\DataRobots\timberland\liverpool\459\liverpool_459_03012017.csv (The system cannot find the file specified)
03-01-2017@12:58:22 INFO  (LiverpoolInsert.java:80)     - INSERT: Termina insercin de portal Liverpool Cesarfer venta diaria
