22-10-2015@10:18:01 INFO  (WalmartGenerateLink.java:33)     - Se ejecuta Walmart Link Generator Cesarfer
22-10-2015@10:18:01 INFO  (Utileria.java:625)     - old date: Tue Oct 06 10:18:01 CDT 2015
22-10-2015@10:18:01 INFO  (Utileria.java:625)     - old date: Mon Oct 05 10:18:01 CDT 2015
22-10-2015@10:18:01 INFO  (Utileria.java:625)     - old date: Sun Oct 04 10:18:01 CDT 2015
22-10-2015@10:18:01 INFO  (Utileria.java:625)     - old date: Sat Oct 03 10:18:01 CDT 2015
22-10-2015@10:18:01 INFO  (Utileria.java:625)     - old date: Fri Oct 02 10:18:01 CDT 2015
22-10-2015@10:18:01 INFO  (Utileria.java:625)     - old date: Thu Oct 01 10:18:01 CDT 2015
22-10-2015@10:18:01 INFO  (Utileria.java:625)     - old date: Wed Sep 30 10:18:01 CDT 2015
22-10-2015@10:18:01 INFO  (Utileria.java:625)     - old date: Tue Sep 29 10:18:01 CDT 2015
22-10-2015@10:18:01 INFO  (Utileria.java:625)     - old date: Mon Sep 28 10:18:01 CDT 2015
22-10-2015@10:18:01 INFO  (Utileria.java:625)     - old date: Sun Sep 27 10:18:01 CDT 2015
23-10-2015@14:21:33 INFO  (WalmartGenerateLink.java:27)     - Ok
23-10-2015@14:21:33 INFO  (Utileria.java:33)     - C:\Users\Aldo\Documents\ProyectosJava\Cesarfer\general.properties
23-10-2015@14:40:36 INFO  (WalmartGenerateLink.java:37)     - Se ejecuta Walmart Link Generator Cesarfer
23-10-2015@14:40:37 INFO  (WalmartGenerateLink.java:43)     - walmart_
23-10-2015@14:52:19 INFO  (WalmartGenerateLink.java:37)     - Se ejecuta Walmart Link Generator Cesarfer
23-10-2015@14:52:19 INFO  (Utileria.java:53)     - C:\Users\Aldo\Documents\ProyectosJava\Cesarfer\CesarferFilesData\walmart
26-10-2015@11:03:25 INFO  (WalmartGenerateLink.java:37)     - Se ejecuta Walmart Link Generator Cesarfer
26-10-2015@11:03:25 INFO  (Utileria.java:53)     - C:\Users\Aldo\Documents\ProyectosJava\Cesarfer\CesarferFilesData\walmart
26-10-2015@11:14:33 INFO  (WalmartGenerateLink.java:37)     - Se ejecuta Walmart Link Generator Cesarfer
26-10-2015@11:15:18 INFO  (WalmartGenerateLink.java:37)     - Se ejecuta Walmart Link Generator Cesarfer
26-10-2015@11:16:19 INFO  (WalmartGenerateLink.java:37)     - Se ejecuta Walmart Link Generator Cesarfer
26-10-2015@11:16:34 INFO  (WalmartGenerateLink.java:37)     - Se ejecuta Walmart Link Generator Cesarfer
26-10-2015@11:20:43 INFO  (WalmartGenerateLink.java:37)     - Se ejecuta Walmart Link Generator Cesarfer
26-10-2015@11:21:19 INFO  (WalmartGenerateLink.java:37)     - Se ejecuta Walmart Link Generator Cesarfer
26-10-2015@11:22:36 INFO  (WalmartGenerateLink.java:37)     - Se ejecuta Walmart Link Generator Cesarfer
26-10-2015@11:24:34 INFO  (WalmartGenerateLink.java:37)     - Se ejecuta Walmart Link Generator Cesarfer
26-10-2015@11:24:59 INFO  (WalmartGenerateLink.java:37)     - Se ejecuta Walmart Link Generator Cesarfer
26-10-2015@11:44:36 INFO  (WalmartGenerateLink.java:37)     - Se ejecuta Walmart Link Generator Cesarfer
26-10-2015@11:44:53 INFO  (WalmartGenerateLink.java:37)     - Se ejecuta Walmart Link Generator Cesarfer
26-10-2015@11:46:09 INFO  (WalmartGenerateLink.java:37)     - Se ejecuta Walmart Link Generator Cesarfer
26-10-2015@11:46:31 INFO  (WalmartGenerateLink.java:37)     - Se ejecuta Walmart Link Generator Cesarfer
26-10-2015@11:46:46 INFO  (WalmartGenerateLink.java:37)     - Se ejecuta Walmart Link Generator Cesarfer
26-10-2015@11:46:58 INFO  (WalmartGenerateLink.java:37)     - Se ejecuta Walmart Link Generator Cesarfer
26-10-2015@11:56:19 INFO  (WalmartGenerateLink.java:37)     - Se ejecuta Walmart Link Generator Cesarfer
26-10-2015@11:57:11 INFO  (WalmartGenerateLink.java:37)     - Se ejecuta Walmart Link Generator Cesarfer
26-10-2015@11:58:03 INFO  (WalmartGenerateLink.java:37)     - Se ejecuta Walmart Link Generator Cesarfer
26-10-2015@11:58:39 INFO  (WalmartGenerateLink.java:37)     - Se ejecuta Walmart Link Generator Cesarfer
26-10-2015@12:01:43 INFO  (WalmartGenerateLink.java:37)     - Se ejecuta Walmart Link Generator Cesarfer
26-10-2015@12:03:12 INFO  (WalmartGenerateLink.java:37)     - Se ejecuta Walmart Link Generator Cesarfer
26-10-2015@12:04:31 INFO  (WalmartGenerateLink.java:37)     - Se ejecuta Walmart Link Generator Cesarfer
26-10-2015@12:08:53 INFO  (WalmartGenerateLink.java:37)     - Se ejecuta Walmart Link Generator Cesarfer
26-10-2015@12:31:28 INFO  (WalmartGenerateLink.java:37)     - Se ejecuta Walmart Link Generator Cesarfer
26-10-2015@12:31:28 INFO  (Utileria.java:92)     - Mon Oct 26 12:31:28 CST 2015
26-10-2015@12:34:29 INFO  (WalmartGenerateLink.java:37)     - Se ejecuta Walmart Link Generator Cesarfer
26-10-2015@12:34:29 INFO  (Utileria.java:92)     - java.text.SimpleDateFormat@ac880840
26-10-2015@12:34:57 INFO  (WalmartGenerateLink.java:37)     - Se ejecuta Walmart Link Generator Cesarfer
26-10-2015@12:34:57 INFO  (Utileria.java:91)     - java.text.SimpleDateFormat@ac880840
26-10-2015@12:35:31 INFO  (WalmartGenerateLink.java:37)     - Se ejecuta Walmart Link Generator Cesarfer
26-10-2015@12:35:31 INFO  (Utileria.java:91)     - java.util.GregorianCalendar[time=-1078723468218,areFieldsSet=true,areAllFieldsSet=true,lenient=true,zone=sun.util.calendar.ZoneInfo[id="America/Mexico_City",offset=-21600000,dstSavings=3600000,useDaylight=true,transitions=99,lastRule=java.util.SimpleTimeZone[id=America/Mexico_City,offset=-21600000,dstSavings=3600000,useDaylight=true,startYear=0,startMode=3,startMonth=3,startDay=1,startDayOfWeek=1,startTime=7200000,startTimeMode=0,endMode=2,endMonth=9,endDay=-1,endDayOfWeek=1,endTime=7200000,endTimeMode=0]],firstDayOfWeek=2,minimalDaysInFirstWeek=1,ERA=1,YEAR=1935,MONTH=9,WEEK_OF_YEAR=43,WEEK_OF_MONTH=4,DAY_OF_MONTH=26,DAY_OF_YEAR=299,DAY_OF_WEEK=7,DAY_OF_WEEK_IN_MONTH=4,AM_PM=1,HOUR=0,HOUR_OF_DAY=12,MINUTE=35,SECOND=31,MILLISECOND=782,ZONE_OFFSET=-21600000,DST_OFFSET=0]
26-10-2015@12:36:06 INFO  (WalmartGenerateLink.java:37)     - Se ejecuta Walmart Link Generator Cesarfer
26-10-2015@12:36:06 INFO  (Utileria.java:91)     - java.text.SimpleDateFormat@aedb247f
26-10-2015@13:04:02 INFO  (WalmartGenerateLink.java:37)     - Se ejecuta Walmart Link Generator Cesarfer
26-10-2015@13:04:02 INFO  (Utileria.java:103)     - 11
26-10-2015@13:04:40 INFO  (WalmartGenerateLink.java:37)     - Se ejecuta Walmart Link Generator Cesarfer
26-10-2015@13:04:40 INFO  (Utileria.java:103)     - 10
26-10-2015@13:05:49 INFO  (WalmartGenerateLink.java:37)     - Se ejecuta Walmart Link Generator Cesarfer
26-10-2015@13:05:49 INFO  (Utileria.java:108)     - old date: Sun Oct 25 13:05:49 CST 2015
26-10-2015@13:05:49 INFO  (Utileria.java:108)     - old date: Sat Oct 24 13:05:49 CDT 2015
26-10-2015@13:05:49 INFO  (Utileria.java:108)     - old date: Fri Oct 23 13:05:49 CDT 2015
26-10-2015@13:05:49 INFO  (Utileria.java:108)     - old date: Thu Oct 22 13:05:49 CDT 2015
26-10-2015@13:05:49 INFO  (Utileria.java:108)     - old date: Wed Oct 21 13:05:49 CDT 2015
26-10-2015@13:05:49 INFO  (Utileria.java:108)     - old date: Tue Oct 20 13:05:49 CDT 2015
26-10-2015@13:05:49 INFO  (Utileria.java:108)     - old date: Mon Oct 19 13:05:49 CDT 2015
26-10-2015@13:05:49 INFO  (Utileria.java:108)     - old date: Sun Oct 18 13:05:49 CDT 2015
26-10-2015@13:05:49 INFO  (Utileria.java:108)     - old date: Sat Oct 17 13:05:49 CDT 2015
26-10-2015@13:05:49 INFO  (Utileria.java:108)     - old date: Fri Oct 16 13:05:49 CDT 2015
26-10-2015@13:07:26 INFO  (WalmartGenerateLink.java:37)     - Se ejecuta Walmart Link Generator Cesarfer
26-10-2015@13:07:26 INFO  (Utileria.java:108)     - old date: Sun Oct 25 13:07:26 CST 2015
26-10-2015@13:07:26 INFO  (Utileria.java:108)     - old date: Sat Oct 24 13:07:26 CDT 2015
26-10-2015@13:07:26 INFO  (Utileria.java:108)     - old date: Fri Oct 23 13:07:26 CDT 2015
26-10-2015@13:07:26 INFO  (Utileria.java:108)     - old date: Thu Oct 22 13:07:26 CDT 2015
26-10-2015@13:07:26 INFO  (Utileria.java:108)     - old date: Wed Oct 21 13:07:26 CDT 2015
26-10-2015@13:07:26 INFO  (Utileria.java:108)     - old date: Tue Oct 20 13:07:26 CDT 2015
26-10-2015@13:07:26 INFO  (Utileria.java:108)     - old date: Mon Oct 19 13:07:26 CDT 2015
26-10-2015@13:07:26 INFO  (Utileria.java:108)     - old date: Sun Oct 18 13:07:26 CDT 2015
26-10-2015@13:07:26 INFO  (Utileria.java:108)     - old date: Sat Oct 17 13:07:26 CDT 2015
26-10-2015@13:07:26 INFO  (Utileria.java:108)     - old date: Fri Oct 16 13:07:26 CDT 2015
26-10-2015@13:11:20 INFO  (WalmartGenerateLink.java:37)     - Se ejecuta Walmart Link Generator Cesarfer
26-10-2015@13:11:20 INFO  (Utileria.java:111)     - old date: Sun Oct 25 13:11:20 CST 2015
26-10-2015@13:11:20 INFO  (Utileria.java:111)     - old date: Sat Oct 24 13:11:20 CDT 2015
26-10-2015@13:11:20 INFO  (Utileria.java:111)     - old date: Fri Oct 23 13:11:20 CDT 2015
26-10-2015@13:11:20 INFO  (Utileria.java:111)     - old date: Thu Oct 22 13:11:20 CDT 2015
26-10-2015@13:11:20 INFO  (Utileria.java:111)     - old date: Wed Oct 21 13:11:20 CDT 2015
26-10-2015@13:11:20 INFO  (Utileria.java:111)     - old date: Tue Oct 20 13:11:20 CDT 2015
26-10-2015@13:11:20 INFO  (Utileria.java:111)     - old date: Mon Oct 19 13:11:20 CDT 2015
26-10-2015@13:11:20 INFO  (Utileria.java:111)     - old date: Sun Oct 18 13:11:20 CDT 2015
26-10-2015@13:11:20 INFO  (Utileria.java:111)     - old date: Sat Oct 17 13:11:20 CDT 2015
26-10-2015@13:11:20 INFO  (Utileria.java:111)     - old date: Fri Oct 16 13:11:20 CDT 2015
26-10-2015@13:24:55 INFO  (WalmartGenerateLink.java:38)     - Se ejecuta Walmart Link Generator Cesarfer
26-10-2015@13:24:55 INFO  (Utileria.java:110)     - old date: Sun Oct 25 13:24:55 CST 2015
26-10-2015@13:24:55 INFO  (Utileria.java:110)     - old date: Sat Oct 24 13:24:55 CDT 2015
26-10-2015@13:24:55 INFO  (Utileria.java:110)     - old date: Fri Oct 23 13:24:55 CDT 2015
26-10-2015@13:24:55 INFO  (Utileria.java:110)     - old date: Thu Oct 22 13:24:55 CDT 2015
26-10-2015@13:24:55 INFO  (Utileria.java:110)     - old date: Wed Oct 21 13:24:55 CDT 2015
26-10-2015@13:24:55 INFO  (Utileria.java:110)     - old date: Tue Oct 20 13:24:55 CDT 2015
26-10-2015@13:24:55 INFO  (Utileria.java:110)     - old date: Mon Oct 19 13:24:55 CDT 2015
26-10-2015@13:24:55 INFO  (Utileria.java:110)     - old date: Sun Oct 18 13:24:55 CDT 2015
26-10-2015@13:24:55 INFO  (Utileria.java:110)     - old date: Sat Oct 17 13:24:55 CDT 2015
26-10-2015@13:24:55 INFO  (Utileria.java:110)     - old date: Fri Oct 16 13:24:55 CDT 2015
26-10-2015@13:28:33 INFO  (WalmartGenerateLink.java:38)     - Se ejecuta Walmart Link Generator Cesarfer
26-10-2015@13:28:33 INFO  (WalmartGenerateLink.java:49)     - 10-25-2015
26-10-2015@13:28:33 INFO  (Utileria.java:135)     - [+]Archivo no encontrado...comienza descarga
26-10-2015@13:28:33 INFO  (WalmartGenerateLink.java:52)     - Comienza descarga de archivo walmart_10-25-2015
26-10-2015@13:28:33 INFO  (WalmartGenerateLink.java:49)     - 10-24-2015
26-10-2015@13:28:33 INFO  (Utileria.java:135)     - [+]Archivo no encontrado...comienza descarga
26-10-2015@13:28:33 INFO  (WalmartGenerateLink.java:52)     - Comienza descarga de archivo walmart_10-24-2015
26-10-2015@13:28:33 INFO  (WalmartGenerateLink.java:49)     - 10-23-2015
26-10-2015@13:28:33 INFO  (Utileria.java:135)     - [+]Archivo no encontrado...comienza descarga
26-10-2015@13:28:33 INFO  (WalmartGenerateLink.java:52)     - Comienza descarga de archivo walmart_10-23-2015
26-10-2015@13:28:33 INFO  (WalmartGenerateLink.java:49)     - 10-22-2015
26-10-2015@13:28:33 INFO  (Utileria.java:135)     - [+]Archivo no encontrado...comienza descarga
26-10-2015@13:28:33 INFO  (WalmartGenerateLink.java:52)     - Comienza descarga de archivo walmart_10-22-2015
26-10-2015@13:28:33 INFO  (WalmartGenerateLink.java:49)     - 10-21-2015
26-10-2015@13:28:33 INFO  (Utileria.java:135)     - [+]Archivo no encontrado...comienza descarga
26-10-2015@13:28:33 INFO  (WalmartGenerateLink.java:52)     - Comienza descarga de archivo walmart_10-21-2015
26-10-2015@13:28:33 INFO  (WalmartGenerateLink.java:49)     - 10-20-2015
26-10-2015@13:28:33 INFO  (Utileria.java:135)     - [+]Archivo no encontrado...comienza descarga
26-10-2015@13:28:33 INFO  (WalmartGenerateLink.java:52)     - Comienza descarga de archivo walmart_10-20-2015
26-10-2015@13:28:33 INFO  (WalmartGenerateLink.java:49)     - 10-19-2015
26-10-2015@13:28:33 INFO  (Utileria.java:135)     - [+]Archivo no encontrado...comienza descarga
26-10-2015@13:28:33 INFO  (WalmartGenerateLink.java:52)     - Comienza descarga de archivo walmart_10-19-2015
26-10-2015@13:28:33 INFO  (WalmartGenerateLink.java:49)     - 10-18-2015
26-10-2015@13:28:33 INFO  (Utileria.java:135)     - [+]Archivo no encontrado...comienza descarga
26-10-2015@13:28:33 INFO  (WalmartGenerateLink.java:52)     - Comienza descarga de archivo walmart_10-18-2015
26-10-2015@13:28:33 INFO  (WalmartGenerateLink.java:49)     - 10-17-2015
26-10-2015@13:28:33 INFO  (Utileria.java:135)     - [+]Archivo no encontrado...comienza descarga
26-10-2015@13:28:33 INFO  (WalmartGenerateLink.java:52)     - Comienza descarga de archivo walmart_10-17-2015
26-10-2015@13:28:33 INFO  (WalmartGenerateLink.java:49)     - 10-16-2015
26-10-2015@13:28:33 INFO  (Utileria.java:135)     - [+]Archivo no encontrado...comienza descarga
26-10-2015@13:28:33 INFO  (WalmartGenerateLink.java:52)     - Comienza descarga de archivo walmart_10-16-2015
26-10-2015@13:28:33 INFO  (WalmartGenerateLink.java:64)     - [-]Termina ejecución del portal Walmart Cesarfer
