26-10-2015@16:19:31 INFO  (WalmartDownload.java:24)     - Listo
26-10-2015@16:19:37 INFO  (WalmartDownload.java:24)     - Listo
26-10-2015@16:40:38 INFO  (WalmartDownload.java:30)     - Se ejecuta Walmart download
26-10-2015@16:40:38 INFO  (Utileria.java:114)     - old date: Sun Oct 25 16:40:38 CST 2015
26-10-2015@16:40:38 INFO  (Utileria.java:114)     - old date: Sat Oct 24 16:40:38 CDT 2015
26-10-2015@16:40:38 INFO  (Utileria.java:114)     - old date: Fri Oct 23 16:40:38 CDT 2015
26-10-2015@16:40:38 INFO  (Utileria.java:114)     - old date: Thu Oct 22 16:40:38 CDT 2015
26-10-2015@16:40:38 INFO  (Utileria.java:114)     - old date: Wed Oct 21 16:40:38 CDT 2015
26-10-2015@16:40:38 INFO  (Utileria.java:114)     - old date: Tue Oct 20 16:40:38 CDT 2015
26-10-2015@16:40:38 INFO  (Utileria.java:114)     - old date: Mon Oct 19 16:40:38 CDT 2015
26-10-2015@16:40:38 INFO  (Utileria.java:114)     - old date: Sun Oct 18 16:40:38 CDT 2015
26-10-2015@16:40:38 INFO  (Utileria.java:114)     - old date: Sat Oct 17 16:40:38 CDT 2015
26-10-2015@16:40:38 INFO  (Utileria.java:114)     - old date: Fri Oct 16 16:40:38 CDT 2015
26-10-2015@16:51:11 INFO  (WalmartDownload.java:30)     - Se ejecuta Walmart download
26-10-2015@16:51:11 INFO  (Utileria.java:114)     - old date: Sun Oct 25 16:51:11 CST 2015
26-10-2015@16:51:11 INFO  (Utileria.java:114)     - old date: Sat Oct 24 16:51:11 CDT 2015
26-10-2015@16:51:11 INFO  (Utileria.java:114)     - old date: Fri Oct 23 16:51:11 CDT 2015
26-10-2015@16:51:11 INFO  (Utileria.java:114)     - old date: Thu Oct 22 16:51:11 CDT 2015
26-10-2015@16:51:11 INFO  (Utileria.java:114)     - old date: Wed Oct 21 16:51:11 CDT 2015
26-10-2015@16:51:11 INFO  (Utileria.java:114)     - old date: Tue Oct 20 16:51:11 CDT 2015
26-10-2015@16:51:11 INFO  (Utileria.java:114)     - old date: Mon Oct 19 16:51:11 CDT 2015
26-10-2015@16:51:11 INFO  (Utileria.java:114)     - old date: Sun Oct 18 16:51:11 CDT 2015
26-10-2015@16:51:11 INFO  (Utileria.java:114)     - old date: Sat Oct 17 16:51:11 CDT 2015
26-10-2015@16:51:11 INFO  (Utileria.java:114)     - old date: Fri Oct 16 16:51:11 CDT 2015
26-10-2015@16:51:11 INFO  (Utileria.java:137)     - [+]Archivo no encontrado...comienza la generación del link
26-10-2015@16:51:11 INFO  (WalmartDownload.java:41)     - Comienza descarga de archivo walmart_10-25-2015
26-10-2015@16:52:06 INFO  (WalmartDownload.java:30)     - Se ejecuta Walmart download
26-10-2015@16:52:06 INFO  (Utileria.java:114)     - old date: Sun Oct 25 16:52:06 CST 2015
26-10-2015@16:52:06 INFO  (Utileria.java:114)     - old date: Sat Oct 24 16:52:06 CDT 2015
26-10-2015@16:52:06 INFO  (Utileria.java:114)     - old date: Fri Oct 23 16:52:06 CDT 2015
26-10-2015@16:52:06 INFO  (Utileria.java:114)     - old date: Thu Oct 22 16:52:06 CDT 2015
26-10-2015@16:52:06 INFO  (Utileria.java:114)     - old date: Wed Oct 21 16:52:06 CDT 2015
26-10-2015@16:52:06 INFO  (Utileria.java:114)     - old date: Tue Oct 20 16:52:06 CDT 2015
26-10-2015@16:52:06 INFO  (Utileria.java:114)     - old date: Mon Oct 19 16:52:06 CDT 2015
26-10-2015@16:52:06 INFO  (Utileria.java:114)     - old date: Sun Oct 18 16:52:06 CDT 2015
26-10-2015@16:52:06 INFO  (Utileria.java:114)     - old date: Sat Oct 17 16:52:06 CDT 2015
26-10-2015@16:52:06 INFO  (Utileria.java:114)     - old date: Fri Oct 16 16:52:06 CDT 2015
26-10-2015@16:52:06 INFO  (Utileria.java:137)     - [+]Archivo no encontrado...comienza la generación del link
26-10-2015@16:52:06 INFO  (WalmartDownload.java:41)     - Comienza descarga de archivo walmart_10-25-2015
26-10-2015@16:52:17 INFO  (RetailLink.java:76)     - Reporte : evolve_webbot_10-25-2015
26-10-2015@16:52:24 INFO  (RetailLink.java:84)     - Url : https://retaillink.wal-mart.com/Outbound04/ces4001_444002013_0217506AXC660X4598X9980X107834532460.txt
26-10-2015@16:52:28 INFO  (RetailLink.java:99)     - [-]Termina la creación del archivo
26-10-2015@16:52:31 INFO  (Utileria.java:137)     - [+]Archivo no encontrado...comienza la generación del link
26-10-2015@16:52:31 INFO  (WalmartDownload.java:41)     - Comienza descarga de archivo walmart_10-24-2015
26-10-2015@16:52:40 INFO  (RetailLink.java:76)     - Reporte : evolve_webbot_10-24-2015
26-10-2015@16:52:45 INFO  (RetailLink.java:84)     - Url : https://retaillink.wal-mart.com/Outbound04/ces4001_444002021_2F10E549X3352X43BAX86FDXE6D55C003E37.txt
26-10-2015@16:52:48 INFO  (RetailLink.java:99)     - [-]Termina la creación del archivo
26-10-2015@16:52:52 INFO  (Utileria.java:137)     - [+]Archivo no encontrado...comienza la generación del link
26-10-2015@16:52:52 INFO  (WalmartDownload.java:41)     - Comienza descarga de archivo walmart_10-23-2015
26-10-2015@16:53:00 INFO  (RetailLink.java:76)     - Reporte : evolve_webbot_10-23-2015
26-10-2015@16:53:05 INFO  (RetailLink.java:84)     - Url : https://retaillink.wal-mart.com/Outbound05/ces4001_444002030_6EFBA8D7X0C1AX47EEXA145X8656278EB908.txt
26-10-2015@16:53:09 INFO  (RetailLink.java:99)     - [-]Termina la creación del archivo
26-10-2015@16:53:12 INFO  (Utileria.java:137)     - [+]Archivo no encontrado...comienza la generación del link
26-10-2015@16:53:12 INFO  (WalmartDownload.java:41)     - Comienza descarga de archivo walmart_10-22-2015
26-10-2015@16:53:20 INFO  (RetailLink.java:76)     - Reporte : evolve_webbot_10-22-2015
26-10-2015@16:53:26 INFO  (RetailLink.java:84)     - Url : https://retaillink.wal-mart.com/Outbound04/ces4001_444002037_D8E76448X3F7BX4D3FX91F3X31FA5924DC9D.txt
26-10-2015@16:53:30 INFO  (RetailLink.java:99)     - [-]Termina la creación del archivo
26-10-2015@16:53:34 INFO  (Utileria.java:137)     - [+]Archivo no encontrado...comienza la generación del link
26-10-2015@16:53:34 INFO  (WalmartDownload.java:41)     - Comienza descarga de archivo walmart_10-21-2015
26-10-2015@16:53:43 INFO  (RetailLink.java:76)     - Reporte : evolve_webbot_10-21-2015
26-10-2015@16:53:43 INFO  (RetailLink.java:84)     - Url : https://retaillink.wal-mart.com/decision_support/Status_retrieve_request.aspx?questionid=Q10102&applicationid=300&JobId=444008496&status=D&Extension=txt&filename=/Outbound04/ces4001_444008496_282426B0X2F48X4BFAX80EFX9D6A6BF5AB49&reqname=evolve_webbot_10-21-2015,444008496
26-10-2015@16:53:51 INFO  (RetailLink.java:99)     - [-]Termina la creación del archivo
26-10-2015@16:53:55 INFO  (Utileria.java:137)     - [+]Archivo no encontrado...comienza la generación del link
26-10-2015@16:53:55 INFO  (WalmartDownload.java:41)     - Comienza descarga de archivo walmart_10-20-2015
26-10-2015@16:54:03 INFO  (RetailLink.java:76)     - Reporte : evolve_webbot_10-20-2015
26-10-2015@16:54:03 INFO  (RetailLink.java:84)     - Url : https://retaillink.wal-mart.com/decision_support/Status_retrieve_request.aspx?questionid=Q10102&applicationid=300&JobId=444002051&status=D&Extension=txt&filename=/Outbound01/ces4001_444002051_8600986EX6E39X4F2DX8C00X48DF9DE0B94D&reqname=evolve_webbot_10-20-2015,444002051
26-10-2015@16:54:12 INFO  (RetailLink.java:99)     - [-]Termina la creación del archivo
26-10-2015@16:54:15 INFO  (Utileria.java:137)     - [+]Archivo no encontrado...comienza la generación del link
26-10-2015@16:54:15 INFO  (WalmartDownload.java:41)     - Comienza descarga de archivo walmart_10-19-2015
26-10-2015@16:54:23 INFO  (RetailLink.java:76)     - Reporte : evolve_webbot_10-19-2015
26-10-2015@16:54:28 INFO  (RetailLink.java:84)     - Url : https://retaillink.wal-mart.com/Outbound01/ces4001_444002060_2F6D783CXBCD8X44D3X91DAX496D2C742AF6.txt
26-10-2015@16:54:32 INFO  (RetailLink.java:99)     - [-]Termina la creación del archivo
26-10-2015@16:54:35 INFO  (Utileria.java:137)     - [+]Archivo no encontrado...comienza la generación del link
26-10-2015@16:54:35 INFO  (WalmartDownload.java:41)     - Comienza descarga de archivo walmart_10-18-2015
26-10-2015@16:54:44 INFO  (RetailLink.java:76)     - Reporte : evolve_webbot_10-18-2015
26-10-2015@16:54:48 INFO  (RetailLink.java:84)     - Url : https://retaillink.wal-mart.com/Outbound06/ces4001_444002071_12DAA62FX7621X435BX8AF6X50F9DDFD03BC.txt
26-10-2015@16:54:52 INFO  (RetailLink.java:99)     - [-]Termina la creación del archivo
26-10-2015@16:54:55 INFO  (Utileria.java:137)     - [+]Archivo no encontrado...comienza la generación del link
26-10-2015@16:54:55 INFO  (WalmartDownload.java:41)     - Comienza descarga de archivo walmart_10-17-2015
26-10-2015@16:55:04 INFO  (RetailLink.java:76)     - Reporte : evolve_webbot_10-17-2015
26-10-2015@16:55:08 INFO  (RetailLink.java:84)     - Url : https://retaillink.wal-mart.com/Outbound04/ces4001_444002083_085511CCX1D76X489AXAB4AX3FCCCD2A393E.txt
26-10-2015@16:55:12 INFO  (RetailLink.java:99)     - [-]Termina la creación del archivo
26-10-2015@16:55:15 INFO  (Utileria.java:137)     - [+]Archivo no encontrado...comienza la generación del link
26-10-2015@16:55:15 INFO  (WalmartDownload.java:41)     - Comienza descarga de archivo walmart_10-16-2015
26-10-2015@16:55:24 INFO  (RetailLink.java:76)     - Reporte : evolve_webbot_10-16-2015
26-10-2015@16:55:24 INFO  (RetailLink.java:84)     - Url : https://retaillink.wal-mart.com/decision_support/Status_retrieve_request.aspx?questionid=Q10102&applicationid=300&JobId=444002098&status=D&Extension=txt&filename=/Outbound01/ces4001_444002098_AB8826E3X0DCAX413EXA111X7635E826A80A&reqname=evolve_webbot_10-16-2015,444002098
26-10-2015@16:55:32 INFO  (RetailLink.java:99)     - [-]Termina la creación del archivo
26-10-2015@16:55:35 INFO  (WalmartDownload.java:50)     - [-]Termina ejecución del portal Walmart Cesarfer
26-10-2015@16:58:15 INFO  (WalmartDownload.java:30)     - Se ejecuta Walmart download
28-10-2015@13:33:30 INFO  (WalmartDownload.java:30)     - Se ejecuta Walmart download
28-10-2015@13:33:30 INFO  (Utileria.java:114)     - old date: Tue Oct 27 13:33:30 CST 2015
28-10-2015@13:33:30 INFO  (Utileria.java:114)     - old date: Mon Oct 26 13:33:30 CST 2015
28-10-2015@13:33:30 INFO  (Utileria.java:179)     - [+]Archivo no encontrado...comienza la generación/descarga del link/archivo
28-10-2015@13:33:30 INFO  (WalmartDownload.java:41)     - Comienza descarga de archivo walmart_10-27-2015
