24-11-2015@17:09:19 INFO  (Utileria.java:200)     - old date: Fri Sep 04 00:00:00 CDT 2015
24-11-2015@17:09:19 INFO  (Utileria.java:200)     - old date: Sat Sep 05 00:00:00 CDT 2015
24-11-2015@17:09:19 INFO  (Utileria.java:200)     - old date: Sun Sep 06 00:00:00 CDT 2015
24-11-2015@17:09:19 INFO  (Utileria.java:200)     - old date: Mon Sep 07 00:00:00 CDT 2015
24-11-2015@17:09:19 INFO  (Utileria.java:200)     - old date: Tue Sep 08 00:00:00 CDT 2015
24-11-2015@17:09:19 INFO  (Utileria.java:200)     - old date: Wed Sep 09 00:00:00 CDT 2015
24-11-2015@17:09:19 INFO  (Utileria.java:200)     - old date: Thu Sep 10 00:00:00 CDT 2015
24-11-2015@17:09:19 INFO  (Utileria.java:200)     - old date: Fri Sep 11 00:00:00 CDT 2015
24-11-2015@17:09:19 INFO  (Utileria.java:200)     - old date: Sat Sep 12 00:00:00 CDT 2015
24-11-2015@17:09:19 INFO  (Utileria.java:200)     - old date: Sun Sep 13 00:00:00 CDT 2015
24-11-2015@17:09:19 INFO  (Utileria.java:200)     - old date: Mon Sep 14 00:00:00 CDT 2015
24-11-2015@17:09:19 INFO  (Utileria.java:200)     - old date: Tue Sep 15 00:00:00 CDT 2015
24-11-2015@17:09:19 INFO  (Utileria.java:200)     - old date: Wed Sep 16 00:00:00 CDT 2015
24-11-2015@17:09:19 INFO  (Utileria.java:200)     - old date: Thu Sep 17 00:00:00 CDT 2015
24-11-2015@17:09:19 INFO  (Utileria.java:200)     - old date: Fri Sep 18 00:00:00 CDT 2015
24-11-2015@17:09:19 INFO  (Utileria.java:200)     - old date: Sat Sep 19 00:00:00 CDT 2015
24-11-2015@17:09:19 INFO  (Utileria.java:200)     - old date: Sun Sep 20 00:00:00 CDT 2015
24-11-2015@17:09:19 INFO  (Utileria.java:200)     - old date: Mon Sep 21 00:00:00 CDT 2015
24-11-2015@17:09:19 INFO  (Utileria.java:200)     - old date: Tue Sep 22 00:00:00 CDT 2015
24-11-2015@17:09:19 INFO  (Utileria.java:200)     - old date: Wed Sep 23 00:00:00 CDT 2015
24-11-2015@17:09:19 INFO  (Utileria.java:200)     - old date: Thu Sep 24 00:00:00 CDT 2015
24-11-2015@17:09:19 INFO  (Utileria.java:200)     - old date: Fri Sep 25 00:00:00 CDT 2015
24-11-2015@17:09:19 INFO  (Utileria.java:200)     - old date: Sat Sep 26 00:00:00 CDT 2015
24-11-2015@17:09:19 INFO  (Utileria.java:200)     - old date: Sun Sep 27 00:00:00 CDT 2015
24-11-2015@17:09:19 INFO  (Utileria.java:200)     - old date: Mon Sep 28 00:00:00 CDT 2015
24-11-2015@17:09:19 INFO  (Utileria.java:200)     - old date: Tue Sep 29 00:00:00 CDT 2015
24-11-2015@17:09:19 INFO  (Utileria.java:200)     - old date: Wed Sep 30 00:00:00 CDT 2015
24-11-2015@17:09:19 INFO  (Utileria.java:200)     - old date: Thu Oct 01 00:00:00 CDT 2015
24-11-2015@17:09:19 INFO  (Utileria.java:200)     - old date: Fri Oct 02 00:00:00 CDT 2015
24-11-2015@17:09:19 INFO  (Utileria.java:200)     - old date: Sat Oct 03 00:00:00 CDT 2015
24-11-2015@17:09:19 INFO  (Utileria.java:200)     - old date: Sun Oct 04 00:00:00 CDT 2015
24-11-2015@17:09:19 INFO  (Utileria.java:200)     - old date: Mon Oct 05 00:00:00 CDT 2015
24-11-2015@17:09:19 INFO  (Utileria.java:200)     - old date: Tue Oct 06 00:00:00 CDT 2015
24-11-2015@17:09:19 INFO  (Utileria.java:200)     - old date: Wed Oct 07 00:00:00 CDT 2015
24-11-2015@17:09:19 INFO  (Utileria.java:200)     - old date: Thu Oct 08 00:00:00 CDT 2015
24-11-2015@17:09:19 INFO  (Utileria.java:200)     - old date: Fri Oct 09 00:00:00 CDT 2015
24-11-2015@17:09:19 INFO  (Utileria.java:200)     - old date: Sat Oct 10 00:00:00 CDT 2015
24-11-2015@17:09:19 INFO  (Utileria.java:200)     - old date: Sun Oct 11 00:00:00 CDT 2015
24-11-2015@17:09:19 INFO  (Utileria.java:200)     - old date: Mon Oct 12 00:00:00 CDT 2015
24-11-2015@17:09:19 INFO  (Utileria.java:200)     - old date: Tue Oct 13 00:00:00 CDT 2015
24-11-2015@17:09:19 INFO  (Utileria.java:200)     - old date: Wed Oct 14 00:00:00 CDT 2015
24-11-2015@17:09:19 INFO  (Utileria.java:200)     - old date: Thu Oct 15 00:00:00 CDT 2015
24-11-2015@17:09:19 INFO  (Utileria.java:200)     - old date: Fri Oct 16 00:00:00 CDT 2015
24-11-2015@17:09:19 INFO  (Utileria.java:200)     - old date: Sat Oct 17 00:00:00 CDT 2015
24-11-2015@17:09:19 INFO  (Utileria.java:200)     - old date: Sun Oct 18 00:00:00 CDT 2015
24-11-2015@17:09:19 INFO  (Utileria.java:200)     - old date: Mon Oct 19 00:00:00 CDT 2015
24-11-2015@17:09:19 INFO  (Utileria.java:200)     - old date: Tue Oct 20 00:00:00 CDT 2015
24-11-2015@17:09:19 INFO  (Utileria.java:200)     - old date: Wed Oct 21 00:00:00 CDT 2015
24-11-2015@17:09:19 INFO  (Utileria.java:200)     - old date: Thu Oct 22 00:00:00 CDT 2015
24-11-2015@17:09:19 INFO  (Utileria.java:200)     - old date: Fri Oct 23 00:00:00 CDT 2015
24-11-2015@17:09:19 INFO  (Utileria.java:200)     - old date: Sat Oct 24 00:00:00 CDT 2015
24-11-2015@17:09:19 INFO  (Utileria.java:200)     - old date: Sun Oct 25 00:00:00 CDT 2015
24-11-2015@17:09:19 INFO  (Utileria.java:200)     - old date: Mon Oct 26 00:00:00 CST 2015
24-11-2015@17:09:19 INFO  (Utileria.java:200)     - old date: Tue Oct 27 00:00:00 CST 2015
24-11-2015@17:09:19 INFO  (Utileria.java:200)     - old date: Wed Oct 28 00:00:00 CST 2015
24-11-2015@17:09:19 INFO  (Utileria.java:200)     - old date: Thu Oct 29 00:00:00 CST 2015
24-11-2015@17:09:19 INFO  (Utileria.java:200)     - old date: Fri Oct 30 00:00:00 CST 2015
24-11-2015@17:09:19 INFO  (Utileria.java:200)     - old date: Sat Oct 31 00:00:00 CST 2015
24-11-2015@17:09:19 INFO  (Utileria.java:200)     - old date: Sun Nov 01 00:00:00 CST 2015
24-11-2015@17:09:19 INFO  (Utileria.java:200)     - old date: Mon Nov 02 00:00:00 CST 2015
24-11-2015@17:09:19 INFO  (Utileria.java:200)     - old date: Tue Nov 03 00:00:00 CST 2015
24-11-2015@17:09:19 INFO  (Utileria.java:200)     - old date: Wed Nov 04 00:00:00 CST 2015
24-11-2015@17:09:19 INFO  (Utileria.java:200)     - old date: Thu Nov 05 00:00:00 CST 2015
24-11-2015@17:09:19 INFO  (Utileria.java:200)     - old date: Fri Nov 06 00:00:00 CST 2015
24-11-2015@17:09:19 INFO  (Utileria.java:200)     - old date: Sat Nov 07 00:00:00 CST 2015
24-11-2015@17:09:19 INFO  (Utileria.java:200)     - old date: Sun Nov 08 00:00:00 CST 2015
24-11-2015@17:09:19 INFO  (Utileria.java:200)     - old date: Mon Nov 09 00:00:00 CST 2015
24-11-2015@17:09:19 INFO  (Utileria.java:200)     - old date: Tue Nov 10 00:00:00 CST 2015
24-11-2015@17:09:19 INFO  (Utileria.java:200)     - old date: Wed Nov 11 00:00:00 CST 2015
24-11-2015@17:09:19 INFO  (Utileria.java:200)     - old date: Thu Nov 12 00:00:00 CST 2015
24-11-2015@17:09:19 INFO  (Utileria.java:200)     - old date: Fri Nov 13 00:00:00 CST 2015
24-11-2015@17:09:19 INFO  (Utileria.java:200)     - old date: Sat Nov 14 00:00:00 CST 2015
24-11-2015@17:09:19 INFO  (Utileria.java:200)     - old date: Sun Nov 15 00:00:00 CST 2015
24-11-2015@17:09:19 INFO  (Utileria.java:200)     - old date: Mon Nov 16 00:00:00 CST 2015
24-11-2015@17:09:19 INFO  (Utileria.java:200)     - old date: Tue Nov 17 00:00:00 CST 2015
24-11-2015@17:09:19 INFO  (Utileria.java:200)     - old date: Wed Nov 18 00:00:00 CST 2015
24-11-2015@17:09:19 INFO  (Utileria.java:200)     - old date: Thu Nov 19 00:00:00 CST 2015
24-11-2015@17:09:19 INFO  (Utileria.java:200)     - old date: Fri Nov 20 00:00:00 CST 2015
24-11-2015@17:09:19 INFO  (Utileria.java:200)     - old date: Sat Nov 21 00:00:00 CST 2015
24-11-2015@17:09:19 INFO  (Utileria.java:200)     - old date: Sun Nov 22 00:00:00 CST 2015
24-11-2015@17:09:19 INFO  (Utileria.java:200)     - old date: Mon Nov 23 00:00:00 CST 2015
24-11-2015@17:09:19 INFO  (Utileria.java:266)     - CHECKEXIST: Archivo no encontrado...comienza la generación/descarga del link/archivo
24-11-2015@17:09:19 INFO  (LiverpoolDownload.java:70)     - MAIN: Comienza descarga de archivo liverpool_18082015
24-11-2015@17:09:24 WARN  (LiverpoolDownload.java:138)     - ACCESS: ERROR Logeo, Usuario y/o Password incorrectos 
