11-01-2017@10:20:20 INFO  (PalacioDownload.java:399)     - [-]Generación de archivo txt completa
11-01-2017@10:20:30 INFO  (Utileria.java:565)     - CHECKEXIST: Archivo no encontrado...comienza la generación/descarga del link/archivo
11-01-2017@10:20:30 INFO  (PalacioDownload.java:93)     - Comienza descarga de archivo palacio_02102015
11-01-2017@10:20:38 INFO  (PalacioDownload.java:295)     - URL! https://wdbop.palaciohierro.com.mx/BOE/OpenDocument/1609021408/AnalyticalReporting/opendoc/openDocument.jsp?iDocID=FknBR1Ccbw4AzHYAAEDZ5EQBAFBWvQBx&sIDType=CUID&sType=wid&lsS1.Fecha%20Inicio%20(Desde)=02%2F10%2F2015+12%3A00%3A00+p%2Em%2E&lsS2.Fecha%20Fin%20(Hasta%2090%20d%C3%ADas)=02%2F10%2F2015+12%3A00%3A00+p%2Em%2E&lsMDepartamento=MUJER+SPORT&lsIDepartamento=%5B0CM%5FCDT3%5D%2E%5B0310201%5D
11-01-2017@10:21:49 INFO  (PalacioDownload.java:399)     - [-]Generación de archivo txt completa
11-01-2017@10:21:59 INFO  (Utileria.java:565)     - CHECKEXIST: Archivo no encontrado...comienza la generación/descarga del link/archivo
11-01-2017@10:21:59 INFO  (PalacioDownload.java:93)     - Comienza descarga de archivo palacio_03102015
11-01-2017@10:22:07 INFO  (PalacioDownload.java:295)     - URL! https://wdbop.palaciohierro.com.mx/BOE/OpenDocument/1609021408/AnalyticalReporting/opendoc/openDocument.jsp?iDocID=FknBR1Ccbw4AzHYAAEDZ5EQBAFBWvQBx&sIDType=CUID&sType=wid&lsS1.Fecha%20Inicio%20(Desde)=03%2F10%2F2015+12%3A00%3A00+p%2Em%2E&lsS2.Fecha%20Fin%20(Hasta%2090%20d%C3%ADas)=03%2F10%2F2015+12%3A00%3A00+p%2Em%2E&lsMDepartamento=MUJER+SPORT&lsIDepartamento=%5B0CM%5FCDT3%5D%2E%5B0310201%5D
11-01-2017@10:23:16 INFO  (PalacioDownload.java:399)     - [-]Generación de archivo txt completa
11-01-2017@10:23:26 INFO  (Utileria.java:565)     - CHECKEXIST: Archivo no encontrado...comienza la generación/descarga del link/archivo
11-01-2017@10:23:26 INFO  (PalacioDownload.java:93)     - Comienza descarga de archivo palacio_04102015
11-01-2017@10:23:34 INFO  (PalacioDownload.java:295)     - URL! https://wdbop.palaciohierro.com.mx/BOE/OpenDocument/1609021408/AnalyticalReporting/opendoc/openDocument.jsp?iDocID=FknBR1Ccbw4AzHYAAEDZ5EQBAFBWvQBx&sIDType=CUID&sType=wid&lsS1.Fecha%20Inicio%20(Desde)=04%2F10%2F2015+12%3A00%3A00+p%2Em%2E&lsS2.Fecha%20Fin%20(Hasta%2090%20d%C3%ADas)=04%2F10%2F2015+12%3A00%3A00+p%2Em%2E&lsMDepartamento=MUJER+SPORT&lsIDepartamento=%5B0CM%5FCDT3%5D%2E%5B0310201%5D
11-01-2017@10:24:45 INFO  (PalacioDownload.java:399)     - [-]Generación de archivo txt completa
11-01-2017@10:24:55 INFO  (Utileria.java:565)     - CHECKEXIST: Archivo no encontrado...comienza la generación/descarga del link/archivo
11-01-2017@10:24:55 INFO  (PalacioDownload.java:93)     - Comienza descarga de archivo palacio_05102015
11-01-2017@10:25:03 INFO  (PalacioDownload.java:295)     - URL! https://wdbop.palaciohierro.com.mx/BOE/OpenDocument/1609021408/AnalyticalReporting/opendoc/openDocument.jsp?iDocID=FknBR1Ccbw4AzHYAAEDZ5EQBAFBWvQBx&sIDType=CUID&sType=wid&lsS1.Fecha%20Inicio%20(Desde)=05%2F10%2F2015+12%3A00%3A00+p%2Em%2E&lsS2.Fecha%20Fin%20(Hasta%2090%20d%C3%ADas)=05%2F10%2F2015+12%3A00%3A00+p%2Em%2E&lsMDepartamento=MUJER+SPORT&lsIDepartamento=%5B0CM%5FCDT3%5D%2E%5B0310201%5D
11-01-2017@10:26:11 INFO  (PalacioDownload.java:399)     - [-]Generación de archivo txt completa
11-01-2017@10:26:21 INFO  (Utileria.java:565)     - CHECKEXIST: Archivo no encontrado...comienza la generación/descarga del link/archivo
11-01-2017@10:26:21 INFO  (PalacioDownload.java:93)     - Comienza descarga de archivo palacio_06102015
11-01-2017@10:26:29 INFO  (PalacioDownload.java:295)     - URL! https://wdbop.palaciohierro.com.mx/BOE/OpenDocument/1609021408/AnalyticalReporting/opendoc/openDocument.jsp?iDocID=FknBR1Ccbw4AzHYAAEDZ5EQBAFBWvQBx&sIDType=CUID&sType=wid&lsS1.Fecha%20Inicio%20(Desde)=06%2F10%2F2015+12%3A00%3A00+p%2Em%2E&lsS2.Fecha%20Fin%20(Hasta%2090%20d%C3%ADas)=06%2F10%2F2015+12%3A00%3A00+p%2Em%2E&lsMDepartamento=MUJER+SPORT&lsIDepartamento=%5B0CM%5FCDT3%5D%2E%5B0310201%5D
11-01-2017@10:27:38 INFO  (PalacioDownload.java:399)     - [-]Generación de archivo txt completa
11-01-2017@10:27:48 INFO  (Utileria.java:565)     - CHECKEXIST: Archivo no encontrado...comienza la generación/descarga del link/archivo
11-01-2017@10:27:48 INFO  (PalacioDownload.java:93)     - Comienza descarga de archivo palacio_07102015
11-01-2017@10:27:56 INFO  (PalacioDownload.java:295)     - URL! https://wdbop.palaciohierro.com.mx/BOE/OpenDocument/1609021408/AnalyticalReporting/opendoc/openDocument.jsp?iDocID=FknBR1Ccbw4AzHYAAEDZ5EQBAFBWvQBx&sIDType=CUID&sType=wid&lsS1.Fecha%20Inicio%20(Desde)=07%2F10%2F2015+12%3A00%3A00+p%2Em%2E&lsS2.Fecha%20Fin%20(Hasta%2090%20d%C3%ADas)=07%2F10%2F2015+12%3A00%3A00+p%2Em%2E&lsMDepartamento=MUJER+SPORT&lsIDepartamento=%5B0CM%5FCDT3%5D%2E%5B0310201%5D
11-01-2017@10:29:05 INFO  (PalacioDownload.java:399)     - [-]Generación de archivo txt completa
11-01-2017@10:29:15 INFO  (Utileria.java:565)     - CHECKEXIST: Archivo no encontrado...comienza la generación/descarga del link/archivo
11-01-2017@10:29:15 INFO  (PalacioDownload.java:93)     - Comienza descarga de archivo palacio_08102015
11-01-2017@10:29:23 INFO  (PalacioDownload.java:295)     - URL! https://wdbop.palaciohierro.com.mx/BOE/OpenDocument/1609021408/AnalyticalReporting/opendoc/openDocument.jsp?iDocID=FknBR1Ccbw4AzHYAAEDZ5EQBAFBWvQBx&sIDType=CUID&sType=wid&lsS1.Fecha%20Inicio%20(Desde)=08%2F10%2F2015+12%3A00%3A00+p%2Em%2E&lsS2.Fecha%20Fin%20(Hasta%2090%20d%C3%ADas)=08%2F10%2F2015+12%3A00%3A00+p%2Em%2E&lsMDepartamento=MUJER+SPORT&lsIDepartamento=%5B0CM%5FCDT3%5D%2E%5B0310201%5D
11-01-2017@10:30:31 INFO  (PalacioDownload.java:399)     - [-]Generación de archivo txt completa
11-01-2017@10:30:41 INFO  (Utileria.java:565)     - CHECKEXIST: Archivo no encontrado...comienza la generación/descarga del link/archivo
11-01-2017@10:30:41 INFO  (PalacioDownload.java:93)     - Comienza descarga de archivo palacio_09102015
11-01-2017@10:30:49 INFO  (PalacioDownload.java:295)     - URL! https://wdbop.palaciohierro.com.mx/BOE/OpenDocument/1609021408/AnalyticalReporting/opendoc/openDocument.jsp?iDocID=FknBR1Ccbw4AzHYAAEDZ5EQBAFBWvQBx&sIDType=CUID&sType=wid&lsS1.Fecha%20Inicio%20(Desde)=09%2F10%2F2015+12%3A00%3A00+p%2Em%2E&lsS2.Fecha%20Fin%20(Hasta%2090%20d%C3%ADas)=09%2F10%2F2015+12%3A00%3A00+p%2Em%2E&lsMDepartamento=MUJER+SPORT&lsIDepartamento=%5B0CM%5FCDT3%5D%2E%5B0310201%5D
11-01-2017@10:31:57 INFO  (PalacioDownload.java:399)     - [-]Generación de archivo txt completa
11-01-2017@10:32:07 INFO  (Utileria.java:565)     - CHECKEXIST: Archivo no encontrado...comienza la generación/descarga del link/archivo
11-01-2017@10:32:07 INFO  (PalacioDownload.java:93)     - Comienza descarga de archivo palacio_10102015
11-01-2017@10:32:15 INFO  (PalacioDownload.java:295)     - URL! https://wdbop.palaciohierro.com.mx/BOE/OpenDocument/1609021408/AnalyticalReporting/opendoc/openDocument.jsp?iDocID=FknBR1Ccbw4AzHYAAEDZ5EQBAFBWvQBx&sIDType=CUID&sType=wid&lsS1.Fecha%20Inicio%20(Desde)=10%2F10%2F2015+12%3A00%3A00+p%2Em%2E&lsS2.Fecha%20Fin%20(Hasta%2090%20d%C3%ADas)=10%2F10%2F2015+12%3A00%3A00+p%2Em%2E&lsMDepartamento=MUJER+SPORT&lsIDepartamento=%5B0CM%5FCDT3%5D%2E%5B0310201%5D
11-01-2017@10:33:25 INFO  (PalacioDownload.java:399)     - [-]Generación de archivo txt completa
11-01-2017@10:33:35 INFO  (Utileria.java:565)     - CHECKEXIST: Archivo no encontrado...comienza la generación/descarga del link/archivo
11-01-2017@10:33:35 INFO  (PalacioDownload.java:93)     - Comienza descarga de archivo palacio_11102015
11-01-2017@10:33:43 INFO  (PalacioDownload.java:295)     - URL! https://wdbop.palaciohierro.com.mx/BOE/OpenDocument/1609021408/AnalyticalReporting/opendoc/openDocument.jsp?iDocID=FknBR1Ccbw4AzHYAAEDZ5EQBAFBWvQBx&sIDType=CUID&sType=wid&lsS1.Fecha%20Inicio%20(Desde)=11%2F10%2F2015+12%3A00%3A00+p%2Em%2E&lsS2.Fecha%20Fin%20(Hasta%2090%20d%C3%ADas)=11%2F10%2F2015+12%3A00%3A00+p%2Em%2E&lsMDepartamento=MUJER+SPORT&lsIDepartamento=%5B0CM%5FCDT3%5D%2E%5B0310201%5D
11-01-2017@10:34:52 INFO  (PalacioDownload.java:399)     - [-]Generación de archivo txt completa
11-01-2017@10:35:02 INFO  (Utileria.java:565)     - CHECKEXIST: Archivo no encontrado...comienza la generación/descarga del link/archivo
11-01-2017@10:35:02 INFO  (PalacioDownload.java:93)     - Comienza descarga de archivo palacio_12102015
11-01-2017@10:35:10 INFO  (PalacioDownload.java:295)     - URL! https://wdbop.palaciohierro.com.mx/BOE/OpenDocument/1609021408/AnalyticalReporting/opendoc/openDocument.jsp?iDocID=FknBR1Ccbw4AzHYAAEDZ5EQBAFBWvQBx&sIDType=CUID&sType=wid&lsS1.Fecha%20Inicio%20(Desde)=12%2F10%2F2015+12%3A00%3A00+p%2Em%2E&lsS2.Fecha%20Fin%20(Hasta%2090%20d%C3%ADas)=12%2F10%2F2015+12%3A00%3A00+p%2Em%2E&lsMDepartamento=MUJER+SPORT&lsIDepartamento=%5B0CM%5FCDT3%5D%2E%5B0310201%5D
11-01-2017@10:36:18 INFO  (PalacioDownload.java:399)     - [-]Generación de archivo txt completa
11-01-2017@10:36:28 INFO  (Utileria.java:565)     - CHECKEXIST: Archivo no encontrado...comienza la generación/descarga del link/archivo
11-01-2017@10:36:28 INFO  (PalacioDownload.java:93)     - Comienza descarga de archivo palacio_13102015
11-01-2017@10:36:36 INFO  (PalacioDownload.java:295)     - URL! https://wdbop.palaciohierro.com.mx/BOE/OpenDocument/1609021408/AnalyticalReporting/opendoc/openDocument.jsp?iDocID=FknBR1Ccbw4AzHYAAEDZ5EQBAFBWvQBx&sIDType=CUID&sType=wid&lsS1.Fecha%20Inicio%20(Desde)=13%2F10%2F2015+12%3A00%3A00+p%2Em%2E&lsS2.Fecha%20Fin%20(Hasta%2090%20d%C3%ADas)=13%2F10%2F2015+12%3A00%3A00+p%2Em%2E&lsMDepartamento=MUJER+SPORT&lsIDepartamento=%5B0CM%5FCDT3%5D%2E%5B0310201%5D
11-01-2017@10:37:45 INFO  (PalacioDownload.java:399)     - [-]Generación de archivo txt completa
11-01-2017@10:37:55 INFO  (Utileria.java:565)     - CHECKEXIST: Archivo no encontrado...comienza la generación/descarga del link/archivo
11-01-2017@10:37:55 INFO  (PalacioDownload.java:93)     - Comienza descarga de archivo palacio_14102015
11-01-2017@10:38:03 INFO  (PalacioDownload.java:295)     - URL! https://wdbop.palaciohierro.com.mx/BOE/OpenDocument/1609021408/AnalyticalReporting/opendoc/openDocument.jsp?iDocID=FknBR1Ccbw4AzHYAAEDZ5EQBAFBWvQBx&sIDType=CUID&sType=wid&lsS1.Fecha%20Inicio%20(Desde)=14%2F10%2F2015+12%3A00%3A00+p%2Em%2E&lsS2.Fecha%20Fin%20(Hasta%2090%20d%C3%ADas)=14%2F10%2F2015+12%3A00%3A00+p%2Em%2E&lsMDepartamento=MUJER+SPORT&lsIDepartamento=%5B0CM%5FCDT3%5D%2E%5B0310201%5D
11-01-2017@10:39:11 INFO  (PalacioDownload.java:399)     - [-]Generación de archivo txt completa
11-01-2017@10:39:21 INFO  (Utileria.java:565)     - CHECKEXIST: Archivo no encontrado...comienza la generación/descarga del link/archivo
11-01-2017@10:39:21 INFO  (PalacioDownload.java:93)     - Comienza descarga de archivo palacio_15102015
11-01-2017@10:39:29 INFO  (PalacioDownload.java:295)     - URL! https://wdbop.palaciohierro.com.mx/BOE/OpenDocument/1609021408/AnalyticalReporting/opendoc/openDocument.jsp?iDocID=FknBR1Ccbw4AzHYAAEDZ5EQBAFBWvQBx&sIDType=CUID&sType=wid&lsS1.Fecha%20Inicio%20(Desde)=15%2F10%2F2015+12%3A00%3A00+p%2Em%2E&lsS2.Fecha%20Fin%20(Hasta%2090%20d%C3%ADas)=15%2F10%2F2015+12%3A00%3A00+p%2Em%2E&lsMDepartamento=MUJER+SPORT&lsIDepartamento=%5B0CM%5FCDT3%5D%2E%5B0310201%5D
11-01-2017@10:40:38 INFO  (PalacioDownload.java:399)     - [-]Generación de archivo txt completa
11-01-2017@10:40:48 INFO  (Utileria.java:565)     - CHECKEXIST: Archivo no encontrado...comienza la generación/descarga del link/archivo
11-01-2017@10:40:48 INFO  (PalacioDownload.java:93)     - Comienza descarga de archivo palacio_16102015
11-01-2017@10:40:56 INFO  (PalacioDownload.java:295)     - URL! https://wdbop.palaciohierro.com.mx/BOE/OpenDocument/1609021408/AnalyticalReporting/opendoc/openDocument.jsp?iDocID=FknBR1Ccbw4AzHYAAEDZ5EQBAFBWvQBx&sIDType=CUID&sType=wid&lsS1.Fecha%20Inicio%20(Desde)=16%2F10%2F2015+12%3A00%3A00+p%2Em%2E&lsS2.Fecha%20Fin%20(Hasta%2090%20d%C3%ADas)=16%2F10%2F2015+12%3A00%3A00+p%2Em%2E&lsMDepartamento=MUJER+SPORT&lsIDepartamento=%5B0CM%5FCDT3%5D%2E%5B0310201%5D
11-01-2017@10:42:04 INFO  (PalacioDownload.java:399)     - [-]Generación de archivo txt completa
11-01-2017@10:42:14 INFO  (Utileria.java:565)     - CHECKEXIST: Archivo no encontrado...comienza la generación/descarga del link/archivo
11-01-2017@10:42:14 INFO  (PalacioDownload.java:93)     - Comienza descarga de archivo palacio_17102015
11-01-2017@10:42:22 INFO  (PalacioDownload.java:295)     - URL! https://wdbop.palaciohierro.com.mx/BOE/OpenDocument/1609021408/AnalyticalReporting/opendoc/openDocument.jsp?iDocID=FknBR1Ccbw4AzHYAAEDZ5EQBAFBWvQBx&sIDType=CUID&sType=wid&lsS1.Fecha%20Inicio%20(Desde)=17%2F10%2F2015+12%3A00%3A00+p%2Em%2E&lsS2.Fecha%20Fin%20(Hasta%2090%20d%C3%ADas)=17%2F10%2F2015+12%3A00%3A00+p%2Em%2E&lsMDepartamento=MUJER+SPORT&lsIDepartamento=%5B0CM%5FCDT3%5D%2E%5B0310201%5D
11-01-2017@10:43:31 INFO  (PalacioDownload.java:399)     - [-]Generación de archivo txt completa
11-01-2017@10:43:41 INFO  (Utileria.java:565)     - CHECKEXIST: Archivo no encontrado...comienza la generación/descarga del link/archivo
11-01-2017@10:43:41 INFO  (PalacioDownload.java:93)     - Comienza descarga de archivo palacio_18102015
11-01-2017@10:43:49 INFO  (PalacioDownload.java:295)     - URL! https://wdbop.palaciohierro.com.mx/BOE/OpenDocument/1609021408/AnalyticalReporting/opendoc/openDocument.jsp?iDocID=FknBR1Ccbw4AzHYAAEDZ5EQBAFBWvQBx&sIDType=CUID&sType=wid&lsS1.Fecha%20Inicio%20(Desde)=18%2F10%2F2015+12%3A00%3A00+p%2Em%2E&lsS2.Fecha%20Fin%20(Hasta%2090%20d%C3%ADas)=18%2F10%2F2015+12%3A00%3A00+p%2Em%2E&lsMDepartamento=MUJER+SPORT&lsIDepartamento=%5B0CM%5FCDT3%5D%2E%5B0310201%5D
11-01-2017@10:44:59 INFO  (PalacioDownload.java:399)     - [-]Generación de archivo txt completa
11-01-2017@10:45:09 INFO  (Utileria.java:565)     - CHECKEXIST: Archivo no encontrado...comienza la generación/descarga del link/archivo
11-01-2017@10:45:09 INFO  (PalacioDownload.java:93)     - Comienza descarga de archivo palacio_19102015
11-01-2017@10:45:17 INFO  (PalacioDownload.java:295)     - URL! https://wdbop.palaciohierro.com.mx/BOE/OpenDocument/1609021408/AnalyticalReporting/opendoc/openDocument.jsp?iDocID=FknBR1Ccbw4AzHYAAEDZ5EQBAFBWvQBx&sIDType=CUID&sType=wid&lsS1.Fecha%20Inicio%20(Desde)=19%2F10%2F2015+12%3A00%3A00+p%2Em%2E&lsS2.Fecha%20Fin%20(Hasta%2090%20d%C3%ADas)=19%2F10%2F2015+12%3A00%3A00+p%2Em%2E&lsMDepartamento=MUJER+SPORT&lsIDepartamento=%5B0CM%5FCDT3%5D%2E%5B0310201%5D
11-01-2017@10:46:25 INFO  (PalacioDownload.java:399)     - [-]Generación de archivo txt completa
11-01-2017@10:46:35 INFO  (Utileria.java:565)     - CHECKEXIST: Archivo no encontrado...comienza la generación/descarga del link/archivo
11-01-2017@10:46:35 INFO  (PalacioDownload.java:93)     - Comienza descarga de archivo palacio_20102015
11-01-2017@10:46:43 INFO  (PalacioDownload.java:295)     - URL! https://wdbop.palaciohierro.com.mx/BOE/OpenDocument/1609021408/AnalyticalReporting/opendoc/openDocument.jsp?iDocID=FknBR1Ccbw4AzHYAAEDZ5EQBAFBWvQBx&sIDType=CUID&sType=wid&lsS1.Fecha%20Inicio%20(Desde)=20%2F10%2F2015+12%3A00%3A00+p%2Em%2E&lsS2.Fecha%20Fin%20(Hasta%2090%20d%C3%ADas)=20%2F10%2F2015+12%3A00%3A00+p%2Em%2E&lsMDepartamento=MUJER+SPORT&lsIDepartamento=%5B0CM%5FCDT3%5D%2E%5B0310201%5D
11-01-2017@10:47:53 INFO  (PalacioDownload.java:399)     - [-]Generación de archivo txt completa
11-01-2017@10:48:03 INFO  (Utileria.java:565)     - CHECKEXIST: Archivo no encontrado...comienza la generación/descarga del link/archivo
11-01-2017@10:48:03 INFO  (PalacioDownload.java:93)     - Comienza descarga de archivo palacio_21102015
11-01-2017@10:48:11 INFO  (PalacioDownload.java:295)     - URL! https://wdbop.palaciohierro.com.mx/BOE/OpenDocument/1609021408/AnalyticalReporting/opendoc/openDocument.jsp?iDocID=FknBR1Ccbw4AzHYAAEDZ5EQBAFBWvQBx&sIDType=CUID&sType=wid&lsS1.Fecha%20Inicio%20(Desde)=21%2F10%2F2015+12%3A00%3A00+p%2Em%2E&lsS2.Fecha%20Fin%20(Hasta%2090%20d%C3%ADas)=21%2F10%2F2015+12%3A00%3A00+p%2Em%2E&lsMDepartamento=MUJER+SPORT&lsIDepartamento=%5B0CM%5FCDT3%5D%2E%5B0310201%5D
11-01-2017@10:49:18 INFO  (PalacioDownload.java:399)     - [-]Generación de archivo txt completa
11-01-2017@10:49:28 INFO  (Utileria.java:565)     - CHECKEXIST: Archivo no encontrado...comienza la generación/descarga del link/archivo
11-01-2017@10:49:28 INFO  (PalacioDownload.java:93)     - Comienza descarga de archivo palacio_22102015
11-01-2017@10:49:36 INFO  (PalacioDownload.java:295)     - URL! https://wdbop.palaciohierro.com.mx/BOE/OpenDocument/1609021408/AnalyticalReporting/opendoc/openDocument.jsp?iDocID=FknBR1Ccbw4AzHYAAEDZ5EQBAFBWvQBx&sIDType=CUID&sType=wid&lsS1.Fecha%20Inicio%20(Desde)=22%2F10%2F2015+12%3A00%3A00+p%2Em%2E&lsS2.Fecha%20Fin%20(Hasta%2090%20d%C3%ADas)=22%2F10%2F2015+12%3A00%3A00+p%2Em%2E&lsMDepartamento=MUJER+SPORT&lsIDepartamento=%5B0CM%5FCDT3%5D%2E%5B0310201%5D
11-01-2017@10:50:44 INFO  (PalacioDownload.java:399)     - [-]Generación de archivo txt completa
11-01-2017@10:50:54 INFO  (Utileria.java:565)     - CHECKEXIST: Archivo no encontrado...comienza la generación/descarga del link/archivo
11-01-2017@10:50:54 INFO  (PalacioDownload.java:93)     - Comienza descarga de archivo palacio_23102015
11-01-2017@10:51:02 INFO  (PalacioDownload.java:295)     - URL! https://wdbop.palaciohierro.com.mx/BOE/OpenDocument/1609021408/AnalyticalReporting/opendoc/openDocument.jsp?iDocID=FknBR1Ccbw4AzHYAAEDZ5EQBAFBWvQBx&sIDType=CUID&sType=wid&lsS1.Fecha%20Inicio%20(Desde)=23%2F10%2F2015+12%3A00%3A00+p%2Em%2E&lsS2.Fecha%20Fin%20(Hasta%2090%20d%C3%ADas)=23%2F10%2F2015+12%3A00%3A00+p%2Em%2E&lsMDepartamento=MUJER+SPORT&lsIDepartamento=%5B0CM%5FCDT3%5D%2E%5B0310201%5D
11-01-2017@10:52:10 INFO  (PalacioDownload.java:399)     - [-]Generación de archivo txt completa
11-01-2017@10:52:20 INFO  (Utileria.java:565)     - CHECKEXIST: Archivo no encontrado...comienza la generación/descarga del link/archivo
11-01-2017@10:52:20 INFO  (PalacioDownload.java:93)     - Comienza descarga de archivo palacio_24102015
11-01-2017@10:52:28 INFO  (PalacioDownload.java:295)     - URL! https://wdbop.palaciohierro.com.mx/BOE/OpenDocument/1609021408/AnalyticalReporting/opendoc/openDocument.jsp?iDocID=FknBR1Ccbw4AzHYAAEDZ5EQBAFBWvQBx&sIDType=CUID&sType=wid&lsS1.Fecha%20Inicio%20(Desde)=24%2F10%2F2015+12%3A00%3A00+p%2Em%2E&lsS2.Fecha%20Fin%20(Hasta%2090%20d%C3%ADas)=24%2F10%2F2015+12%3A00%3A00+p%2Em%2E&lsMDepartamento=MUJER+SPORT&lsIDepartamento=%5B0CM%5FCDT3%5D%2E%5B0310201%5D
11-01-2017@10:53:38 INFO  (PalacioDownload.java:399)     - [-]Generación de archivo txt completa
11-01-2017@10:53:48 INFO  (Utileria.java:565)     - CHECKEXIST: Archivo no encontrado...comienza la generación/descarga del link/archivo
11-01-2017@10:53:48 INFO  (PalacioDownload.java:93)     - Comienza descarga de archivo palacio_25102015
11-01-2017@10:53:56 INFO  (PalacioDownload.java:295)     - URL! https://wdbop.palaciohierro.com.mx/BOE/OpenDocument/1609021408/AnalyticalReporting/opendoc/openDocument.jsp?iDocID=FknBR1Ccbw4AzHYAAEDZ5EQBAFBWvQBx&sIDType=CUID&sType=wid&lsS1.Fecha%20Inicio%20(Desde)=25%2F10%2F2015+12%3A00%3A00+p%2Em%2E&lsS2.Fecha%20Fin%20(Hasta%2090%20d%C3%ADas)=25%2F10%2F2015+12%3A00%3A00+p%2Em%2E&lsMDepartamento=MUJER+SPORT&lsIDepartamento=%5B0CM%5FCDT3%5D%2E%5B0310201%5D
11-01-2017@10:55:06 INFO  (PalacioDownload.java:399)     - [-]Generación de archivo txt completa
11-01-2017@10:55:16 INFO  (Utileria.java:565)     - CHECKEXIST: Archivo no encontrado...comienza la generación/descarga del link/archivo
11-01-2017@10:55:16 INFO  (PalacioDownload.java:93)     - Comienza descarga de archivo palacio_26102015
11-01-2017@10:55:24 INFO  (PalacioDownload.java:295)     - URL! https://wdbop.palaciohierro.com.mx/BOE/OpenDocument/1609021408/AnalyticalReporting/opendoc/openDocument.jsp?iDocID=FknBR1Ccbw4AzHYAAEDZ5EQBAFBWvQBx&sIDType=CUID&sType=wid&lsS1.Fecha%20Inicio%20(Desde)=26%2F10%2F2015+12%3A00%3A00+p%2Em%2E&lsS2.Fecha%20Fin%20(Hasta%2090%20d%C3%ADas)=26%2F10%2F2015+12%3A00%3A00+p%2Em%2E&lsMDepartamento=MUJER+SPORT&lsIDepartamento=%5B0CM%5FCDT3%5D%2E%5B0310201%5D
11-01-2017@10:56:31 INFO  (PalacioDownload.java:399)     - [-]Generación de archivo txt completa
11-01-2017@10:56:41 INFO  (Utileria.java:565)     - CHECKEXIST: Archivo no encontrado...comienza la generación/descarga del link/archivo
11-01-2017@10:56:41 INFO  (PalacioDownload.java:93)     - Comienza descarga de archivo palacio_27102015
11-01-2017@10:56:49 INFO  (PalacioDownload.java:295)     - URL! https://wdbop.palaciohierro.com.mx/BOE/OpenDocument/1609021408/AnalyticalReporting/opendoc/openDocument.jsp?iDocID=FknBR1Ccbw4AzHYAAEDZ5EQBAFBWvQBx&sIDType=CUID&sType=wid&lsS1.Fecha%20Inicio%20(Desde)=27%2F10%2F2015+12%3A00%3A00+p%2Em%2E&lsS2.Fecha%20Fin%20(Hasta%2090%20d%C3%ADas)=27%2F10%2F2015+12%3A00%3A00+p%2Em%2E&lsMDepartamento=MUJER+SPORT&lsIDepartamento=%5B0CM%5FCDT3%5D%2E%5B0310201%5D
11-01-2017@10:57:57 INFO  (PalacioDownload.java:399)     - [-]Generación de archivo txt completa
11-01-2017@10:58:07 INFO  (Utileria.java:565)     - CHECKEXIST: Archivo no encontrado...comienza la generación/descarga del link/archivo
11-01-2017@10:58:07 INFO  (PalacioDownload.java:93)     - Comienza descarga de archivo palacio_28102015
11-01-2017@10:58:15 INFO  (PalacioDownload.java:295)     - URL! https://wdbop.palaciohierro.com.mx/BOE/OpenDocument/1609021408/AnalyticalReporting/opendoc/openDocument.jsp?iDocID=FknBR1Ccbw4AzHYAAEDZ5EQBAFBWvQBx&sIDType=CUID&sType=wid&lsS1.Fecha%20Inicio%20(Desde)=28%2F10%2F2015+12%3A00%3A00+p%2Em%2E&lsS2.Fecha%20Fin%20(Hasta%2090%20d%C3%ADas)=28%2F10%2F2015+12%3A00%3A00+p%2Em%2E&lsMDepartamento=MUJER+SPORT&lsIDepartamento=%5B0CM%5FCDT3%5D%2E%5B0310201%5D
11-01-2017@10:59:25 INFO  (PalacioDownload.java:399)     - [-]Generación de archivo txt completa
11-01-2017@10:59:35 INFO  (Utileria.java:565)     - CHECKEXIST: Archivo no encontrado...comienza la generación/descarga del link/archivo
11-01-2017@10:59:35 INFO  (PalacioDownload.java:93)     - Comienza descarga de archivo palacio_29102015
11-01-2017@10:59:43 INFO  (PalacioDownload.java:295)     - URL! https://wdbop.palaciohierro.com.mx/BOE/OpenDocument/1609021408/AnalyticalReporting/opendoc/openDocument.jsp?iDocID=FknBR1Ccbw4AzHYAAEDZ5EQBAFBWvQBx&sIDType=CUID&sType=wid&lsS1.Fecha%20Inicio%20(Desde)=29%2F10%2F2015+12%3A00%3A00+p%2Em%2E&lsS2.Fecha%20Fin%20(Hasta%2090%20d%C3%ADas)=29%2F10%2F2015+12%3A00%3A00+p%2Em%2E&lsMDepartamento=MUJER+SPORT&lsIDepartamento=%5B0CM%5FCDT3%5D%2E%5B0310201%5D
11-01-2017@11:00:52 INFO  (PalacioDownload.java:399)     - [-]Generación de archivo txt completa
11-01-2017@11:01:02 INFO  (Utileria.java:565)     - CHECKEXIST: Archivo no encontrado...comienza la generación/descarga del link/archivo
11-01-2017@11:01:02 INFO  (PalacioDownload.java:93)     - Comienza descarga de archivo palacio_30102015
11-01-2017@11:01:10 INFO  (PalacioDownload.java:295)     - URL! https://wdbop.palaciohierro.com.mx/BOE/OpenDocument/1609021408/AnalyticalReporting/opendoc/openDocument.jsp?iDocID=FknBR1Ccbw4AzHYAAEDZ5EQBAFBWvQBx&sIDType=CUID&sType=wid&lsS1.Fecha%20Inicio%20(Desde)=30%2F10%2F2015+12%3A00%3A00+p%2Em%2E&lsS2.Fecha%20Fin%20(Hasta%2090%20d%C3%ADas)=30%2F10%2F2015+12%3A00%3A00+p%2Em%2E&lsMDepartamento=MUJER+SPORT&lsIDepartamento=%5B0CM%5FCDT3%5D%2E%5B0310201%5D
11-01-2017@11:02:21 INFO  (PalacioDownload.java:399)     - [-]Generación de archivo txt completa
11-01-2017@11:02:31 INFO  (Utileria.java:565)     - CHECKEXIST: Archivo no encontrado...comienza la generación/descarga del link/archivo
11-01-2017@11:02:31 INFO  (PalacioDownload.java:93)     - Comienza descarga de archivo palacio_31102015
11-01-2017@11:02:39 INFO  (PalacioDownload.java:295)     - URL! https://wdbop.palaciohierro.com.mx/BOE/OpenDocument/1609021408/AnalyticalReporting/opendoc/openDocument.jsp?iDocID=FknBR1Ccbw4AzHYAAEDZ5EQBAFBWvQBx&sIDType=CUID&sType=wid&lsS1.Fecha%20Inicio%20(Desde)=31%2F10%2F2015+12%3A00%3A00+p%2Em%2E&lsS2.Fecha%20Fin%20(Hasta%2090%20d%C3%ADas)=31%2F10%2F2015+12%3A00%3A00+p%2Em%2E&lsMDepartamento=MUJER+SPORT&lsIDepartamento=%5B0CM%5FCDT3%5D%2E%5B0310201%5D
11-01-2017@11:03:49 INFO  (PalacioDownload.java:399)     - [-]Generación de archivo txt completa
11-01-2017@11:03:59 INFO  (Utileria.java:565)     - CHECKEXIST: Archivo no encontrado...comienza la generación/descarga del link/archivo
11-01-2017@11:03:59 INFO  (PalacioDownload.java:93)     - Comienza descarga de archivo palacio_01112015
11-01-2017@11:04:07 INFO  (PalacioDownload.java:295)     - URL! https://wdbop.palaciohierro.com.mx/BOE/OpenDocument/1609021408/AnalyticalReporting/opendoc/openDocument.jsp?iDocID=FknBR1Ccbw4AzHYAAEDZ5EQBAFBWvQBx&sIDType=CUID&sType=wid&lsS1.Fecha%20Inicio%20(Desde)=01%2F11%2F2015+12%3A00%3A00+p%2Em%2E&lsS2.Fecha%20Fin%20(Hasta%2090%20d%C3%ADas)=01%2F11%2F2015+12%3A00%3A00+p%2Em%2E&lsMDepartamento=MUJER+SPORT&lsIDepartamento=%5B0CM%5FCDT3%5D%2E%5B0310201%5D
11-01-2017@11:05:17 INFO  (PalacioDownload.java:399)     - [-]Generación de archivo txt completa
11-01-2017@11:05:27 INFO  (Utileria.java:565)     - CHECKEXIST: Archivo no encontrado...comienza la generación/descarga del link/archivo
11-01-2017@11:05:27 INFO  (PalacioDownload.java:93)     - Comienza descarga de archivo palacio_02112015
11-01-2017@11:05:35 INFO  (PalacioDownload.java:295)     - URL! https://wdbop.palaciohierro.com.mx/BOE/OpenDocument/1609021408/AnalyticalReporting/opendoc/openDocument.jsp?iDocID=FknBR1Ccbw4AzHYAAEDZ5EQBAFBWvQBx&sIDType=CUID&sType=wid&lsS1.Fecha%20Inicio%20(Desde)=02%2F11%2F2015+12%3A00%3A00+p%2Em%2E&lsS2.Fecha%20Fin%20(Hasta%2090%20d%C3%ADas)=02%2F11%2F2015+12%3A00%3A00+p%2Em%2E&lsMDepartamento=MUJER+SPORT&lsIDepartamento=%5B0CM%5FCDT3%5D%2E%5B0310201%5D
11-01-2017@11:06:43 INFO  (PalacioDownload.java:399)     - [-]Generación de archivo txt completa
11-01-2017@11:06:53 INFO  (Utileria.java:565)     - CHECKEXIST: Archivo no encontrado...comienza la generación/descarga del link/archivo
11-01-2017@11:06:53 INFO  (PalacioDownload.java:93)     - Comienza descarga de archivo palacio_03112015
11-01-2017@11:07:01 INFO  (PalacioDownload.java:295)     - URL! https://wdbop.palaciohierro.com.mx/BOE/OpenDocument/1609021408/AnalyticalReporting/opendoc/openDocument.jsp?iDocID=FknBR1Ccbw4AzHYAAEDZ5EQBAFBWvQBx&sIDType=CUID&sType=wid&lsS1.Fecha%20Inicio%20(Desde)=03%2F11%2F2015+12%3A00%3A00+p%2Em%2E&lsS2.Fecha%20Fin%20(Hasta%2090%20d%C3%ADas)=03%2F11%2F2015+12%3A00%3A00+p%2Em%2E&lsMDepartamento=MUJER+SPORT&lsIDepartamento=%5B0CM%5FCDT3%5D%2E%5B0310201%5D
11-01-2017@11:08:09 INFO  (PalacioDownload.java:399)     - [-]Generación de archivo txt completa
11-01-2017@11:08:19 INFO  (Utileria.java:565)     - CHECKEXIST: Archivo no encontrado...comienza la generación/descarga del link/archivo
11-01-2017@11:08:19 INFO  (PalacioDownload.java:93)     - Comienza descarga de archivo palacio_04112015
11-01-2017@11:08:27 INFO  (PalacioDownload.java:295)     - URL! https://wdbop.palaciohierro.com.mx/BOE/OpenDocument/1609021408/AnalyticalReporting/opendoc/openDocument.jsp?iDocID=FknBR1Ccbw4AzHYAAEDZ5EQBAFBWvQBx&sIDType=CUID&sType=wid&lsS1.Fecha%20Inicio%20(Desde)=04%2F11%2F2015+12%3A00%3A00+p%2Em%2E&lsS2.Fecha%20Fin%20(Hasta%2090%20d%C3%ADas)=04%2F11%2F2015+12%3A00%3A00+p%2Em%2E&lsMDepartamento=MUJER+SPORT&lsIDepartamento=%5B0CM%5FCDT3%5D%2E%5B0310201%5D
11-01-2017@11:09:35 INFO  (PalacioDownload.java:399)     - [-]Generación de archivo txt completa
11-01-2017@11:09:45 INFO  (Utileria.java:565)     - CHECKEXIST: Archivo no encontrado...comienza la generación/descarga del link/archivo
11-01-2017@11:09:45 INFO  (PalacioDownload.java:93)     - Comienza descarga de archivo palacio_05112015
11-01-2017@11:09:53 INFO  (PalacioDownload.java:295)     - URL! https://wdbop.palaciohierro.com.mx/BOE/OpenDocument/1609021408/AnalyticalReporting/opendoc/openDocument.jsp?iDocID=FknBR1Ccbw4AzHYAAEDZ5EQBAFBWvQBx&sIDType=CUID&sType=wid&lsS1.Fecha%20Inicio%20(Desde)=05%2F11%2F2015+12%3A00%3A00+p%2Em%2E&lsS2.Fecha%20Fin%20(Hasta%2090%20d%C3%ADas)=05%2F11%2F2015+12%3A00%3A00+p%2Em%2E&lsMDepartamento=MUJER+SPORT&lsIDepartamento=%5B0CM%5FCDT3%5D%2E%5B0310201%5D
11-01-2017@11:11:02 INFO  (PalacioDownload.java:399)     - [-]Generación de archivo txt completa
11-01-2017@11:11:12 INFO  (Utileria.java:565)     - CHECKEXIST: Archivo no encontrado...comienza la generación/descarga del link/archivo
11-01-2017@11:11:12 INFO  (PalacioDownload.java:93)     - Comienza descarga de archivo palacio_06112015
11-01-2017@11:11:20 INFO  (PalacioDownload.java:295)     - URL! https://wdbop.palaciohierro.com.mx/BOE/OpenDocument/1609021408/AnalyticalReporting/opendoc/openDocument.jsp?iDocID=FknBR1Ccbw4AzHYAAEDZ5EQBAFBWvQBx&sIDType=CUID&sType=wid&lsS1.Fecha%20Inicio%20(Desde)=06%2F11%2F2015+12%3A00%3A00+p%2Em%2E&lsS2.Fecha%20Fin%20(Hasta%2090%20d%C3%ADas)=06%2F11%2F2015+12%3A00%3A00+p%2Em%2E&lsMDepartamento=MUJER+SPORT&lsIDepartamento=%5B0CM%5FCDT3%5D%2E%5B0310201%5D
11-01-2017@11:12:30 INFO  (PalacioDownload.java:399)     - [-]Generación de archivo txt completa
11-01-2017@11:12:40 INFO  (Utileria.java:565)     - CHECKEXIST: Archivo no encontrado...comienza la generación/descarga del link/archivo
11-01-2017@11:12:40 INFO  (PalacioDownload.java:93)     - Comienza descarga de archivo palacio_07112015
11-01-2017@11:12:48 INFO  (PalacioDownload.java:295)     - URL! https://wdbop.palaciohierro.com.mx/BOE/OpenDocument/1609021408/AnalyticalReporting/opendoc/openDocument.jsp?iDocID=FknBR1Ccbw4AzHYAAEDZ5EQBAFBWvQBx&sIDType=CUID&sType=wid&lsS1.Fecha%20Inicio%20(Desde)=07%2F11%2F2015+12%3A00%3A00+p%2Em%2E&lsS2.Fecha%20Fin%20(Hasta%2090%20d%C3%ADas)=07%2F11%2F2015+12%3A00%3A00+p%2Em%2E&lsMDepartamento=MUJER+SPORT&lsIDepartamento=%5B0CM%5FCDT3%5D%2E%5B0310201%5D
11-01-2017@11:13:57 INFO  (PalacioDownload.java:399)     - [-]Generación de archivo txt completa
11-01-2017@11:14:07 INFO  (Utileria.java:565)     - CHECKEXIST: Archivo no encontrado...comienza la generación/descarga del link/archivo
11-01-2017@11:14:07 INFO  (PalacioDownload.java:93)     - Comienza descarga de archivo palacio_08112015
11-01-2017@11:14:15 INFO  (PalacioDownload.java:295)     - URL! https://wdbop.palaciohierro.com.mx/BOE/OpenDocument/1609021408/AnalyticalReporting/opendoc/openDocument.jsp?iDocID=FknBR1Ccbw4AzHYAAEDZ5EQBAFBWvQBx&sIDType=CUID&sType=wid&lsS1.Fecha%20Inicio%20(Desde)=08%2F11%2F2015+12%3A00%3A00+p%2Em%2E&lsS2.Fecha%20Fin%20(Hasta%2090%20d%C3%ADas)=08%2F11%2F2015+12%3A00%3A00+p%2Em%2E&lsMDepartamento=MUJER+SPORT&lsIDepartamento=%5B0CM%5FCDT3%5D%2E%5B0310201%5D
11-01-2017@11:15:24 INFO  (PalacioDownload.java:399)     - [-]Generación de archivo txt completa
11-01-2017@11:15:34 INFO  (Utileria.java:565)     - CHECKEXIST: Archivo no encontrado...comienza la generación/descarga del link/archivo
11-01-2017@11:15:34 INFO  (PalacioDownload.java:93)     - Comienza descarga de archivo palacio_09112015
11-01-2017@11:15:42 INFO  (PalacioDownload.java:295)     - URL! https://wdbop.palaciohierro.com.mx/BOE/OpenDocument/1609021408/AnalyticalReporting/opendoc/openDocument.jsp?iDocID=FknBR1Ccbw4AzHYAAEDZ5EQBAFBWvQBx&sIDType=CUID&sType=wid&lsS1.Fecha%20Inicio%20(Desde)=09%2F11%2F2015+12%3A00%3A00+p%2Em%2E&lsS2.Fecha%20Fin%20(Hasta%2090%20d%C3%ADas)=09%2F11%2F2015+12%3A00%3A00+p%2Em%2E&lsMDepartamento=MUJER+SPORT&lsIDepartamento=%5B0CM%5FCDT3%5D%2E%5B0310201%5D
11-01-2017@11:16:50 INFO  (PalacioDownload.java:399)     - [-]Generación de archivo txt completa
11-01-2017@11:17:00 INFO  (Utileria.java:565)     - CHECKEXIST: Archivo no encontrado...comienza la generación/descarga del link/archivo
11-01-2017@11:17:00 INFO  (PalacioDownload.java:93)     - Comienza descarga de archivo palacio_10112015
11-01-2017@11:17:08 INFO  (PalacioDownload.java:295)     - URL! https://wdbop.palaciohierro.com.mx/BOE/OpenDocument/1609021408/AnalyticalReporting/opendoc/openDocument.jsp?iDocID=FknBR1Ccbw4AzHYAAEDZ5EQBAFBWvQBx&sIDType=CUID&sType=wid&lsS1.Fecha%20Inicio%20(Desde)=10%2F11%2F2015+12%3A00%3A00+p%2Em%2E&lsS2.Fecha%20Fin%20(Hasta%2090%20d%C3%ADas)=10%2F11%2F2015+12%3A00%3A00+p%2Em%2E&lsMDepartamento=MUJER+SPORT&lsIDepartamento=%5B0CM%5FCDT3%5D%2E%5B0310201%5D
11-01-2017@11:18:15 INFO  (PalacioDownload.java:399)     - [-]Generación de archivo txt completa
11-01-2017@11:18:25 INFO  (Utileria.java:565)     - CHECKEXIST: Archivo no encontrado...comienza la generación/descarga del link/archivo
11-01-2017@11:18:25 INFO  (PalacioDownload.java:93)     - Comienza descarga de archivo palacio_11112015
11-01-2017@11:18:33 INFO  (PalacioDownload.java:295)     - URL! https://wdbop.palaciohierro.com.mx/BOE/OpenDocument/1609021408/AnalyticalReporting/opendoc/openDocument.jsp?iDocID=FknBR1Ccbw4AzHYAAEDZ5EQBAFBWvQBx&sIDType=CUID&sType=wid&lsS1.Fecha%20Inicio%20(Desde)=11%2F11%2F2015+12%3A00%3A00+p%2Em%2E&lsS2.Fecha%20Fin%20(Hasta%2090%20d%C3%ADas)=11%2F11%2F2015+12%3A00%3A00+p%2Em%2E&lsMDepartamento=MUJER+SPORT&lsIDepartamento=%5B0CM%5FCDT3%5D%2E%5B0310201%5D
11-01-2017@11:19:42 INFO  (PalacioDownload.java:399)     - [-]Generación de archivo txt completa
11-01-2017@11:19:52 INFO  (Utileria.java:565)     - CHECKEXIST: Archivo no encontrado...comienza la generación/descarga del link/archivo
11-01-2017@11:19:52 INFO  (PalacioDownload.java:93)     - Comienza descarga de archivo palacio_12112015
11-01-2017@11:20:00 INFO  (PalacioDownload.java:295)     - URL! https://wdbop.palaciohierro.com.mx/BOE/OpenDocument/1609021408/AnalyticalReporting/opendoc/openDocument.jsp?iDocID=FknBR1Ccbw4AzHYAAEDZ5EQBAFBWvQBx&sIDType=CUID&sType=wid&lsS1.Fecha%20Inicio%20(Desde)=12%2F11%2F2015+12%3A00%3A00+p%2Em%2E&lsS2.Fecha%20Fin%20(Hasta%2090%20d%C3%ADas)=12%2F11%2F2015+12%3A00%3A00+p%2Em%2E&lsMDepartamento=MUJER+SPORT&lsIDepartamento=%5B0CM%5FCDT3%5D%2E%5B0310201%5D
11-01-2017@11:21:09 INFO  (PalacioDownload.java:399)     - [-]Generación de archivo txt completa
11-01-2017@11:21:19 INFO  (Utileria.java:565)     - CHECKEXIST: Archivo no encontrado...comienza la generación/descarga del link/archivo
11-01-2017@11:21:19 INFO  (PalacioDownload.java:93)     - Comienza descarga de archivo palacio_13112015
11-01-2017@11:21:27 INFO  (PalacioDownload.java:295)     - URL! https://wdbop.palaciohierro.com.mx/BOE/OpenDocument/1609021408/AnalyticalReporting/opendoc/openDocument.jsp?iDocID=FknBR1Ccbw4AzHYAAEDZ5EQBAFBWvQBx&sIDType=CUID&sType=wid&lsS1.Fecha%20Inicio%20(Desde)=13%2F11%2F2015+12%3A00%3A00+p%2Em%2E&lsS2.Fecha%20Fin%20(Hasta%2090%20d%C3%ADas)=13%2F11%2F2015+12%3A00%3A00+p%2Em%2E&lsMDepartamento=MUJER+SPORT&lsIDepartamento=%5B0CM%5FCDT3%5D%2E%5B0310201%5D
11-01-2017@11:22:39 INFO  (PalacioDownload.java:399)     - [-]Generación de archivo txt completa
11-01-2017@11:22:49 INFO  (Utileria.java:565)     - CHECKEXIST: Archivo no encontrado...comienza la generación/descarga del link/archivo
11-01-2017@11:22:49 INFO  (PalacioDownload.java:93)     - Comienza descarga de archivo palacio_14112015
11-01-2017@11:22:57 INFO  (PalacioDownload.java:295)     - URL! https://wdbop.palaciohierro.com.mx/BOE/OpenDocument/1609021408/AnalyticalReporting/opendoc/openDocument.jsp?iDocID=FknBR1Ccbw4AzHYAAEDZ5EQBAFBWvQBx&sIDType=CUID&sType=wid&lsS1.Fecha%20Inicio%20(Desde)=14%2F11%2F2015+12%3A00%3A00+p%2Em%2E&lsS2.Fecha%20Fin%20(Hasta%2090%20d%C3%ADas)=14%2F11%2F2015+12%3A00%3A00+p%2Em%2E&lsMDepartamento=MUJER+SPORT&lsIDepartamento=%5B0CM%5FCDT3%5D%2E%5B0310201%5D
11-01-2017@11:24:08 INFO  (PalacioDownload.java:399)     - [-]Generación de archivo txt completa
11-01-2017@11:24:18 INFO  (Utileria.java:565)     - CHECKEXIST: Archivo no encontrado...comienza la generación/descarga del link/archivo
11-01-2017@11:24:18 INFO  (PalacioDownload.java:93)     - Comienza descarga de archivo palacio_15112015
11-01-2017@11:24:26 INFO  (PalacioDownload.java:295)     - URL! https://wdbop.palaciohierro.com.mx/BOE/OpenDocument/1609021408/AnalyticalReporting/opendoc/openDocument.jsp?iDocID=FknBR1Ccbw4AzHYAAEDZ5EQBAFBWvQBx&sIDType=CUID&sType=wid&lsS1.Fecha%20Inicio%20(Desde)=15%2F11%2F2015+12%3A00%3A00+p%2Em%2E&lsS2.Fecha%20Fin%20(Hasta%2090%20d%C3%ADas)=15%2F11%2F2015+12%3A00%3A00+p%2Em%2E&lsMDepartamento=MUJER+SPORT&lsIDepartamento=%5B0CM%5FCDT3%5D%2E%5B0310201%5D
11-01-2017@11:25:36 INFO  (PalacioDownload.java:399)     - [-]Generación de archivo txt completa
11-01-2017@11:25:46 INFO  (Utileria.java:565)     - CHECKEXIST: Archivo no encontrado...comienza la generación/descarga del link/archivo
11-01-2017@11:25:46 INFO  (PalacioDownload.java:93)     - Comienza descarga de archivo palacio_16112015
11-01-2017@11:25:54 INFO  (PalacioDownload.java:295)     - URL! https://wdbop.palaciohierro.com.mx/BOE/OpenDocument/1609021408/AnalyticalReporting/opendoc/openDocument.jsp?iDocID=FknBR1Ccbw4AzHYAAEDZ5EQBAFBWvQBx&sIDType=CUID&sType=wid&lsS1.Fecha%20Inicio%20(Desde)=16%2F11%2F2015+12%3A00%3A00+p%2Em%2E&lsS2.Fecha%20Fin%20(Hasta%2090%20d%C3%ADas)=16%2F11%2F2015+12%3A00%3A00+p%2Em%2E&lsMDepartamento=MUJER+SPORT&lsIDepartamento=%5B0CM%5FCDT3%5D%2E%5B0310201%5D
11-01-2017@11:27:05 INFO  (PalacioDownload.java:399)     - [-]Generación de archivo txt completa
11-01-2017@11:27:15 INFO  (Utileria.java:565)     - CHECKEXIST: Archivo no encontrado...comienza la generación/descarga del link/archivo
11-01-2017@11:27:15 INFO  (PalacioDownload.java:93)     - Comienza descarga de archivo palacio_17112015
11-01-2017@11:27:23 INFO  (PalacioDownload.java:295)     - URL! https://wdbop.palaciohierro.com.mx/BOE/OpenDocument/1609021408/AnalyticalReporting/opendoc/openDocument.jsp?iDocID=FknBR1Ccbw4AzHYAAEDZ5EQBAFBWvQBx&sIDType=CUID&sType=wid&lsS1.Fecha%20Inicio%20(Desde)=17%2F11%2F2015+12%3A00%3A00+p%2Em%2E&lsS2.Fecha%20Fin%20(Hasta%2090%20d%C3%ADas)=17%2F11%2F2015+12%3A00%3A00+p%2Em%2E&lsMDepartamento=MUJER+SPORT&lsIDepartamento=%5B0CM%5FCDT3%5D%2E%5B0310201%5D
11-01-2017@11:28:51 INFO  (PalacioDownload.java:399)     - [-]Generación de archivo txt completa
11-01-2017@11:29:01 INFO  (Utileria.java:565)     - CHECKEXIST: Archivo no encontrado...comienza la generación/descarga del link/archivo
11-01-2017@11:29:01 INFO  (PalacioDownload.java:93)     - Comienza descarga de archivo palacio_18112015
11-01-2017@11:29:09 INFO  (PalacioDownload.java:295)     - URL! https://wdbop.palaciohierro.com.mx/BOE/OpenDocument/1609021408/AnalyticalReporting/opendoc/openDocument.jsp?iDocID=FknBR1Ccbw4AzHYAAEDZ5EQBAFBWvQBx&sIDType=CUID&sType=wid&lsS1.Fecha%20Inicio%20(Desde)=18%2F11%2F2015+12%3A00%3A00+p%2Em%2E&lsS2.Fecha%20Fin%20(Hasta%2090%20d%C3%ADas)=18%2F11%2F2015+12%3A00%3A00+p%2Em%2E&lsMDepartamento=MUJER+SPORT&lsIDepartamento=%5B0CM%5FCDT3%5D%2E%5B0310201%5D
11-01-2017@11:30:18 INFO  (PalacioDownload.java:399)     - [-]Generación de archivo txt completa
11-01-2017@11:30:28 INFO  (Utileria.java:565)     - CHECKEXIST: Archivo no encontrado...comienza la generación/descarga del link/archivo
11-01-2017@11:30:28 INFO  (PalacioDownload.java:93)     - Comienza descarga de archivo palacio_19112015
11-01-2017@11:30:36 INFO  (PalacioDownload.java:295)     - URL! https://wdbop.palaciohierro.com.mx/BOE/OpenDocument/1609021408/AnalyticalReporting/opendoc/openDocument.jsp?iDocID=FknBR1Ccbw4AzHYAAEDZ5EQBAFBWvQBx&sIDType=CUID&sType=wid&lsS1.Fecha%20Inicio%20(Desde)=19%2F11%2F2015+12%3A00%3A00+p%2Em%2E&lsS2.Fecha%20Fin%20(Hasta%2090%20d%C3%ADas)=19%2F11%2F2015+12%3A00%3A00+p%2Em%2E&lsMDepartamento=MUJER+SPORT&lsIDepartamento=%5B0CM%5FCDT3%5D%2E%5B0310201%5D
11-01-2017@11:32:03 INFO  (PalacioDownload.java:399)     - [-]Generación de archivo txt completa
11-01-2017@11:32:13 INFO  (Utileria.java:565)     - CHECKEXIST: Archivo no encontrado...comienza la generación/descarga del link/archivo
11-01-2017@11:32:13 INFO  (PalacioDownload.java:93)     - Comienza descarga de archivo palacio_20112015
11-01-2017@11:32:21 INFO  (PalacioDownload.java:295)     - URL! https://wdbop.palaciohierro.com.mx/BOE/OpenDocument/1609021408/AnalyticalReporting/opendoc/openDocument.jsp?iDocID=FknBR1Ccbw4AzHYAAEDZ5EQBAFBWvQBx&sIDType=CUID&sType=wid&lsS1.Fecha%20Inicio%20(Desde)=20%2F11%2F2015+12%3A00%3A00+p%2Em%2E&lsS2.Fecha%20Fin%20(Hasta%2090%20d%C3%ADas)=20%2F11%2F2015+12%3A00%3A00+p%2Em%2E&lsMDepartamento=MUJER+SPORT&lsIDepartamento=%5B0CM%5FCDT3%5D%2E%5B0310201%5D
11-01-2017@11:33:31 INFO  (PalacioDownload.java:399)     - [-]Generación de archivo txt completa
11-01-2017@11:33:41 INFO  (Utileria.java:565)     - CHECKEXIST: Archivo no encontrado...comienza la generación/descarga del link/archivo
11-01-2017@11:33:41 INFO  (PalacioDownload.java:93)     - Comienza descarga de archivo palacio_21112015
11-01-2017@11:33:49 INFO  (PalacioDownload.java:295)     - URL! https://wdbop.palaciohierro.com.mx/BOE/OpenDocument/1609021408/AnalyticalReporting/opendoc/openDocument.jsp?iDocID=FknBR1Ccbw4AzHYAAEDZ5EQBAFBWvQBx&sIDType=CUID&sType=wid&lsS1.Fecha%20Inicio%20(Desde)=21%2F11%2F2015+12%3A00%3A00+p%2Em%2E&lsS2.Fecha%20Fin%20(Hasta%2090%20d%C3%ADas)=21%2F11%2F2015+12%3A00%3A00+p%2Em%2E&lsMDepartamento=MUJER+SPORT&lsIDepartamento=%5B0CM%5FCDT3%5D%2E%5B0310201%5D
11-01-2017@11:34:58 INFO  (PalacioDownload.java:399)     - [-]Generación de archivo txt completa
11-01-2017@11:35:08 INFO  (Utileria.java:565)     - CHECKEXIST: Archivo no encontrado...comienza la generación/descarga del link/archivo
11-01-2017@11:35:08 INFO  (PalacioDownload.java:93)     - Comienza descarga de archivo palacio_22112015
11-01-2017@11:35:16 INFO  (PalacioDownload.java:295)     - URL! https://wdbop.palaciohierro.com.mx/BOE/OpenDocument/1609021408/AnalyticalReporting/opendoc/openDocument.jsp?iDocID=FknBR1Ccbw4AzHYAAEDZ5EQBAFBWvQBx&sIDType=CUID&sType=wid&lsS1.Fecha%20Inicio%20(Desde)=22%2F11%2F2015+12%3A00%3A00+p%2Em%2E&lsS2.Fecha%20Fin%20(Hasta%2090%20d%C3%ADas)=22%2F11%2F2015+12%3A00%3A00+p%2Em%2E&lsMDepartamento=MUJER+SPORT&lsIDepartamento=%5B0CM%5FCDT3%5D%2E%5B0310201%5D
11-01-2017@11:36:56 INFO  (PalacioDownload.java:399)     - [-]Generación de archivo txt completa
11-01-2017@11:37:06 INFO  (Utileria.java:565)     - CHECKEXIST: Archivo no encontrado...comienza la generación/descarga del link/archivo
11-01-2017@11:37:06 INFO  (PalacioDownload.java:93)     - Comienza descarga de archivo palacio_23112015
11-01-2017@11:37:14 INFO  (PalacioDownload.java:295)     - URL! https://wdbop.palaciohierro.com.mx/BOE/OpenDocument/1609021408/AnalyticalReporting/opendoc/openDocument.jsp?iDocID=FknBR1Ccbw4AzHYAAEDZ5EQBAFBWvQBx&sIDType=CUID&sType=wid&lsS1.Fecha%20Inicio%20(Desde)=23%2F11%2F2015+12%3A00%3A00+p%2Em%2E&lsS2.Fecha%20Fin%20(Hasta%2090%20d%C3%ADas)=23%2F11%2F2015+12%3A00%3A00+p%2Em%2E&lsMDepartamento=MUJER+SPORT&lsIDepartamento=%5B0CM%5FCDT3%5D%2E%5B0310201%5D
